Global seed set to 42
The tokenizer class you load from this checkpoint is not the same type as the class this function is called from. It may result in unexpected tokenization. 
The tokenizer class you load from this checkpoint is 'LongformerTokenizer'. 
The class this function is called from is 'RecformerTokenizer'.
Namespace(pretrain_ckpt='/home/admin/Elaine/RecFormer/pretrain_ckpt/recformer_seqrec_ckpt.bin', data_path='/home/admin/Elaine/RecFormer/finetune_data/dataset/meta/Appliances', output_dir='checkpoints', ckpt='best_model.bin', model_name_or_path='allenai/longformer-base-4096', train_file='train.json', dev_file='val.json', test_file='test.json', item2id_file='smap.json', meta_file='meta_data.json', preprocessing_num_workers=8, dataloader_num_workers=0, temp=0.05, num_train_epochs=128, gradient_accumulation_steps=8, finetune_negative_sample_size=-1, metric_ks=[10, 50], batch_size=16, learning_rate=5e-05, weight_decay=0, warmup_steps=100, device=0, fp16=True, fix_word_embedding=False, verbose=3)
[Preprocessor] Use cache: /home/admin/Elaine/RecFormer/finetune_data/dataset/meta/Appliances/preprocess/tokenized_items_Appliances
Successfully load 46 tokenized items.
[Item Embeddings] Use cache: /home/admin/Elaine/RecFormer/finetune_data/dataset/meta/Appliances/preprocess/tokenized_items_Appliances
Initalize item embeddings from vectors.

Evaluate:   0%|                                                              | 0/13 [00:00<?, ?it/s]/home/admin/anaconda3/envs/Recformer/lib/python3.10/site-packages/transformers/modeling_utils.py:862: FutureWarning: The `device` argument is deprecated and will be removed in v5 of Transformers.
  warnings.warn(

Evaluate:   8%|████▏                                                 | 1/13 [00:00<00:03,  3.47it/s]
Evaluate:  23%|████████████▍                                         | 3/13 [00:00<00:01,  8.47it/s]
Evaluate:  38%|████████████████████▊                                 | 5/13 [00:00<00:00, 11.41it/s]
Evaluate:  54%|█████████████████████████████                         | 7/13 [00:00<00:00, 13.29it/s]
Evaluate:  69%|█████████████████████████████████████▍                | 9/13 [00:00<00:00, 14.53it/s]
Evaluate:  85%|████████████████████████████████████████████▊        | 11/13 [00:00<00:00, 15.36it/s]
Evaluate: 100%|█████████████████████████████████████████████████████| 13/13 [00:00<00:00, 15.98it/s]
Evaluate: 100%|█████████████████████████████████████████████████████| 13/13 [00:00<00:00, 13.16it/s]
Test set: {'NDCG@10': 0.9610042755420392, 'Recall@10': 0.9610042755420392, 'NDCG@50': 0.9693829875725967, 'Recall@50': 1.0, 'MRR': 0.9626715871003958, 'AUC': 0.9780982870322007}
