Running on GPU 0


+---------------------------------------------------------------------------------------+
| NVIDIA-SMI 535.104.12             Driver Version: 535.104.12   CUDA Version: 12.2     |
|-----------------------------------------+----------------------+----------------------+
| GPU  Name                 Persistence-M | Bus-Id        Disp.A | Volatile Uncorr. ECC |
| Fan  Temp   Perf          Pwr:Usage/Cap |         Memory-Usage | GPU-Util  Compute M. |
|                                         |                      |               MIG M. |
|=========================================+======================+======================|
|   0  Tesla V100-PCIE-32GB           Off | 00000000:3B:00.0 Off |                    0 |
| N/A   28C    P0              39W / 250W |      4MiB / 32768MiB |      0%      Default |
|                                         |                      |                  N/A |
+-----------------------------------------+----------------------+----------------------+
|   1  Tesla V100-PCIE-32GB           Off | 00000000:AF:00.0 Off |                    0 |
| N/A   66C    P0             173W / 250W |  28198MiB / 32768MiB |     95%      Default |
|                                         |                      |                  N/A |
+-----------------------------------------+----------------------+----------------------+
|   2  Tesla V100-PCIE-32GB           Off | 00000000:D8:00.0 Off |                    0 |
| N/A   61C    P0             178W / 250W |  21412MiB / 32768MiB |     89%      Default |
|                                         |                      |                  N/A |
+-----------------------------------------+----------------------+----------------------+
                                                                                         
+---------------------------------------------------------------------------------------+
| Processes:                                                                            |
|  GPU   GI   CI        PID   Type   Process name                            GPU Memory |
|        ID   ID                                                             Usage      |
|=======================================================================================|
|    1   N/A  N/A    758869      C   python                                    28194MiB |
|    2   N/A  N/A    762057      C   python                                    21408MiB |
+---------------------------------------------------------------------------------------+



╒═════════════════════════════════════════════════════════════════════════════╕
│ NVITOP 1.3.1      Driver Version: 535.104.12      CUDA Driver Version: 12.2 │
├───────────────────────────────┬──────────────────────┬──────────────────────┤
│ GPU  Name        Persistence-M│ Bus-Id        Disp.A │ Volatile Uncorr. ECC │
│ Fan  Temp  Perf  Pwr:Usage/Cap│         Memory-Usage │ GPU-Util  Compute M. │
╞═══════════════════════════════╪══════════════════════╪══════════════════════╪═════════════════════════════════════════════════════════════════════════════════════════════════════════════════════════════════════════════════╕
│   0  ..a V100-PCIE-32GB  Off  │ 00000000:3B:00.0 Off │                    0 │ MEM: ▏ 0.0%                                                                                                                                     │
│ N/A   26C    P0    23W / 250W │   4.00MiB / 32.00GiB │      0%      Default │ UTL: ▏ 0%                                                                                                                                       │
├───────────────────────────────┼──────────────────────┼──────────────────────┼─────────────────────────────────────────────────────────────────────────────────────────────────────────────────────────────────────────────────┤
│   1  ..a V100-PCIE-32GB  Off  │ 00000000:AF:00.0 Off │                    0 │ MEM: ███████████████████████████████████████████████████████████████████████████████████████████████████████████████████▍ 86.1%                 │
│ N/A   66C    P0   239W / 250W │  27.54GiB / 32.00GiB │     94%      Default │ UTL: ██████████████████████████████████████████████████████████████████████████████████████████████████████████████████████████████ 94%         │
├───────────────────────────────┼──────────────────────┼──────────────────────┼─────────────────────────────────────────────────────────────────────────────────────────────────────────────────────────────────────────────────┤
│   2  ..a V100-PCIE-32GB  Off  │ 00000000:D8:00.0 Off │                    0 │ MEM: ███████████████████████████████████████████████████████████████████████████████████████▌ 65.3%                                             │
│ N/A   61C    P0   192W / 250W │  20.91GiB / 32.00GiB │     87%      Default │ UTL: ████████████████████████████████████████████████████████████████████████████████████████████████████████████████████▋ 87%                  │
╘═══════════════════════════════╧══════════════════════╧══════════════════════╧═════════════════════════════════════════════════════════════════════════════════════════════════════════════════════════════════════════════════╛
[ CPU: ███████████████ 8.6%                                                                                                                                               UPTIME: 5.4 days ]  ( Load Average:  2.25  2.27  2.34 )
[ MEM: ██████████▏ 5.8%                                                                                                                                                     USED: 12.76GiB ]  [ SWP: ▏ 0.0%                     ]

╒═══════════════════════════════════════════════════════════════════════════════════════════════════════════════════════════════════════════════════════════════════════════════════════════════════════════════════════════════╕
│ Processes:                                                                                                                                                                                                        admin@lablinux │
│ GPU     PID      USER  GPU-MEM %SM  %CPU  %MEM   TIME  COMMAND                                                                                                                                                                │
╞═══════════════════════════════════════════════════════════════════════════════════════════════════════════════════════════════════════════════════════════════════════════════════════════════════════════════════════════════╡
│   0  764422 C      admin 12.00MiB   0  77.5   0.7   0:08  python zero-shot.py --pretrain_ckpt /home/admin/Elaine/RecFormer/pretrain_ckpt/recformer_seqrec_ckpt.bin --data_path /home/admin/Elaine/RecFormer/finetune_data/dataset/me.. │
├───────────────────────────────────────────────────────────────────────────────────────────────────────────────────────────────────────────────────────────────────────────────────────────────────────────────────────────────┤
│   1  758869 C      admin 27.53GiB  94 120.4   1.5  49:05  python zero-shot.py --pretrain_ckpt /home/admin/Elaine/RecFormer/pretrain_ckpt/recformer_seqrec_ckpt.bin --data_path /home/admin/Elaine/RecFormer/finetune_data/dataset/me.. │
├───────────────────────────────────────────────────────────────────────────────────────────────────────────────────────────────────────────────────────────────────────────────────────────────────────────────────────────────┤
│   2  762057 C      admin 20.91GiB  89  61.9   1.2  20:40  python zero-shot.py --pretrain_ckpt /home/admin/Elaine/RecFormer/pretrain_ckpt/recformer_seqrec_ckpt.bin --data_path /home/admin/Elaine/RecFormer/finetune_data/dataset/me.. │
╘═══════════════════════════════════════════════════════════════════════════════════════════════════════════════════════════════════════════════════════════════════════════════════════════════════════════════════════════════╛


[0] Tesla V100-PCIE-32GB | 26°C,   0 % |     4 / 32768 MB |
[1] Tesla V100-PCIE-32GB | 66°C,  91 % | 28198 / 32768 MB | admin(28194M)
[2] Tesla V100-PCIE-32GB | 61°C,  89 % | 21412 / 32768 MB | admin(21408M)