Running on GPU 0

+---------------------------------------------------------------------------------------+
| NVIDIA-SMI 535.104.12             Driver Version: 535.104.12   CUDA Version: 12.2     |
|-----------------------------------------+----------------------+----------------------+
| GPU  Name                 Persistence-M | Bus-Id        Disp.A | Volatile Uncorr. ECC |
| Fan  Temp   Perf          Pwr:Usage/Cap |         Memory-Usage | GPU-Util  Compute M. |
|                                         |                      |               MIG M. |
|=========================================+======================+======================|
|   0  Tesla V100-PCIE-32GB           Off | 00000000:3B:00.0 Off |                    0 |
| N/A   29C    P0             105W / 250W |   1066MiB / 32768MiB |     42%      Default |
|                                         |                      |                  N/A |
+-----------------------------------------+----------------------+----------------------+
|   1  Tesla V100-PCIE-32GB           Off | 00000000:AF:00.0 Off |                    0 |
| N/A   65C    P0             125W / 250W |  28198MiB / 32768MiB |     90%      Default |
|                                         |                      |                  N/A |
+-----------------------------------------+----------------------+----------------------+
|   2  Tesla V100-PCIE-32GB           Off | 00000000:D8:00.0 Off |                    0 |
| N/A   33C    P0              24W / 250W |      4MiB / 32768MiB |      0%      Default |
|                                         |                      |                  N/A |
+-----------------------------------------+----------------------+----------------------+
                                                                                         
+---------------------------------------------------------------------------------------+
| Processes:                                                                            |
|  GPU   GI   CI        PID   Type   Process name                            GPU Memory |
|        ID   ID                                                             Usage      |
|=======================================================================================|
|    0   N/A  N/A    766660      C   python                                     1062MiB |
|    1   N/A  N/A    758869      C   python                                    28194MiB |
+---------------------------------------------------------------------------------------+



╒═════════════════════════════════════════════════════════════════════════════╕
│ NVITOP 1.3.1      Driver Version: 535.104.12      CUDA Driver Version: 12.2 │
├───────────────────────────────┬──────────────────────┬──────────────────────┤
│ GPU  Name        Persistence-M│ Bus-Id        Disp.A │ Volatile Uncorr. ECC │
│ Fan  Temp  Perf  Pwr:Usage/Cap│         Memory-Usage │ GPU-Util  Compute M. │
╞═══════════════════════════════╪══════════════════════╪══════════════════════╪═════════════════════════════════════════════════════════════════════════════════════════════════════════════════════════════════════════════════╕
│   0  ..a V100-PCIE-32GB  Off  │ 00000000:3B:00.0 Off │                    0 │ MEM: ████ 3.0%                                                                                                                                  │
│ N/A   27C    P0    23W / 250W │  994.0MiB / 32.00GiB │     11%      Default │ UTL: ██████████████▊ 11%                                                                                                                        │
├───────────────────────────────┼──────────────────────┼──────────────────────┼─────────────────────────────────────────────────────────────────────────────────────────────────────────────────────────────────────────────────┤
│   1  ..a V100-PCIE-32GB  Off  │ 00000000:AF:00.0 Off │                    0 │ MEM: ███████████████████████████████████████████████████████████████████████████████████████████████████████████████████▍ 86.1%                 │
│ N/A   65C    P0   209W / 250W │  27.54GiB / 32.00GiB │     93%      Default │ UTL: ████████████████████████████████████████████████████████████████████████████████████████████████████████████████████████████▋ 93%          │
├───────────────────────────────┼──────────────────────┼──────────────────────┼─────────────────────────────────────────────────────────────────────────────────────────────────────────────────────────────────────────────────┤
│   2  ..a V100-PCIE-32GB  Off  │ 00000000:D8:00.0 Off │                    0 │ MEM: ▏ 0.0%                                                                                                                                     │
│ N/A   31C    P0    24W / 250W │   4.00MiB / 32.00GiB │      0%      Default │ UTL: ▏ 0%                                                                                                                                       │
╘═══════════════════════════════╧══════════════════════╧══════════════════════╧═════════════════════════════════════════════════════════════════════════════════════════════════════════════════════════════════════════════════╛
[ CPU: ████████▋ 4.9%                                                                                                                                                     UPTIME: 5.4 days ]  ( Load Average:  1.57  1.69  1.97 )
[ MEM: ████████▋ 4.9%                                                                                                                                                       USED: 10.38GiB ]  [ SWP: ▏ 0.0%                     ]

╒═══════════════════════════════════════════════════════════════════════════════════════════════════════════════════════════════════════════════════════════════════════════════════════════════════════════════════════════════╕
│ Processes:                                                                                                                                                                                                        admin@lablinux │
│ GPU     PID      USER  GPU-MEM %SM  %CPU  %MEM     TIME  COMMAND                                                                                                                                                              │
╞═══════════════════════════════════════════════════════════════════════════════════════════════════════════════════════════════════════════════════════════════════════════════════════════════════════════════════════════════╡
│   1  758869 C      admin 27.53GiB  94  99.7   1.5  1:00:17  python zero-shot.py --pretrain_ckpt /home/admin/Elaine/RecFormer/pretrain_ckpt/recformer_seqrec_ckpt.bin --data_path /home/admin/Elaine/RecFormer/finetune_data/dataset/.. │
╘═══════════════════════════════════════════════════════════════════════════════════════════════════════════════════════════════════════════════════════════════════════════════════════════════════════════════════════════════╛



[0] Tesla V100-PCIE-32GB | 28°C,   9 % |   634 / 32768 MB | admin(630M)
[1] Tesla V100-PCIE-32GB | 66°C,  95 % | 28198 / 32768 MB | admin(28194M)
[2] Tesla V100-PCIE-32GB | 31°C,   0 % |     4 / 32768 MB |