Running on GPU 0

╒═════════════════════════════════════════════════════════════════════════════╕
│ NVITOP 1.3.1      Driver Version: 535.104.12      CUDA Driver Version: 12.2 │
├───────────────────────────────┬──────────────────────┬──────────────────────┤
│ GPU  Name        Persistence-M│ Bus-Id        Disp.A │ Volatile Uncorr. ECC │
│ Fan  Temp  Perf  Pwr:Usage/Cap│         Memory-Usage │ GPU-Util  Compute M. │
╞═══════════════════════════════╪══════════════════════╪══════════════════════╪═════════════════════════════════════════════════════════════════════════════════════════════════════════════════════════════════════════════════╕
│   0  ..a V100-PCIE-32GB  Off  │ 00000000:3B:00.0 Off │                    0 │ MEM: ██████▏ 4.6%                                                                                                                               │
│ N/A   34C    P0   118W / 250W │   1498MiB / 32.00GiB │     53%      Default │ UTL: ███████████████████████████████████████████████████████████████████████ 53%                                                                │
├───────────────────────────────┼──────────────────────┼──────────────────────┼─────────────────────────────────────────────────────────────────────────────────────────────────────────────────────────────────────────────────┤
│   1  ..a V100-PCIE-32GB  Off  │ 00000000:AF:00.0 Off │                    0 │ MEM: ▏ 0.0%                                                                                                                                     │
│ N/A   29C    P0    23W / 250W │   4.00MiB / 32.00GiB │      0%      Default │ UTL: ▏ 0%                                                                                                                                       │
├───────────────────────────────┼──────────────────────┼──────────────────────┼─────────────────────────────────────────────────────────────────────────────────────────────────────────────────────────────────────────────────┤
│   2  ..a V100-PCIE-32GB  Off  │ 00000000:D8:00.0 Off │                    0 │ MEM: ▏ 0.0%                                                                                                                                     │
│ N/A   30C    P0    24W / 250W │   4.00MiB / 32.00GiB │      0%      Default │ UTL: ▏ 0%                                                                                                                                       │
╘═══════════════════════════════╧══════════════════════╧══════════════════════╧═════════════════════════════════════════════════════════════════════════════════════════════════════════════════════════════════════════════════╛
[ CPU: █████▍ 3.1%                                                                                                                                                        UPTIME: 5.7 days ]  ( Load Average:  0.57  1.11  1.33 )
[ MEM: ██████▌ 3.7%                                                                                                                                                          USED: 7.38GiB ]  [ SWP: ▏ 0.0%                     ]

╒═══════════════════════════════════════════════════════════════════════════════════════════════════════════════════════════════════════════════════════════════════════════════════════════════════════════════════════════════╕
│ Processes:                                                                                                                                                                                                        admin@lablinux │
│ GPU     PID      USER  GPU-MEM %SM  %CPU  %MEM  TIME  COMMAND                                                                                                                                                                 │
╞═══════════════════════════════════════════════════════════════════════════════════════════════════════════════════════════════════════════════════════════════════════════════════════════════════════════════════════════════╡
│   0  811021 C      admin  1494MiB  53 100.2   1.1  0:17  python zero-shot.py --pretrain_ckpt /home/admin/Elaine/RecFormer/pretrain_ckpt/recformer_seqrec_ckpt.bin --data_path /home/admin/Elaine/RecFormer/finetune_data/dataset/met.. │
╘═══════════════════════════════════════════════════════════════════════════════════════════════════════════════════════════════════════════════════════════════════════════════════════════════════════════════════════════════╛