(Recformer) admin@lablinux:~/Elaine/RecFormer$ time python zero-shot.py --pretrain_ckpt /home/admin/Elaine/RecFormer/pretrain_ckpt/recformer_seqrec_ckpt.bin --data_path /home/admin/Elaine/RecFormer/finetune_data/dataset/meta/Digital --num_train_epochs 128 --batch_size 16 --device 0 --fp16 --finetune_negative_sample_size -1 > /home/admin/Elaine/RecFormer/zeroShot_I/Digital.log 2>&1

real    1m4.149s
user    1m6.104s
sys     0m7.150s

Global seed set to 42
The tokenizer class you load from this checkpoint is not the same type as the class this function is called from. It may result in unexpected tokenization. 
The tokenizer class you load from this checkpoint is 'LongformerTokenizer'. 
The class this function is called from is 'RecformerTokenizer'.
Namespace(pretrain_ckpt='/home/admin/Elaine/RecFormer/pretrain_ckpt/recformer_seqrec_ckpt.bin', data_path='/home/admin/Elaine/RecFormer/finetune_data/dataset/meta/Digital', output_dir='checkpoints', ckpt='best_model.bin', model_name_or_path='allenai/longformer-base-4096', train_file='train.json', dev_file='val.json', test_file='test.json', item2id_file='smap.json', meta_file='meta_data.json', preprocessing_num_workers=8, dataloader_num_workers=0, temp=0.05, num_train_epochs=128, gradient_accumulation_steps=8, finetune_negative_sample_size=-1, metric_ks=[10, 50], batch_size=16, learning_rate=5e-05, weight_decay=0, warmup_steps=100, device=0, fp16=True, fix_word_embedding=False, verbose=3)
Loading attribute data /home/admin/Elaine/RecFormer/finetune_data/dataset/meta/Digital

[Tokenize] /home/admin/Elaine/RecFormer/finetune_data/dataset/meta/Digital:   0%| | 0/9631 [00:00<?, ?i
[Tokenize] /home/admin/Elaine/RecFormer/finetune_data/dataset/meta/Digital:  11%| | 1064/9631 [00:00<00
[Tokenize] /home/admin/Elaine/RecFormer/finetune_data/dataset/meta/Digital:  28%|▎| 2661/9631 [00:00<00
[Tokenize] /home/admin/Elaine/RecFormer/finetune_data/dataset/meta/Digital:  44%|▍| 4252/9631 [00:00<00
[Tokenize] /home/admin/Elaine/RecFormer/finetune_data/dataset/meta/Digital:  59%|▌| 5724/9631 [00:00<00
[Tokenize] /home/admin/Elaine/RecFormer/finetune_data/dataset/meta/Digital:  80%|▊| 7659/9631 [00:00<00
[Tokenize] /home/admin/Elaine/RecFormer/finetune_data/dataset/meta/Digital: 100%|█| 9631/9631 [00:00<00
Successfully load 9631 tokenized items.
Encoding items.

Encode all items:   0%|                                                     | 0/602 [00:00<?, ?it/s]/home/admin/anaconda3/envs/Recformer/lib/python3.10/site-packages/transformers/modeling_utils.py:862: FutureWarning: The `device` argument is deprecated and will be removed in v5 of Transformers.
  warnings.warn(

Encode all items:   0%|                                             | 1/602 [00:00<02:47,  3.58it/s]
Encode all items:   0%|▏                                            | 3/602 [00:00<01:09,  8.63it/s]
Encode all items:   1%|▎                                            | 5/602 [00:00<00:51, 11.61it/s]
Encode all items:   1%|▌                                            | 7/602 [00:00<00:44, 13.50it/s]
Encode all items:   1%|▋                                            | 9/602 [00:00<00:40, 14.74it/s]
Encode all items:   2%|▊                                           | 11/602 [00:00<00:37, 15.57it/s]
Encode all items:   2%|▉                                           | 13/602 [00:00<00:36, 16.09it/s]
Encode all items:   2%|█                                           | 15/602 [00:01<00:35, 16.51it/s]
Encode all items:   3%|█▏                                          | 17/602 [00:01<00:34, 16.79it/s]
Encode all items:   3%|█▍                                          | 19/602 [00:01<00:34, 16.99it/s]
Encode all items:   3%|█▌                                          | 21/602 [00:01<00:33, 17.13it/s]
Encode all items:   4%|█▋                                          | 23/602 [00:01<00:33, 17.23it/s]
Encode all items:   4%|█▊                                          | 25/602 [00:01<00:33, 17.22it/s]
Encode all items:   4%|█▉                                          | 27/602 [00:01<00:33, 17.30it/s]
Encode all items:   5%|██                                          | 29/602 [00:01<00:33, 17.34it/s]
Encode all items:   5%|██▎                                         | 31/602 [00:02<00:32, 17.39it/s]
Encode all items:   5%|██▍                                         | 33/602 [00:02<00:32, 17.41it/s]
Encode all items:   6%|██▌                                         | 35/602 [00:02<00:32, 17.33it/s]
Encode all items:   6%|██▋                                         | 37/602 [00:02<00:32, 17.37it/s]
Encode all items:   6%|██▊                                         | 39/602 [00:02<00:32, 17.41it/s]
Encode all items:   7%|██▉                                         | 41/602 [00:02<00:32, 17.42it/s]
Encode all items:   7%|███▏                                        | 43/602 [00:02<00:32, 17.44it/s]
Encode all items:   7%|███▎                                        | 45/602 [00:02<00:31, 17.42it/s]
Encode all items:   8%|███▍                                        | 47/602 [00:02<00:31, 17.37it/s]
Encode all items:   8%|███▌                                        | 49/602 [00:03<00:31, 17.40it/s]
Encode all items:   8%|███▋                                        | 51/602 [00:03<00:31, 17.42it/s]
Encode all items:   9%|███▊                                        | 53/602 [00:03<00:31, 17.43it/s]
Encode all items:   9%|████                                        | 55/602 [00:03<00:31, 17.45it/s]
Encode all items:   9%|████▏                                       | 57/602 [00:03<00:31, 17.37it/s]
Encode all items:  10%|████▎                                       | 59/602 [00:03<00:31, 17.41it/s]
Encode all items:  10%|████▍                                       | 61/602 [00:03<00:31, 17.41it/s]
Encode all items:  10%|████▌                                       | 63/602 [00:03<00:30, 17.44it/s]
Encode all items:  11%|████▊                                       | 65/602 [00:03<00:30, 17.44it/s]
Encode all items:  11%|████▉                                       | 67/602 [00:04<00:30, 17.46it/s]
Encode all items:  11%|█████                                       | 69/602 [00:04<00:30, 17.36it/s]
Encode all items:  12%|█████▏                                      | 71/602 [00:04<00:30, 17.40it/s]
Encode all items:  12%|█████▎                                      | 73/602 [00:04<00:30, 17.40it/s]
Encode all items:  12%|█████▍                                      | 75/602 [00:04<00:30, 17.42it/s]
Encode all items:  13%|█████▋                                      | 77/602 [00:04<00:30, 17.39it/s]
Encode all items:  13%|█████▊                                      | 79/602 [00:04<00:30, 17.37it/s]
Encode all items:  13%|█████▉                                      | 81/602 [00:04<00:29, 17.38it/s]
Encode all items:  14%|██████                                      | 83/602 [00:04<00:29, 17.41it/s]
Encode all items:  14%|██████▏                                     | 85/602 [00:05<00:29, 17.40it/s]
Encode all items:  14%|██████▎                                     | 87/602 [00:05<00:29, 17.41it/s]
Encode all items:  15%|██████▌                                     | 89/602 [00:05<00:29, 17.42it/s]
Encode all items:  15%|██████▋                                     | 91/602 [00:05<00:29, 17.44it/s]
Encode all items:  15%|██████▊                                     | 93/602 [00:05<00:29, 17.44it/s]
Encode all items:  16%|██████▉                                     | 95/602 [00:05<00:29, 17.45it/s]
Encode all items:  16%|███████                                     | 97/602 [00:05<00:28, 17.44it/s]
Encode all items:  16%|███████▏                                    | 99/602 [00:05<00:28, 17.46it/s]
Encode all items:  17%|███████▏                                   | 101/602 [00:06<00:28, 17.46it/s]
Encode all items:  17%|███████▎                                   | 103/602 [00:06<00:28, 17.47it/s]
Encode all items:  17%|███████▌                                   | 105/602 [00:06<00:28, 17.46it/s]
Encode all items:  18%|███████▋                                   | 107/602 [00:06<00:28, 17.47it/s]
Encode all items:  18%|███████▊                                   | 109/602 [00:06<00:28, 17.42it/s]
Encode all items:  18%|███████▉                                   | 111/602 [00:06<00:28, 17.44it/s]
Encode all items:  19%|████████                                   | 113/602 [00:06<00:28, 17.44it/s]
Encode all items:  19%|████████▏                                  | 115/602 [00:06<00:27, 17.46it/s]
Encode all items:  19%|████████▎                                  | 117/602 [00:06<00:27, 17.45it/s]
Encode all items:  20%|████████▌                                  | 119/602 [00:07<00:27, 17.46it/s]
Encode all items:  20%|████████▋                                  | 121/602 [00:07<00:27, 17.45it/s]
Encode all items:  20%|████████▊                                  | 123/602 [00:07<00:27, 17.43it/s]
Encode all items:  21%|████████▉                                  | 125/602 [00:07<00:27, 17.42it/s]
Encode all items:  21%|█████████                                  | 127/602 [00:07<00:27, 17.44it/s]
Encode all items:  21%|█████████▏                                 | 129/602 [00:07<00:27, 17.44it/s]
Encode all items:  22%|█████████▎                                 | 131/602 [00:07<00:26, 17.45it/s]
Encode all items:  22%|█████████▌                                 | 133/602 [00:07<00:26, 17.44it/s]
Encode all items:  22%|█████████▋                                 | 135/602 [00:07<00:26, 17.46it/s]
Encode all items:  23%|█████████▊                                 | 137/602 [00:08<00:26, 17.34it/s]
Encode all items:  23%|█████████▉                                 | 139/602 [00:08<00:26, 17.38it/s]
Encode all items:  23%|██████████                                 | 141/602 [00:08<00:26, 17.39it/s]
Encode all items:  24%|██████████▏                                | 143/602 [00:08<00:26, 17.42it/s]
Encode all items:  24%|██████████▎                                | 145/602 [00:08<00:26, 17.42it/s]
Encode all items:  24%|██████████▌                                | 147/602 [00:08<00:26, 17.43it/s]
Encode all items:  25%|██████████▋                                | 149/602 [00:08<00:25, 17.43it/s]
Encode all items:  25%|██████████▊                                | 151/602 [00:08<00:25, 17.36it/s]
Encode all items:  25%|██████████▉                                | 153/602 [00:09<00:25, 17.38it/s]
Encode all items:  26%|███████████                                | 155/602 [00:09<00:25, 17.42it/s]
Encode all items:  26%|███████████▏                               | 157/602 [00:09<00:25, 17.42it/s]
Encode all items:  26%|███████████▎                               | 159/602 [00:09<00:25, 17.43it/s]
Encode all items:  27%|███████████▍                               | 161/602 [00:09<00:25, 17.43it/s]
Encode all items:  27%|███████████▋                               | 163/602 [00:09<00:25, 17.43it/s]
Encode all items:  27%|███████████▊                               | 165/602 [00:09<00:25, 17.42it/s]
Encode all items:  28%|███████████▉                               | 167/602 [00:09<00:24, 17.44it/s]
Encode all items:  28%|████████████                               | 169/602 [00:09<00:24, 17.43it/s]
Encode all items:  28%|████████████▏                              | 171/602 [00:10<00:24, 17.44it/s]
Encode all items:  29%|████████████▎                              | 173/602 [00:10<00:24, 17.42it/s]
Encode all items:  29%|████████████▌                              | 175/602 [00:10<00:24, 17.43it/s]
Encode all items:  29%|████████████▋                              | 177/602 [00:10<00:24, 17.42it/s]
Encode all items:  30%|████████████▊                              | 179/602 [00:10<00:24, 17.44it/s]
Encode all items:  30%|████████████▉                              | 181/602 [00:10<00:24, 17.44it/s]
Encode all items:  30%|█████████████                              | 183/602 [00:10<00:24, 17.45it/s]
Encode all items:  31%|█████████████▏                             | 185/602 [00:10<00:23, 17.45it/s]
Encode all items:  31%|█████████████▎                             | 187/602 [00:10<00:23, 17.46it/s]
Encode all items:  31%|█████████████▌                             | 189/602 [00:11<00:23, 17.46it/s]
Encode all items:  32%|█████████████▋                             | 191/602 [00:11<00:23, 17.44it/s]
Encode all items:  32%|█████████████▊                             | 193/602 [00:11<00:23, 17.44it/s]
Encode all items:  32%|█████████████▉                             | 195/602 [00:11<00:23, 17.46it/s]
Encode all items:  33%|██████████████                             | 197/602 [00:11<00:23, 17.45it/s]
Encode all items:  33%|██████████████▏                            | 199/602 [00:11<00:23, 17.46it/s]
Encode all items:  33%|██████████████▎                            | 201/602 [00:11<00:22, 17.46it/s]
Encode all items:  34%|██████████████▌                            | 203/602 [00:11<00:22, 17.45it/s]
Encode all items:  34%|██████████████▋                            | 205/602 [00:11<00:22, 17.44it/s]
Encode all items:  34%|██████████████▊                            | 207/602 [00:12<00:22, 17.46it/s]
Encode all items:  35%|██████████████▉                            | 209/602 [00:12<00:22, 17.41it/s]
Encode all items:  35%|███████████████                            | 211/602 [00:12<00:22, 17.44it/s]
Encode all items:  35%|███████████████▏                           | 213/602 [00:12<00:22, 17.45it/s]
Encode all items:  36%|███████████████▎                           | 215/602 [00:12<00:22, 17.47it/s]
Encode all items:  36%|███████████████▍                           | 217/602 [00:12<00:22, 17.39it/s]
Encode all items:  36%|███████████████▋                           | 219/602 [00:12<00:21, 17.41it/s]
Encode all items:  37%|███████████████▊                           | 221/602 [00:12<00:21, 17.42it/s]
Encode all items:  37%|███████████████▉                           | 223/602 [00:13<00:21, 17.45it/s]
Encode all items:  37%|████████████████                           | 225/602 [00:13<00:21, 17.45it/s]
Encode all items:  38%|████████████████▏                          | 227/602 [00:13<00:21, 17.47it/s]
Encode all items:  38%|████████████████▎                          | 229/602 [00:13<00:21, 17.46it/s]
Encode all items:  38%|████████████████▌                          | 231/602 [00:13<00:21, 17.41it/s]
Encode all items:  39%|████████████████▋                          | 233/602 [00:13<00:21, 17.42it/s]
Encode all items:  39%|████████████████▊                          | 235/602 [00:13<00:21, 17.45it/s]
Encode all items:  39%|████████████████▉                          | 237/602 [00:13<00:20, 17.44it/s]
Encode all items:  40%|█████████████████                          | 239/602 [00:13<00:20, 17.46it/s]
Encode all items:  40%|█████████████████▏                         | 241/602 [00:14<00:20, 17.46it/s]
Encode all items:  40%|█████████████████▎                         | 243/602 [00:14<00:20, 17.47it/s]
Encode all items:  41%|█████████████████▌                         | 245/602 [00:14<00:20, 17.47it/s]
Encode all items:  41%|█████████████████▋                         | 247/602 [00:14<00:20, 17.42it/s]
Encode all items:  41%|█████████████████▊                         | 249/602 [00:14<00:20, 17.43it/s]
Encode all items:  42%|█████████████████▉                         | 251/602 [00:14<00:20, 17.45it/s]
Encode all items:  42%|██████████████████                         | 253/602 [00:14<00:20, 17.45it/s]
Encode all items:  42%|██████████████████▏                        | 255/602 [00:14<00:19, 17.46it/s]
Encode all items:  43%|██████████████████▎                        | 257/602 [00:14<00:19, 17.45it/s]
Encode all items:  43%|██████████████████▌                        | 259/602 [00:15<00:19, 17.46it/s]
Encode all items:  43%|██████████████████▋                        | 261/602 [00:15<00:19, 17.43it/s]
Encode all items:  44%|██████████████████▊                        | 263/602 [00:15<00:19, 17.42it/s]
Encode all items:  44%|██████████████████▉                        | 265/602 [00:15<00:19, 17.43it/s]
Encode all items:  44%|███████████████████                        | 267/602 [00:15<00:19, 17.45it/s]
Encode all items:  45%|███████████████████▏                       | 269/602 [00:15<00:19, 17.44it/s]
Encode all items:  45%|███████████████████▎                       | 271/602 [00:15<00:18, 17.45it/s]
Encode all items:  45%|███████████████████▌                       | 273/602 [00:15<00:18, 17.44it/s]
Encode all items:  46%|███████████████████▋                       | 275/602 [00:16<00:18, 17.46it/s]
Encode all items:  46%|███████████████████▊                       | 277/602 [00:16<00:18, 17.45it/s]
Encode all items:  46%|███████████████████▉                       | 279/602 [00:16<00:18, 17.44it/s]
Encode all items:  47%|████████████████████                       | 281/602 [00:16<00:18, 17.43it/s]
Encode all items:  47%|████████████████████▏                      | 283/602 [00:16<00:18, 17.43it/s]
Encode all items:  47%|████████████████████▎                      | 285/602 [00:16<00:18, 17.41it/s]
Encode all items:  48%|████████████████████▌                      | 287/602 [00:16<00:18, 17.43it/s]
Encode all items:  48%|████████████████████▋                      | 289/602 [00:16<00:17, 17.43it/s]
Encode all items:  48%|████████████████████▊                      | 291/602 [00:16<00:17, 17.44it/s]
Encode all items:  49%|████████████████████▉                      | 293/602 [00:17<00:17, 17.44it/s]
Encode all items:  49%|█████████████████████                      | 295/602 [00:17<00:17, 17.43it/s]
Encode all items:  49%|█████████████████████▏                     | 297/602 [00:17<00:17, 17.43it/s]
Encode all items:  50%|█████████████████████▎                     | 299/602 [00:17<00:17, 17.44it/s]
Encode all items:  50%|█████████████████████▌                     | 301/602 [00:17<00:17, 17.43it/s]
Encode all items:  50%|█████████████████████▋                     | 303/602 [00:17<00:17, 17.44it/s]
Encode all items:  51%|█████████████████████▊                     | 305/602 [00:17<00:17, 17.44it/s]
Encode all items:  51%|█████████████████████▉                     | 307/602 [00:17<00:16, 17.45it/s]
Encode all items:  51%|██████████████████████                     | 309/602 [00:17<00:16, 17.43it/s]
Encode all items:  52%|██████████████████████▏                    | 311/602 [00:18<00:16, 17.43it/s]
Encode all items:  52%|██████████████████████▎                    | 313/602 [00:18<00:16, 17.44it/s]
Encode all items:  52%|██████████████████████▌                    | 315/602 [00:18<00:16, 17.45it/s]
Encode all items:  53%|██████████████████████▋                    | 317/602 [00:18<00:16, 17.45it/s]
Encode all items:  53%|██████████████████████▊                    | 319/602 [00:18<00:16, 17.46it/s]
Encode all items:  53%|██████████████████████▉                    | 321/602 [00:18<00:16, 17.46it/s]
Encode all items:  54%|███████████████████████                    | 323/602 [00:18<00:15, 17.46it/s]
Encode all items:  54%|███████████████████████▏                   | 325/602 [00:18<00:15, 17.45it/s]
Encode all items:  54%|███████████████████████▎                   | 327/602 [00:18<00:15, 17.44it/s]
Encode all items:  55%|███████████████████████▌                   | 329/602 [00:19<00:15, 17.44it/s]
Encode all items:  55%|███████████████████████▋                   | 331/602 [00:19<00:15, 17.46it/s]
Encode all items:  55%|███████████████████████▊                   | 333/602 [00:19<00:15, 17.45it/s]
Encode all items:  56%|███████████████████████▉                   | 335/602 [00:19<00:15, 17.46it/s]
Encode all items:  56%|████████████████████████                   | 337/602 [00:19<00:15, 17.36it/s]
Encode all items:  56%|████████████████████████▏                  | 339/602 [00:19<00:15, 17.40it/s]
Encode all items:  57%|████████████████████████▎                  | 341/602 [00:19<00:14, 17.41it/s]
Encode all items:  57%|████████████████████████▌                  | 343/602 [00:19<00:14, 17.33it/s]
Encode all items:  57%|████████████████████████▋                  | 345/602 [00:20<00:14, 17.32it/s]
Encode all items:  58%|████████████████████████▊                  | 347/602 [00:20<00:14, 17.37it/s]
Encode all items:  58%|████████████████████████▉                  | 349/602 [00:20<00:14, 17.38it/s]
Encode all items:  58%|█████████████████████████                  | 351/602 [00:20<00:14, 17.40it/s]
Encode all items:  59%|█████████████████████████▏                 | 353/602 [00:20<00:14, 17.40it/s]
Encode all items:  59%|█████████████████████████▎                 | 355/602 [00:20<00:14, 17.42it/s]
Encode all items:  59%|█████████████████████████▌                 | 357/602 [00:20<00:14, 17.42it/s]
Encode all items:  60%|█████████████████████████▋                 | 359/602 [00:20<00:13, 17.37it/s]
Encode all items:  60%|█████████████████████████▊                 | 361/602 [00:20<00:13, 17.38it/s]
Encode all items:  60%|█████████████████████████▉                 | 363/602 [00:21<00:13, 17.41it/s]
Encode all items:  61%|██████████████████████████                 | 365/602 [00:21<00:13, 17.41it/s]
Encode all items:  61%|██████████████████████████▏                | 367/602 [00:21<00:13, 17.43it/s]
Encode all items:  61%|██████████████████████████▎                | 369/602 [00:21<00:13, 17.43it/s]
Encode all items:  62%|██████████████████████████▌                | 371/602 [00:21<00:13, 17.44it/s]
Encode all items:  62%|██████████████████████████▋                | 373/602 [00:21<00:13, 17.44it/s]
Encode all items:  62%|██████████████████████████▊                | 375/602 [00:21<00:13, 17.45it/s]
Encode all items:  63%|██████████████████████████▉                | 377/602 [00:21<00:12, 17.37it/s]
Encode all items:  63%|███████████████████████████                | 379/602 [00:21<00:12, 17.38it/s]
Encode all items:  63%|███████████████████████████▏               | 381/602 [00:22<00:12, 17.35it/s]
Encode all items:  64%|███████████████████████████▎               | 383/602 [00:22<00:12, 17.38it/s]
Encode all items:  64%|███████████████████████████▌               | 385/602 [00:22<00:12, 17.39it/s]
Encode all items:  64%|███████████████████████████▋               | 387/602 [00:22<00:12, 17.41it/s]
Encode all items:  65%|███████████████████████████▊               | 389/602 [00:22<00:12, 17.41it/s]
Encode all items:  65%|███████████████████████████▉               | 391/602 [00:22<00:12, 17.43it/s]
Encode all items:  65%|████████████████████████████               | 393/602 [00:22<00:11, 17.42it/s]
Encode all items:  66%|████████████████████████████▏              | 395/602 [00:22<00:11, 17.42it/s]
Encode all items:  66%|████████████████████████████▎              | 397/602 [00:23<00:11, 17.39it/s]
Encode all items:  66%|████████████████████████████▍              | 399/602 [00:23<00:11, 17.41it/s]
Encode all items:  67%|████████████████████████████▋              | 401/602 [00:23<00:11, 17.41it/s]
Encode all items:  67%|████████████████████████████▊              | 403/602 [00:23<00:11, 17.42it/s]
Encode all items:  67%|████████████████████████████▉              | 405/602 [00:23<00:11, 17.41it/s]
Encode all items:  68%|█████████████████████████████              | 407/602 [00:23<00:11, 17.42it/s]
Encode all items:  68%|█████████████████████████████▏             | 409/602 [00:23<00:11, 17.40it/s]
Encode all items:  68%|█████████████████████████████▎             | 411/602 [00:23<00:10, 17.40it/s]
Encode all items:  69%|█████████████████████████████▌             | 413/602 [00:23<00:10, 17.40it/s]
Encode all items:  69%|█████████████████████████████▋             | 415/602 [00:24<00:10, 17.39it/s]
Encode all items:  69%|█████████████████████████████▊             | 417/602 [00:24<00:10, 17.37it/s]
Encode all items:  70%|█████████████████████████████▉             | 419/602 [00:24<00:10, 17.38it/s]
Encode all items:  70%|██████████████████████████████             | 421/602 [00:24<00:10, 17.39it/s]
Encode all items:  70%|██████████████████████████████▏            | 423/602 [00:24<00:10, 17.41it/s]
Encode all items:  71%|██████████████████████████████▎            | 425/602 [00:24<00:10, 17.41it/s]
Encode all items:  71%|██████████████████████████████▌            | 427/602 [00:24<00:10, 17.43it/s]
Encode all items:  71%|██████████████████████████████▋            | 429/602 [00:24<00:09, 17.38it/s]
Encode all items:  72%|██████████████████████████████▊            | 431/602 [00:24<00:09, 17.39it/s]
Encode all items:  72%|██████████████████████████████▉            | 433/602 [00:25<00:09, 17.39it/s]
Encode all items:  72%|███████████████████████████████            | 435/602 [00:25<00:09, 17.39it/s]
Encode all items:  73%|███████████████████████████████▏           | 437/602 [00:25<00:09, 17.40it/s]
Encode all items:  73%|███████████████████████████████▎           | 439/602 [00:25<00:09, 17.42it/s]
Encode all items:  73%|███████████████████████████████▌           | 441/602 [00:25<00:09, 17.43it/s]
Encode all items:  74%|███████████████████████████████▋           | 443/602 [00:25<00:09, 17.45it/s]
Encode all items:  74%|███████████████████████████████▊           | 445/602 [00:25<00:08, 17.45it/s]
Encode all items:  74%|███████████████████████████████▉           | 447/602 [00:25<00:08, 17.45it/s]
Encode all items:  75%|████████████████████████████████           | 449/602 [00:25<00:08, 17.45it/s]
Encode all items:  75%|████████████████████████████████▏          | 451/602 [00:26<00:08, 17.45it/s]
Encode all items:  75%|████████████████████████████████▎          | 453/602 [00:26<00:08, 17.38it/s]
Encode all items:  76%|████████████████████████████████▌          | 455/602 [00:26<00:08, 17.40it/s]
Encode all items:  76%|████████████████████████████████▋          | 457/602 [00:26<00:08, 17.40it/s]
Encode all items:  76%|████████████████████████████████▊          | 459/602 [00:26<00:08, 17.43it/s]
Encode all items:  77%|████████████████████████████████▉          | 461/602 [00:26<00:08, 17.43it/s]
Encode all items:  77%|█████████████████████████████████          | 463/602 [00:26<00:07, 17.43it/s]
Encode all items:  77%|█████████████████████████████████▏         | 465/602 [00:26<00:07, 17.43it/s]
Encode all items:  78%|█████████████████████████████████▎         | 467/602 [00:27<00:07, 17.44it/s]
Encode all items:  78%|█████████████████████████████████▌         | 469/602 [00:27<00:07, 17.42it/s]
Encode all items:  78%|█████████████████████████████████▋         | 471/602 [00:27<00:07, 17.43it/s]
Encode all items:  79%|█████████████████████████████████▊         | 473/602 [00:27<00:07, 17.41it/s]
Encode all items:  79%|█████████████████████████████████▉         | 475/602 [00:27<00:07, 17.43it/s]
Encode all items:  79%|██████████████████████████████████         | 477/602 [00:27<00:07, 17.43it/s]
Encode all items:  80%|██████████████████████████████████▏        | 479/602 [00:27<00:07, 17.44it/s]
Encode all items:  80%|██████████████████████████████████▎        | 481/602 [00:27<00:06, 17.43it/s]
Encode all items:  80%|██████████████████████████████████▌        | 483/602 [00:27<00:06, 17.43it/s]
Encode all items:  81%|██████████████████████████████████▋        | 485/602 [00:28<00:06, 17.42it/s]
Encode all items:  81%|██████████████████████████████████▊        | 487/602 [00:28<00:06, 17.43it/s]
Encode all items:  81%|██████████████████████████████████▉        | 489/602 [00:28<00:06, 17.41it/s]
Encode all items:  82%|███████████████████████████████████        | 491/602 [00:28<00:06, 17.40it/s]
Encode all items:  82%|███████████████████████████████████▏       | 493/602 [00:28<00:06, 17.32it/s]
Encode all items:  82%|███████████████████████████████████▎       | 495/602 [00:28<00:06, 17.36it/s]
Encode all items:  83%|███████████████████████████████████▌       | 497/602 [00:28<00:06, 17.37it/s]
Encode all items:  83%|███████████████████████████████████▋       | 499/602 [00:28<00:05, 17.39it/s]
Encode all items:  83%|███████████████████████████████████▊       | 501/602 [00:28<00:05, 17.39it/s]
Encode all items:  84%|███████████████████████████████████▉       | 503/602 [00:29<00:05, 17.40it/s]
Encode all items:  84%|████████████████████████████████████       | 505/602 [00:29<00:05, 17.38it/s]
Encode all items:  84%|████████████████████████████████████▏      | 507/602 [00:29<00:05, 17.40it/s]
Encode all items:  85%|████████████████████████████████████▎      | 509/602 [00:29<00:05, 17.34it/s]
Encode all items:  85%|████████████████████████████████████▌      | 511/602 [00:29<00:05, 17.30it/s]
Encode all items:  85%|████████████████████████████████████▋      | 513/602 [00:29<00:05, 17.31it/s]
Encode all items:  86%|████████████████████████████████████▊      | 515/602 [00:29<00:05, 17.34it/s]
Encode all items:  86%|████████████████████████████████████▉      | 517/602 [00:29<00:05, 17.00it/s]
Encode all items:  86%|█████████████████████████████████████      | 519/602 [00:30<00:04, 17.13it/s]
Encode all items:  87%|█████████████████████████████████████▏     | 521/602 [00:30<00:04, 17.22it/s]
Encode all items:  87%|█████████████████████████████████████▎     | 523/602 [00:30<00:04, 17.28it/s]
Encode all items:  87%|█████████████████████████████████████▌     | 525/602 [00:30<00:04, 17.32it/s]
Encode all items:  88%|█████████████████████████████████████▋     | 527/602 [00:30<00:04, 17.36it/s]
Encode all items:  88%|█████████████████████████████████████▊     | 529/602 [00:30<00:04, 17.38it/s]
Encode all items:  88%|█████████████████████████████████████▉     | 531/602 [00:30<00:04, 17.40it/s]
Encode all items:  89%|██████████████████████████████████████     | 533/602 [00:30<00:03, 17.41it/s]
Encode all items:  89%|██████████████████████████████████████▏    | 535/602 [00:30<00:03, 17.36it/s]
Encode all items:  89%|██████████████████████████████████████▎    | 537/602 [00:31<00:03, 17.37it/s]
Encode all items:  90%|██████████████████████████████████████▌    | 539/602 [00:31<00:03, 17.40it/s]
Encode all items:  90%|██████████████████████████████████████▋    | 541/602 [00:31<00:03, 17.40it/s]
Encode all items:  90%|██████████████████████████████████████▊    | 543/602 [00:31<00:03, 17.42it/s]
Encode all items:  91%|██████████████████████████████████████▉    | 545/602 [00:31<00:03, 17.42it/s]
Encode all items:  91%|███████████████████████████████████████    | 547/602 [00:31<00:03, 17.43it/s]
Encode all items:  91%|███████████████████████████████████████▏   | 549/602 [00:31<00:03, 17.38it/s]
Encode all items:  92%|███████████████████████████████████████▎   | 551/602 [00:31<00:02, 17.39it/s]
Encode all items:  92%|███████████████████████████████████████▌   | 553/602 [00:31<00:02, 17.37it/s]
Encode all items:  92%|███████████████████████████████████████▋   | 555/602 [00:32<00:02, 17.39it/s]
Encode all items:  93%|███████████████████████████████████████▊   | 557/602 [00:32<00:02, 17.33it/s]
Encode all items:  93%|███████████████████████████████████████▉   | 559/602 [00:32<00:02, 17.36it/s]
Encode all items:  93%|████████████████████████████████████████   | 561/602 [00:32<00:02, 17.37it/s]
Encode all items:  94%|████████████████████████████████████████▏  | 563/602 [00:32<00:02, 17.40it/s]
Encode all items:  94%|████████████████████████████████████████▎  | 565/602 [00:32<00:02, 17.40it/s]
Encode all items:  94%|████████████████████████████████████████▌  | 567/602 [00:32<00:02, 17.42it/s]
Encode all items:  95%|████████████████████████████████████████▋  | 569/602 [00:32<00:01, 17.41it/s]
Encode all items:  95%|████████████████████████████████████████▊  | 571/602 [00:33<00:01, 17.42it/s]
Encode all items:  95%|████████████████████████████████████████▉  | 573/602 [00:33<00:01, 17.42it/s]
Encode all items:  96%|█████████████████████████████████████████  | 575/602 [00:33<00:01, 17.43it/s]
Encode all items:  96%|█████████████████████████████████████████▏ | 577/602 [00:33<00:01, 17.41it/s]
Encode all items:  96%|█████████████████████████████████████████▎ | 579/602 [00:33<00:01, 17.43it/s]
Encode all items:  97%|█████████████████████████████████████████▌ | 581/602 [00:33<00:01, 17.34it/s]
Encode all items:  97%|█████████████████████████████████████████▋ | 583/602 [00:33<00:01, 17.37it/s]
Encode all items:  97%|█████████████████████████████████████████▊ | 585/602 [00:33<00:00, 17.37it/s]
Encode all items:  98%|█████████████████████████████████████████▉ | 587/602 [00:33<00:00, 17.39it/s]
Encode all items:  98%|██████████████████████████████████████████ | 589/602 [00:34<00:00, 17.34it/s]
Encode all items:  98%|██████████████████████████████████████████▏| 591/602 [00:34<00:00, 17.36it/s]
Encode all items:  99%|██████████████████████████████████████████▎| 593/602 [00:34<00:00, 17.37it/s]
Encode all items:  99%|██████████████████████████████████████████▌| 595/602 [00:34<00:00, 17.40it/s]
Encode all items:  99%|██████████████████████████████████████████▋| 597/602 [00:34<00:00, 17.40it/s]
Encode all items: 100%|██████████████████████████████████████████▊| 599/602 [00:34<00:00, 17.42it/s]
Encode all items: 100%|██████████████████████████████████████████▉| 601/602 [00:34<00:00, 17.41it/s]
Encode all items: 100%|███████████████████████████████████████████| 602/602 [00:34<00:00, 17.30it/s]
Initalize item embeddings from vectors.

Evaluate:   0%|                                                             | 0/205 [00:00<?, ?it/s]
Evaluate:   0%|▎                                                    | 1/205 [00:00<00:29,  6.97it/s]
Evaluate:   1%|▌                                                    | 2/205 [00:00<00:28,  7.05it/s]
Evaluate:   1%|▊                                                    | 3/205 [00:00<00:28,  7.09it/s]
Evaluate:   2%|█                                                    | 4/205 [00:00<00:28,  7.09it/s]
Evaluate:   2%|█▎                                                   | 5/205 [00:00<00:28,  7.10it/s]
Evaluate:   3%|█▌                                                   | 6/205 [00:00<00:28,  7.11it/s]
Evaluate:   3%|█▊                                                   | 7/205 [00:00<00:27,  7.11it/s]
Evaluate:   4%|██                                                   | 8/205 [00:01<00:27,  7.11it/s]
Evaluate:   4%|██▎                                                  | 9/205 [00:01<00:26,  7.46it/s]
Evaluate:   5%|██▌                                                 | 10/205 [00:01<00:26,  7.36it/s]
Evaluate:   5%|██▊                                                 | 11/205 [00:01<00:26,  7.29it/s]
Evaluate:   6%|███                                                 | 12/205 [00:01<00:26,  7.24it/s]
Evaluate:   6%|███▎                                                | 13/205 [00:01<00:26,  7.20it/s]
Evaluate:   7%|███▌                                                | 14/205 [00:01<00:26,  7.18it/s]
Evaluate:   7%|███▊                                                | 15/205 [00:02<00:26,  7.16it/s]
Evaluate:   8%|████                                                | 16/205 [00:02<00:26,  7.15it/s]
Evaluate:   8%|████▎                                               | 17/205 [00:02<00:26,  7.14it/s]
Evaluate:   9%|████▌                                               | 18/205 [00:02<00:26,  7.14it/s]
Evaluate:  10%|█████                                               | 20/205 [00:02<00:24,  7.64it/s]
Evaluate:  11%|█████▌                                              | 22/205 [00:02<00:23,  7.92it/s]
Evaluate:  11%|█████▊                                              | 23/205 [00:03<00:23,  7.72it/s]
Evaluate:  12%|██████                                              | 24/205 [00:03<00:23,  7.57it/s]
Evaluate:  13%|██████▌                                             | 26/205 [00:03<00:22,  7.88it/s]
Evaluate:  13%|██████▊                                             | 27/205 [00:03<00:23,  7.70it/s]
Evaluate:  14%|███████                                             | 28/205 [00:03<00:22,  7.85it/s]
Evaluate:  14%|███████▎                                            | 29/205 [00:03<00:22,  7.98it/s]
Evaluate:  15%|███████▌                                            | 30/205 [00:04<00:21,  8.08it/s]
Evaluate:  16%|████████                                            | 32/205 [00:04<00:19,  8.83it/s]
Evaluate:  16%|████████▎                                           | 33/205 [00:04<00:20,  8.35it/s]
Evaluate:  17%|████████▉                                           | 35/205 [00:04<00:19,  8.66it/s]
Evaluate:  18%|█████████▏                                          | 36/205 [00:04<00:19,  8.60it/s]
Evaluate:  19%|█████████▋                                          | 38/205 [00:04<00:16,  9.86it/s]
Evaluate:  20%|██████████▏                                         | 40/205 [00:05<00:17,  9.26it/s]
Evaluate:  20%|██████████▍                                         | 41/205 [00:05<00:18,  9.06it/s]
Evaluate:  20%|██████████▋                                         | 42/205 [00:05<00:19,  8.53it/s]
Evaluate:  21%|███████████▏                                        | 44/205 [00:05<00:17,  9.42it/s]
Evaluate:  22%|███████████▋                                        | 46/205 [00:05<00:16,  9.65it/s]
Evaluate:  23%|███████████▉                                        | 47/205 [00:05<00:16,  9.37it/s]
Evaluate:  23%|████████████▏                                       | 48/205 [00:05<00:17,  8.75it/s]
Evaluate:  24%|████████████▍                                       | 49/205 [00:06<00:18,  8.66it/s]
Evaluate:  25%|████████████▉                                       | 51/205 [00:06<00:15,  9.98it/s]
Evaluate:  26%|█████████████▍                                      | 53/205 [00:06<00:15, 10.02it/s]
Evaluate:  26%|█████████████▋                                      | 54/205 [00:06<00:16,  9.23it/s]
Evaluate:  27%|██████████████▏                                     | 56/205 [00:06<00:15,  9.89it/s]
Evaluate:  28%|██████████████▋                                     | 58/205 [00:06<00:15,  9.62it/s]
Evaluate:  29%|██████████████▉                                     | 59/205 [00:07<00:16,  9.00it/s]
Evaluate:  29%|███████████████▏                                    | 60/205 [00:07<00:17,  8.51it/s]
Evaluate:  30%|███████████████▋                                    | 62/205 [00:07<00:15,  9.08it/s]
Evaluate:  31%|████████████████▏                                   | 64/205 [00:07<00:13, 10.13it/s]
Evaluate:  32%|████████████████▋                                   | 66/205 [00:07<00:13,  9.98it/s]
Evaluate:  33%|█████████████████▏                                  | 68/205 [00:08<00:14,  9.70it/s]
Evaluate:  34%|█████████████████▌                                  | 69/205 [00:08<00:14,  9.42it/s]
Evaluate:  34%|█████████████████▊                                  | 70/205 [00:08<00:15,  8.82it/s]
Evaluate:  35%|██████████████████▎                                 | 72/205 [00:08<00:13,  9.98it/s]
Evaluate:  36%|██████████████████▌                                 | 73/205 [00:08<00:14,  9.20it/s]
Evaluate:  36%|██████████████████▊                                 | 74/205 [00:08<00:14,  9.00it/s]
Evaluate:  37%|███████████████████▎                                | 76/205 [00:08<00:12, 10.47it/s]
Evaluate:  38%|███████████████████▊                                | 78/205 [00:09<00:12,  9.96it/s]
Evaluate:  39%|████████████████████▎                               | 80/205 [00:09<00:12,  9.66it/s]
Evaluate:  40%|████████████████████▊                               | 82/205 [00:09<00:12, 10.14it/s]
Evaluate:  41%|█████████████████████▎                              | 84/205 [00:09<00:11, 10.87it/s]
Evaluate:  42%|█████████████████████▊                              | 86/205 [00:09<00:11, 10.27it/s]
Evaluate:  43%|██████████████████████▎                             | 88/205 [00:10<00:12,  9.31it/s]
Evaluate:  44%|██████████████████████▊                             | 90/205 [00:10<00:11,  9.84it/s]
Evaluate:  45%|███████████████████████▎                            | 92/205 [00:10<00:11,  9.92it/s]
Evaluate:  46%|███████████████████████▊                            | 94/205 [00:10<00:10, 10.65it/s]
Evaluate:  47%|████████████████████████▎                           | 96/205 [00:10<00:09, 11.22it/s]
Evaluate:  48%|████████████████████████▊                           | 98/205 [00:11<00:10, 10.51it/s]
Evaluate:  49%|████████████████████████▉                          | 100/205 [00:11<00:10, 10.38it/s]
Evaluate:  50%|█████████████████████████▍                         | 102/205 [00:11<00:09, 11.24it/s]
Evaluate:  51%|█████████████████████████▊                         | 104/205 [00:11<00:08, 11.92it/s]
Evaluate:  52%|██████████████████████████▎                        | 106/205 [00:11<00:07, 12.45it/s]
Evaluate:  53%|██████████████████████████▊                        | 108/205 [00:11<00:08, 11.66it/s]
Evaluate:  54%|███████████████████████████▎                       | 110/205 [00:12<00:07, 11.98it/s]
Evaluate:  55%|███████████████████████████▊                       | 112/205 [00:12<00:08, 11.35it/s]
Evaluate:  56%|████████████████████████████▎                      | 114/205 [00:12<00:08, 10.96it/s]
Evaluate:  57%|████████████████████████████▊                      | 116/205 [00:12<00:07, 11.45it/s]
Evaluate:  58%|█████████████████████████████▎                     | 118/205 [00:12<00:07, 11.83it/s]
Evaluate:  59%|█████████████████████████████▊                     | 120/205 [00:12<00:07, 11.66it/s]
Evaluate:  60%|██████████████████████████████▎                    | 122/205 [00:13<00:07, 11.16it/s]
Evaluate:  60%|██████████████████████████████▊                    | 124/205 [00:13<00:07, 11.21it/s]
Evaluate:  61%|███████████████████████████████▎                   | 126/205 [00:13<00:07, 10.87it/s]
Evaluate:  62%|███████████████████████████████▊                   | 128/205 [00:13<00:06, 11.63it/s]
Evaluate:  63%|████████████████████████████████▎                  | 130/205 [00:13<00:06, 11.96it/s]
Evaluate:  64%|████████████████████████████████▊                  | 132/205 [00:14<00:07, 10.26it/s]
Evaluate:  65%|█████████████████████████████████▎                 | 134/205 [00:14<00:06, 10.92it/s]
Evaluate:  66%|█████████████████████████████████▊                 | 136/205 [00:14<00:06, 11.03it/s]
Evaluate:  67%|██████████████████████████████████▎                | 138/205 [00:14<00:05, 11.51it/s]
Evaluate:  68%|██████████████████████████████████▊                | 140/205 [00:14<00:06, 10.34it/s]
Evaluate:  69%|███████████████████████████████████▎               | 142/205 [00:14<00:06, 10.28it/s]
Evaluate:  70%|███████████████████████████████████▊               | 144/205 [00:15<00:05, 10.57it/s]
Evaluate:  71%|████████████████████████████████████▎              | 146/205 [00:15<00:05, 10.77it/s]
Evaluate:  72%|████████████████████████████████████▊              | 148/205 [00:15<00:05, 10.23it/s]
Evaluate:  73%|█████████████████████████████████████▎             | 150/205 [00:15<00:05, 10.53it/s]
Evaluate:  74%|█████████████████████████████████████▊             | 152/205 [00:15<00:04, 11.13it/s]
Evaluate:  75%|██████████████████████████████████████▎            | 154/205 [00:15<00:04, 11.84it/s]
Evaluate:  76%|██████████████████████████████████████▊            | 156/205 [00:16<00:04, 11.67it/s]
Evaluate:  77%|███████████████████████████████████████▎           | 158/205 [00:16<00:03, 12.23it/s]
Evaluate:  78%|███████████████████████████████████████▊           | 160/205 [00:16<00:03, 12.39it/s]
Evaluate:  79%|████████████████████████████████████████▎          | 162/205 [00:16<00:03, 11.62it/s]
Evaluate:  80%|████████████████████████████████████████▊          | 164/205 [00:16<00:03, 11.96it/s]
Evaluate:  81%|█████████████████████████████████████████▎         | 166/205 [00:17<00:03, 11.35it/s]
Evaluate:  82%|█████████████████████████████████████████▊         | 168/205 [00:17<00:03, 11.57it/s]
Evaluate:  83%|██████████████████████████████████████████▎        | 170/205 [00:17<00:02, 12.19it/s]
Evaluate:  84%|██████████████████████████████████████████▊        | 172/205 [00:17<00:02, 11.91it/s]
Evaluate:  85%|███████████████████████████████████████████▎       | 174/205 [00:17<00:02, 12.45it/s]
Evaluate:  86%|███████████████████████████████████████████▊       | 176/205 [00:17<00:02, 13.16it/s]
Evaluate:  87%|████████████████████████████████████████████▎      | 178/205 [00:17<00:02, 12.51it/s]
Evaluate:  88%|████████████████████████████████████████████▊      | 180/205 [00:18<00:01, 12.89it/s]
Evaluate:  89%|█████████████████████████████████████████████▎     | 182/205 [00:18<00:01, 12.86it/s]
Evaluate:  90%|█████████████████████████████████████████████▊     | 184/205 [00:18<00:01, 12.84it/s]
Evaluate:  91%|██████████████████████████████████████████████▎    | 186/205 [00:18<00:01, 12.84it/s]
Evaluate:  92%|██████████████████████████████████████████████▊    | 188/205 [00:18<00:01, 13.14it/s]
Evaluate:  93%|███████████████████████████████████████████████▎   | 190/205 [00:18<00:01, 13.04it/s]
Evaluate:  94%|███████████████████████████████████████████████▊   | 192/205 [00:19<00:01, 12.98it/s]
Evaluate:  95%|████████████████████████████████████████████████▎  | 194/205 [00:19<00:00, 13.25it/s]
Evaluate:  96%|████████████████████████████████████████████████▊  | 196/205 [00:19<00:00, 12.60it/s]
Evaluate:  97%|█████████████████████████████████████████████████▎ | 198/205 [00:19<00:00, 11.33it/s]
Evaluate:  98%|█████████████████████████████████████████████████▊ | 200/205 [00:19<00:00, 11.72it/s]
Evaluate:  99%|██████████████████████████████████████████████████▎| 202/205 [00:19<00:00, 12.02it/s]
Evaluate: 100%|██████████████████████████████████████████████████▊| 204/205 [00:20<00:00, 12.82it/s]
Evaluate: 100%|███████████████████████████████████████████████████| 205/205 [00:20<00:00, 10.21it/s]
Test set: {'NDCG@10': 0.5954268292682927, 'Recall@10': 0.5954268292682927, 'NDCG@50': 0.694405887621205, 'Recall@50': 1.0, 'MRR': 0.6207126524390244, 'AUC': 0.9993698995287825}
