(Recformer) admin@lablinux:~/Elaine/RecFormer$ time python zero-shot.py --pretrain_ckpt /home/admin/Elaine/RecFormer/pretrain_ckpt/recformer_seqrec_ckpt.bin --data_path /home/admin/Elaine/RecFormer/finetune_data/dataset/meta/Gift --num_train_epochs 128 --batch_size 16 --device 0 --fp16 --finetune_negative_sample_size -1 > /home/admin/Elaine/RecFormer/zeroShot_I/Gift.log 2>&1

real    0m8.439s
user    0m7.565s
sys     0m7.570s

Global seed set to 42
The tokenizer class you load from this checkpoint is not the same type as the class this function is called from. It may result in unexpected tokenization. 
The tokenizer class you load from this checkpoint is 'LongformerTokenizer'. 
The class this function is called from is 'RecformerTokenizer'.
Namespace(pretrain_ckpt='/home/admin/Elaine/RecFormer/pretrain_ckpt/recformer_seqrec_ckpt.bin', data_path='/home/admin/Elaine/RecFormer/finetune_data/dataset/meta/Gift', output_dir='checkpoints', ckpt='best_model.bin', model_name_or_path='allenai/longformer-base-4096', train_file='train.json', dev_file='val.json', test_file='test.json', item2id_file='smap.json', meta_file='meta_data.json', preprocessing_num_workers=8, dataloader_num_workers=0, temp=0.05, num_train_epochs=128, gradient_accumulation_steps=8, finetune_negative_sample_size=-1, metric_ks=[10, 50], batch_size=16, learning_rate=5e-05, weight_decay=0, warmup_steps=100, device=0, fp16=True, fix_word_embedding=False, verbose=3)
[Preprocessor] Use cache: /home/admin/Elaine/RecFormer/finetune_data/dataset/meta/Gift/preprocess/tokenized_items_Gift
Successfully load 140 tokenized items.
[Item Embeddings] Use cache: /home/admin/Elaine/RecFormer/finetune_data/dataset/meta/Gift/preprocess/tokenized_items_Gift
Initalize item embeddings from vectors.

Evaluate:   0%|                                                               | 0/6 [00:00<?, ?it/s]/home/admin/anaconda3/envs/Recformer/lib/python3.10/site-packages/transformers/modeling_utils.py:862: FutureWarning: The `device` argument is deprecated and will be removed in v5 of Transformers.
  warnings.warn(

Evaluate:  17%|█████████▏                                             | 1/6 [00:00<00:01,  3.23it/s]
Evaluate:  50%|███████████████████████████▌                           | 3/6 [00:00<00:00,  7.09it/s]
Evaluate:  83%|█████████████████████████████████████████████▊         | 5/6 [00:00<00:00,  9.77it/s]
Evaluate: 100%|███████████████████████████████████████████████████████| 6/6 [00:00<00:00,  9.02it/s]
Test set: {'NDCG@10': 0.8702651560306549, 'Recall@10': 0.8702651560306549, 'NDCG@50': 0.9003604153792063, 'Recall@50': 0.9848484893639883, 'MRR': 0.8791967133680979, 'AUC': 0.9763257602850596}
