Running on GPU 1


+---------------------------------------------------------------------------------------+
| NVIDIA-SMI 535.104.12             Driver Version: 535.104.12   CUDA Version: 12.2     |
|-----------------------------------------+----------------------+----------------------+
| GPU  Name                 Persistence-M | Bus-Id        Disp.A | Volatile Uncorr. ECC |
| Fan  Temp   Perf          Pwr:Usage/Cap |         Memory-Usage | GPU-Util  Compute M. |
|                                         |                      |               MIG M. |
|=========================================+======================+======================|
|   0  Tesla V100-PCIE-32GB           Off | 00000000:3B:00.0 Off |                    0 |
| N/A   61C    P0             222W / 250W |  15468MiB / 32768MiB |     91%      Default |
|                                         |                      |                  N/A |
+-----------------------------------------+----------------------+----------------------+
|   1  Tesla V100-PCIE-32GB           Off | 00000000:AF:00.0 Off |                    0 |
| N/A   52C    P0             129W / 250W |  30144MiB / 32768MiB |     59%      Default |
|                                         |                      |                  N/A |
+-----------------------------------------+----------------------+----------------------+
|   2  Tesla V100-PCIE-32GB           Off | 00000000:D8:00.0 Off |                    0 |
| N/A   45C    P0             123W / 250W |   4200MiB / 32768MiB |     50%      Default |
|                                         |                      |                  N/A |
+-----------------------------------------+----------------------+----------------------+
                                                                                         
+---------------------------------------------------------------------------------------+
| Processes:                                                                            |
|  GPU   GI   CI        PID   Type   Process name                            GPU Memory |
|        ID   ID                                                             Usage      |
|=======================================================================================|
|    0   N/A  N/A    709892      C   python                                    15464MiB |
|    1   N/A  N/A    708684      C   python                                    30140MiB |
|    2   N/A  N/A    710561      C   python                                     4196MiB |
+---------------------------------------------------------------------------------------+



╒═════════════════════════════════════════════════════════════════════════════╕
│ NVITOP 1.3.1      Driver Version: 535.104.12      CUDA Driver Version: 12.2 │
├───────────────────────────────┬──────────────────────┬──────────────────────┤
│ GPU  Name        Persistence-M│ Bus-Id        Disp.A │ Volatile Uncorr. ECC │
│ Fan  Temp  Perf  Pwr:Usage/Cap│         Memory-Usage │ GPU-Util  Compute M. │
╞═══════════════════════════════╪══════════════════════╪══════════════════════╪════════════════════════════════════════════════════════════════════════════════════════════════════════╕
│   0  ..a V100-PCIE-32GB  Off  │ 00000000:3B:00.0 Off │                    0 │ MEM: ███████████████████████████████████████████▉ 47.2%                                                │
│ N/A   63C    P0   220W / 250W │  15468MiB / 32.00GiB │     92%      Default │ UTL: █████████████████████████████████████████████████████████████████████████████████████▌ 92%        │
├───────────────────────────────┼──────────────────────┼──────────────────────┼────────────────────────────────────────────────────────────────────────────────────────────────────────┤
│   1  ..a V100-PCIE-32GB  Off  │ 00000000:AF:00.0 Off │                    0 │ MEM: ██████████████████████████████████████████████████████████████████████████████████████████▍ 97.2% │
│ N/A   53C    P0   150W / 250W │  31.09GiB / 32.00GiB │     57%      Default │ UTL: █████████████████████████████████████████████████████ 57%                                         │
├───────────────────────────────┼──────────────────────┼──────────────────────┼────────────────────────────────────────────────────────────────────────────────────────────────────────┤
│   2  ..a V100-PCIE-32GB  Off  │ 00000000:D8:00.0 Off │                    0 │ MEM: ████████████████▏ 17.4%                                                                           │
│ N/A   47C    P0   120W / 250W │   5706MiB / 32.00GiB │     51%      Default │ UTL: ███████████████████████████████████████████████▍ 51%                                              │
╘═══════════════════════════════╧══════════════════════╧══════════════════════╧════════════════════════════════════════════════════════════════════════════════════════════════════════╛
[ CPU: ███████████ 8.2%                                                                                                          UPTIME: 5.1 days ]  ( Load Average:  3.09  2.40  1.82 )
[ MEM: █████████▍ 7.0%                                                                                                             USED: 15.77GiB ]  [ SWP: ▏ 0.0%                     ]

╒══════════════════════════════════════════════════════════════════════════════════════════════════════════════════════════════════════════════════════════════════════════════════════╕
│ Processes:                                                                                                                                                               admin@lablinux │
│ GPU     PID      USER  GPU-MEM %SM  %CPU  %MEM  TIME  COMMAND                                                                                                                        │
╞══════════════════════════════════════════════════════════════════════════════════════════════════════════════════════════════════════════════════════════════════════════════════════╡
│   0  709892 C      admin 15464MiB  94   0.0   1.2  4:03  python zero-shot.py --pretrain_ckpt /home/admin/Elaine/RecFormer/pretrain_ckpt/recformer_seqrec_ckpt.bin --data_path /home/admin/E.. │
├──────────────────────────────────────────────────────────────────────────────────────────────────────────────────────────────────────────────────────────────────────────────────────┤
│   1  708684 C      admin 31.02GiB  59 132.7   2.4  9:08  python zero-shot.py --pretrain_ckpt /home/admin/Elaine/RecFormer/pretrain_ckpt/recformer_seqrec_ckpt.bin --data_path /home/admin/E.. │
├──────────────────────────────────────────────────────────────────────────────────────────────────────────────────────────────────────────────────────────────────────────────────────┤
│   2  710561 C      admin  5602MiB  52 180.6   1.4  1:44  python zero-shot.py --pretrain_ckpt /home/admin/Elaine/RecFormer/pretrain_ckpt/recformer_seqrec_ckpt.bin --data_path /home/admin/E.. │
╘══════════════════════════════════════════════════════════════════════════════════════════════════════════════════════════════════════════════════════════════════════════════════════╛



[0] Tesla V100-PCIE-32GB | 65°C,  96 % | 15468 / 32768 MB | admin(15464M)
[1] Tesla V100-PCIE-32GB | 41°C,   0 % |     4 / 32768 MB |
[2] Tesla V100-PCIE-32GB | 49°C,  51 % |  7546 / 32768 MB | admin(7542M)