(Recformer) admin@lablinux:~/Elaine/RecFormer$ time python zero-shot.py --pretrain_ckpt /home/admin/Elaine/RecFormer/pretrain_ckpt/recformer_seqrec_ckpt.bin --data_path /home/admin/Elaine/RecFormer/finetune_data/dataset/meta/Instruments --num_train_epochs 128 --batch_size 16 --device 0 --fp16 --finetune_negative_sample_size -1 > /home/admin/Elaine/RecFormer/zeroShot_I/Instruments.log 2>&1

real    1m22.473s
user    1m24.276s
sys     0m8.115s


Global seed set to 42
The tokenizer class you load from this checkpoint is not the same type as the class this function is called from. It may result in unexpected tokenization. 
The tokenizer class you load from this checkpoint is 'LongformerTokenizer'. 
The class this function is called from is 'RecformerTokenizer'.
Namespace(pretrain_ckpt='/home/admin/Elaine/RecFormer/pretrain_ckpt/recformer_seqrec_ckpt.bin', data_path='/home/admin/Elaine/RecFormer/finetune_data/dataset/meta/Instruments', output_dir='checkpoints', ckpt='best_model.bin', model_name_or_path='allenai/longformer-base-4096', train_file='train.json', dev_file='val.json', test_file='test.json', item2id_file='smap.json', meta_file='meta_data.json', preprocessing_num_workers=8, dataloader_num_workers=0, temp=0.05, num_train_epochs=128, gradient_accumulation_steps=8, finetune_negative_sample_size=-1, metric_ks=[10, 50], batch_size=16, learning_rate=5e-05, weight_decay=0, warmup_steps=100, device=0, fp16=True, fix_word_embedding=False, verbose=3)
Loading attribute data /home/admin/Elaine/RecFormer/finetune_data/dataset/meta/Instruments

[Tokenize] /home/admin/Elaine/RecFormer/finetune_data/dataset/meta/Instruments:   0%| | 0/9039 [00:00<?
[Tokenize] /home/admin/Elaine/RecFormer/finetune_data/dataset/meta/Instruments:  15%|▏| 1316/9039 [00:0
[Tokenize] /home/admin/Elaine/RecFormer/finetune_data/dataset/meta/Instruments:  29%|▎| 2659/9039 [00:0
[Tokenize] /home/admin/Elaine/RecFormer/finetune_data/dataset/meta/Instruments:  51%|▌| 4652/9039 [00:0
[Tokenize] /home/admin/Elaine/RecFormer/finetune_data/dataset/meta/Instruments:  70%|▋| 6318/9039 [00:0
[Tokenize] /home/admin/Elaine/RecFormer/finetune_data/dataset/meta/Instruments:  88%|▉| 7957/9039 [00:0
[Tokenize] /home/admin/Elaine/RecFormer/finetune_data/dataset/meta/Instruments: 100%|█| 9039/9039 [00:0
Successfully load 9039 tokenized items.
Encoding items.

Encode all items:   0%|                                                     | 0/565 [00:00<?, ?it/s]/home/admin/anaconda3/envs/Recformer/lib/python3.10/site-packages/transformers/modeling_utils.py:862: FutureWarning: The `device` argument is deprecated and will be removed in v5 of Transformers.
  warnings.warn(

Encode all items:   0%|                                             | 1/565 [00:00<02:51,  3.28it/s]
Encode all items:   1%|▏                                            | 3/565 [00:00<01:14,  7.53it/s]
Encode all items:   1%|▍                                            | 5/565 [00:00<00:56,  9.86it/s]
Encode all items:   1%|▌                                            | 7/565 [00:00<00:49, 11.27it/s]
Encode all items:   2%|▋                                            | 9/565 [00:00<00:45, 12.15it/s]
Encode all items:   2%|▊                                           | 11/565 [00:01<00:43, 12.73it/s]
Encode all items:   2%|█                                           | 13/565 [00:01<00:42, 13.12it/s]
Encode all items:   3%|█▏                                          | 15/565 [00:01<00:41, 13.39it/s]
Encode all items:   3%|█▎                                          | 17/565 [00:01<00:40, 13.57it/s]
Encode all items:   3%|█▍                                          | 19/565 [00:01<00:40, 13.59it/s]
Encode all items:   4%|█▋                                          | 21/565 [00:01<00:39, 13.70it/s]
Encode all items:   4%|█▊                                          | 23/565 [00:01<00:39, 13.79it/s]
Encode all items:   4%|█▉                                          | 25/565 [00:02<00:38, 13.85it/s]
Encode all items:   5%|██                                          | 27/565 [00:02<00:38, 13.90it/s]
Encode all items:   5%|██▎                                         | 29/565 [00:02<00:38, 13.92it/s]
Encode all items:   5%|██▍                                         | 31/565 [00:02<00:38, 13.95it/s]
Encode all items:   6%|██▌                                         | 33/565 [00:02<00:38, 13.96it/s]
Encode all items:   6%|██▋                                         | 35/565 [00:02<00:38, 13.93it/s]
Encode all items:   7%|██▉                                         | 37/565 [00:02<00:37, 13.94it/s]
Encode all items:   7%|███                                         | 39/565 [00:03<00:37, 13.96it/s]
Encode all items:   7%|███▏                                        | 41/565 [00:03<00:37, 13.96it/s]
Encode all items:   8%|███▎                                        | 43/565 [00:03<00:37, 13.98it/s]
Encode all items:   8%|███▌                                        | 45/565 [00:03<00:37, 13.98it/s]
Encode all items:   8%|███▋                                        | 47/565 [00:03<00:37, 14.00it/s]
Encode all items:   9%|███▊                                        | 49/565 [00:03<00:36, 13.99it/s]
Encode all items:   9%|███▉                                        | 51/565 [00:03<00:36, 14.00it/s]
Encode all items:   9%|████▏                                       | 53/565 [00:04<00:36, 13.96it/s]
Encode all items:  10%|████▎                                       | 55/565 [00:04<00:36, 13.97it/s]
Encode all items:  10%|████▍                                       | 57/565 [00:04<00:36, 13.97it/s]
Encode all items:  10%|████▌                                       | 59/565 [00:04<00:36, 13.98it/s]
Encode all items:  11%|████▊                                       | 61/565 [00:04<00:36, 13.98it/s]
Encode all items:  11%|████▉                                       | 63/565 [00:04<00:35, 13.99it/s]
Encode all items:  12%|█████                                       | 65/565 [00:04<00:35, 13.99it/s]
Encode all items:  12%|█████▏                                      | 67/565 [00:05<00:35, 13.98it/s]
Encode all items:  12%|█████▎                                      | 69/565 [00:05<00:35, 13.98it/s]
Encode all items:  13%|█████▌                                      | 71/565 [00:05<00:35, 13.98it/s]
Encode all items:  13%|█████▋                                      | 73/565 [00:05<00:35, 13.98it/s]
Encode all items:  13%|█████▊                                      | 75/565 [00:05<00:35, 13.99it/s]
Encode all items:  14%|█████▉                                      | 77/565 [00:05<00:34, 13.99it/s]
Encode all items:  14%|██████▏                                     | 79/565 [00:05<00:34, 13.99it/s]
Encode all items:  14%|██████▎                                     | 81/565 [00:06<00:34, 13.99it/s]
Encode all items:  15%|██████▍                                     | 83/565 [00:06<00:34, 14.00it/s]
Encode all items:  15%|██████▌                                     | 85/565 [00:06<00:34, 13.96it/s]
Encode all items:  15%|██████▊                                     | 87/565 [00:06<00:34, 13.97it/s]
Encode all items:  16%|██████▉                                     | 89/565 [00:06<00:34, 13.98it/s]
Encode all items:  16%|███████                                     | 91/565 [00:06<00:33, 13.99it/s]
Encode all items:  16%|███████▏                                    | 93/565 [00:06<00:33, 14.00it/s]
Encode all items:  17%|███████▍                                    | 95/565 [00:07<00:33, 14.01it/s]
Encode all items:  17%|███████▌                                    | 97/565 [00:07<00:33, 14.00it/s]
Encode all items:  18%|███████▋                                    | 99/565 [00:07<00:33, 14.01it/s]
Encode all items:  18%|███████▋                                   | 101/565 [00:07<00:33, 14.01it/s]
Encode all items:  18%|███████▊                                   | 103/565 [00:07<00:33, 13.97it/s]
Encode all items:  19%|███████▉                                   | 105/565 [00:07<00:32, 13.98it/s]
Encode all items:  19%|████████▏                                  | 107/565 [00:07<00:32, 13.99it/s]
Encode all items:  19%|████████▎                                  | 109/565 [00:08<00:32, 13.98it/s]
Encode all items:  20%|████████▍                                  | 111/565 [00:08<00:32, 13.99it/s]
Encode all items:  20%|████████▌                                  | 113/565 [00:08<00:32, 13.99it/s]
Encode all items:  20%|████████▊                                  | 115/565 [00:08<00:32, 14.00it/s]
Encode all items:  21%|████████▉                                  | 117/565 [00:08<00:32, 14.00it/s]
Encode all items:  21%|█████████                                  | 119/565 [00:08<00:31, 13.97it/s]
Encode all items:  21%|█████████▏                                 | 121/565 [00:08<00:31, 13.97it/s]
Encode all items:  22%|█████████▎                                 | 123/565 [00:09<00:31, 13.99it/s]
Encode all items:  22%|█████████▌                                 | 125/565 [00:09<00:31, 13.98it/s]
Encode all items:  22%|█████████▋                                 | 127/565 [00:09<00:31, 13.97it/s]
Encode all items:  23%|█████████▊                                 | 129/565 [00:09<00:31, 13.98it/s]
Encode all items:  23%|█████████▉                                 | 131/565 [00:09<00:31, 13.99it/s]
Encode all items:  24%|██████████                                 | 133/565 [00:09<00:30, 13.99it/s]
Encode all items:  24%|██████████▎                                | 135/565 [00:09<00:30, 14.00it/s]
Encode all items:  24%|██████████▍                                | 137/565 [00:10<00:30, 13.93it/s]
Encode all items:  25%|██████████▌                                | 139/565 [00:10<00:30, 13.96it/s]
Encode all items:  25%|██████████▋                                | 141/565 [00:10<00:30, 13.96it/s]
Encode all items:  25%|██████████▉                                | 143/565 [00:10<00:30, 13.97it/s]
Encode all items:  26%|███████████                                | 145/565 [00:10<00:30, 13.97it/s]
Encode all items:  26%|███████████▏                               | 147/565 [00:10<00:29, 13.99it/s]
Encode all items:  26%|███████████▎                               | 149/565 [00:10<00:29, 13.97it/s]
Encode all items:  27%|███████████▍                               | 151/565 [00:11<00:29, 13.97it/s]
Encode all items:  27%|███████████▋                               | 153/565 [00:11<00:29, 13.91it/s]
Encode all items:  27%|███████████▊                               | 155/565 [00:11<00:29, 13.92it/s]
Encode all items:  28%|███████████▉                               | 157/565 [00:11<00:29, 13.93it/s]
Encode all items:  28%|████████████                               | 159/565 [00:11<00:29, 13.95it/s]
Encode all items:  28%|████████████▎                              | 161/565 [00:11<00:28, 13.96it/s]
Encode all items:  29%|████████████▍                              | 163/565 [00:11<00:28, 13.98it/s]
Encode all items:  29%|████████████▌                              | 165/565 [00:12<00:28, 13.98it/s]
Encode all items:  30%|████████████▋                              | 167/565 [00:12<00:28, 13.99it/s]
Encode all items:  30%|████████████▊                              | 169/565 [00:12<00:28, 13.99it/s]
Encode all items:  30%|█████████████                              | 171/565 [00:12<00:28, 13.93it/s]
Encode all items:  31%|█████████████▏                             | 173/565 [00:12<00:28, 13.95it/s]
Encode all items:  31%|█████████████▎                             | 175/565 [00:12<00:27, 13.97it/s]
Encode all items:  31%|█████████████▍                             | 177/565 [00:12<00:27, 13.97it/s]
Encode all items:  32%|█████████████▌                             | 179/565 [00:13<00:27, 13.97it/s]
Encode all items:  32%|█████████████▊                             | 181/565 [00:13<00:27, 13.95it/s]
Encode all items:  32%|█████████████▉                             | 183/565 [00:13<00:27, 13.96it/s]
Encode all items:  33%|██████████████                             | 185/565 [00:13<00:27, 13.96it/s]
Encode all items:  33%|██████████████▏                            | 187/565 [00:13<00:27, 13.91it/s]
Encode all items:  33%|██████████████▍                            | 189/565 [00:13<00:27, 13.93it/s]
Encode all items:  34%|██████████████▌                            | 191/565 [00:13<00:26, 13.95it/s]
Encode all items:  34%|██████████████▋                            | 193/565 [00:14<00:26, 13.96it/s]
Encode all items:  35%|██████████████▊                            | 195/565 [00:14<00:26, 13.97it/s]
Encode all items:  35%|██████████████▉                            | 197/565 [00:14<00:26, 13.97it/s]
Encode all items:  35%|███████████████▏                           | 199/565 [00:14<00:26, 13.99it/s]
Encode all items:  36%|███████████████▎                           | 201/565 [00:14<00:26, 13.99it/s]
Encode all items:  36%|███████████████▍                           | 203/565 [00:14<00:25, 14.00it/s]
Encode all items:  36%|███████████████▌                           | 205/565 [00:14<00:25, 13.98it/s]
Encode all items:  37%|███████████████▊                           | 207/565 [00:15<00:25, 13.98it/s]
Encode all items:  37%|███████████████▉                           | 209/565 [00:15<00:25, 13.98it/s]
Encode all items:  37%|████████████████                           | 211/565 [00:15<00:25, 14.00it/s]
Encode all items:  38%|████████████████▏                          | 213/565 [00:15<00:25, 14.01it/s]
Encode all items:  38%|████████████████▎                          | 215/565 [00:15<00:24, 14.02it/s]
Encode all items:  38%|████████████████▌                          | 217/565 [00:15<00:24, 14.02it/s]
Encode all items:  39%|████████████████▋                          | 219/565 [00:15<00:24, 14.03it/s]
Encode all items:  39%|████████████████▊                          | 221/565 [00:16<00:24, 14.03it/s]
Encode all items:  39%|████████████████▉                          | 223/565 [00:16<00:24, 14.03it/s]
Encode all items:  40%|█████████████████                          | 225/565 [00:16<00:24, 14.02it/s]
Encode all items:  40%|█████████████████▎                         | 227/565 [00:16<00:24, 14.03it/s]
Encode all items:  41%|█████████████████▍                         | 229/565 [00:16<00:23, 14.00it/s]
Encode all items:  41%|█████████████████▌                         | 231/565 [00:16<00:23, 14.02it/s]
Encode all items:  41%|█████████████████▋                         | 233/565 [00:16<00:23, 14.02it/s]
Encode all items:  42%|█████████████████▉                         | 235/565 [00:17<00:23, 14.02it/s]
Encode all items:  42%|██████████████████                         | 237/565 [00:17<00:23, 14.02it/s]
Encode all items:  42%|██████████████████▏                        | 239/565 [00:17<00:23, 14.01it/s]
Encode all items:  43%|██████████████████▎                        | 241/565 [00:17<00:23, 14.01it/s]
Encode all items:  43%|██████████████████▍                        | 243/565 [00:17<00:22, 14.01it/s]
Encode all items:  43%|██████████████████▋                        | 245/565 [00:17<00:22, 14.01it/s]
Encode all items:  44%|██████████████████▊                        | 247/565 [00:17<00:22, 14.01it/s]
Encode all items:  44%|██████████████████▉                        | 249/565 [00:18<00:22, 14.00it/s]
Encode all items:  44%|███████████████████                        | 251/565 [00:18<00:22, 14.01it/s]
Encode all items:  45%|███████████████████▎                       | 253/565 [00:18<00:22, 14.01it/s]
Encode all items:  45%|███████████████████▍                       | 255/565 [00:18<00:22, 14.02it/s]
Encode all items:  45%|███████████████████▌                       | 257/565 [00:18<00:21, 14.01it/s]
Encode all items:  46%|███████████████████▋                       | 259/565 [00:18<00:21, 14.02it/s]
Encode all items:  46%|███████████████████▊                       | 261/565 [00:18<00:21, 14.02it/s]
Encode all items:  47%|████████████████████                       | 263/565 [00:19<00:21, 14.03it/s]
Encode all items:  47%|████████████████████▏                      | 265/565 [00:19<00:21, 14.02it/s]
Encode all items:  47%|████████████████████▎                      | 267/565 [00:19<00:21, 14.03it/s]
Encode all items:  48%|████████████████████▍                      | 269/565 [00:19<00:21, 14.01it/s]
Encode all items:  48%|████████████████████▌                      | 271/565 [00:19<00:21, 13.99it/s]
Encode all items:  48%|████████████████████▊                      | 273/565 [00:19<00:20, 13.99it/s]
Encode all items:  49%|████████████████████▉                      | 275/565 [00:19<00:20, 14.01it/s]
Encode all items:  49%|█████████████████████                      | 277/565 [00:20<00:20, 14.01it/s]
Encode all items:  49%|█████████████████████▏                     | 279/565 [00:20<00:20, 14.02it/s]
Encode all items:  50%|█████████████████████▍                     | 281/565 [00:20<00:20, 14.01it/s]
Encode all items:  50%|█████████████████████▌                     | 283/565 [00:20<00:20, 14.02it/s]
Encode all items:  50%|█████████████████████▋                     | 285/565 [00:20<00:19, 14.02it/s]
Encode all items:  51%|█████████████████████▊                     | 287/565 [00:20<00:19, 14.02it/s]
Encode all items:  51%|█████████████████████▉                     | 289/565 [00:20<00:19, 14.02it/s]
Encode all items:  52%|██████████████████████▏                    | 291/565 [00:21<00:19, 14.02it/s]
Encode all items:  52%|██████████████████████▎                    | 293/565 [00:21<00:19, 13.99it/s]
Encode all items:  52%|██████████████████████▍                    | 295/565 [00:21<00:19, 14.00it/s]
Encode all items:  53%|██████████████████████▌                    | 297/565 [00:21<00:19, 14.00it/s]
Encode all items:  53%|██████████████████████▊                    | 299/565 [00:21<00:18, 14.01it/s]
Encode all items:  53%|██████████████████████▉                    | 301/565 [00:21<00:18, 14.00it/s]
Encode all items:  54%|███████████████████████                    | 303/565 [00:21<00:18, 14.01it/s]
Encode all items:  54%|███████████████████████▏                   | 305/565 [00:22<00:18, 13.97it/s]
Encode all items:  54%|███████████████████████▎                   | 307/565 [00:22<00:18, 13.98it/s]
Encode all items:  55%|███████████████████████▌                   | 309/565 [00:22<00:18, 13.95it/s]
Encode all items:  55%|███████████████████████▋                   | 311/565 [00:22<00:18, 13.97it/s]
Encode all items:  55%|███████████████████████▊                   | 313/565 [00:22<00:18, 13.98it/s]
Encode all items:  56%|███████████████████████▉                   | 315/565 [00:22<00:17, 13.99it/s]
Encode all items:  56%|████████████████████████▏                  | 317/565 [00:22<00:17, 13.99it/s]
Encode all items:  56%|████████████████████████▎                  | 319/565 [00:23<00:17, 14.00it/s]
Encode all items:  57%|████████████████████████▍                  | 321/565 [00:23<00:17, 14.00it/s]
Encode all items:  57%|████████████████████████▌                  | 323/565 [00:23<00:17, 14.00it/s]
Encode all items:  58%|████████████████████████▋                  | 325/565 [00:23<00:17, 13.99it/s]
Encode all items:  58%|████████████████████████▉                  | 327/565 [00:23<00:17, 13.99it/s]
Encode all items:  58%|█████████████████████████                  | 329/565 [00:23<00:16, 13.99it/s]
Encode all items:  59%|█████████████████████████▏                 | 331/565 [00:23<00:16, 13.99it/s]
Encode all items:  59%|█████████████████████████▎                 | 333/565 [00:24<00:16, 13.99it/s]
Encode all items:  59%|█████████████████████████▍                 | 335/565 [00:24<00:16, 14.00it/s]
Encode all items:  60%|█████████████████████████▋                 | 337/565 [00:24<00:16, 13.99it/s]
Encode all items:  60%|█████████████████████████▊                 | 339/565 [00:24<00:16, 13.99it/s]
Encode all items:  60%|█████████████████████████▉                 | 341/565 [00:24<00:16, 13.98it/s]
Encode all items:  61%|██████████████████████████                 | 343/565 [00:24<00:15, 13.99it/s]
Encode all items:  61%|██████████████████████████▎                | 345/565 [00:24<00:15, 13.99it/s]
Encode all items:  61%|██████████████████████████▍                | 347/565 [00:25<00:15, 13.99it/s]
Encode all items:  62%|██████████████████████████▌                | 349/565 [00:25<00:15, 13.99it/s]
Encode all items:  62%|██████████████████████████▋                | 351/565 [00:25<00:15, 13.99it/s]
Encode all items:  62%|██████████████████████████▊                | 353/565 [00:25<00:15, 13.97it/s]
Encode all items:  63%|███████████████████████████                | 355/565 [00:25<00:15, 13.99it/s]
Encode all items:  63%|███████████████████████████▏               | 357/565 [00:25<00:14, 13.98it/s]
Encode all items:  64%|███████████████████████████▎               | 359/565 [00:25<00:14, 14.00it/s]
Encode all items:  64%|███████████████████████████▍               | 361/565 [00:26<00:14, 14.00it/s]
Encode all items:  64%|███████████████████████████▋               | 363/565 [00:26<00:14, 14.01it/s]
Encode all items:  65%|███████████████████████████▊               | 365/565 [00:26<00:14, 14.01it/s]
Encode all items:  65%|███████████████████████████▉               | 367/565 [00:26<00:14, 14.01it/s]
Encode all items:  65%|████████████████████████████               | 369/565 [00:26<00:13, 14.01it/s]
Encode all items:  66%|████████████████████████████▏              | 371/565 [00:26<00:13, 14.01it/s]
Encode all items:  66%|████████████████████████████▍              | 373/565 [00:26<00:13, 13.99it/s]
Encode all items:  66%|████████████████████████████▌              | 375/565 [00:27<00:13, 14.00it/s]
Encode all items:  67%|████████████████████████████▋              | 377/565 [00:27<00:13, 13.99it/s]
Encode all items:  67%|████████████████████████████▊              | 379/565 [00:27<00:13, 14.00it/s]
Encode all items:  67%|████████████████████████████▉              | 381/565 [00:27<00:13, 14.00it/s]
Encode all items:  68%|█████████████████████████████▏             | 383/565 [00:27<00:12, 14.01it/s]
Encode all items:  68%|█████████████████████████████▎             | 385/565 [00:27<00:12, 14.01it/s]
Encode all items:  68%|█████████████████████████████▍             | 387/565 [00:27<00:12, 14.01it/s]
Encode all items:  69%|█████████████████████████████▌             | 389/565 [00:28<00:12, 14.01it/s]
Encode all items:  69%|█████████████████████████████▊             | 391/565 [00:28<00:12, 14.01it/s]
Encode all items:  70%|█████████████████████████████▉             | 393/565 [00:28<00:12, 13.99it/s]
Encode all items:  70%|██████████████████████████████             | 395/565 [00:28<00:12, 14.00it/s]
Encode all items:  70%|██████████████████████████████▏            | 397/565 [00:28<00:12, 13.99it/s]
Encode all items:  71%|██████████████████████████████▎            | 399/565 [00:28<00:11, 14.00it/s]
Encode all items:  71%|██████████████████████████████▌            | 401/565 [00:28<00:11, 13.97it/s]
Encode all items:  71%|██████████████████████████████▋            | 403/565 [00:29<00:11, 13.77it/s]
Encode all items:  72%|██████████████████████████████▊            | 405/565 [00:29<00:12, 13.32it/s]
Encode all items:  72%|██████████████████████████████▉            | 407/565 [00:29<00:11, 13.43it/s]
Encode all items:  72%|███████████████████████████████▏           | 409/565 [00:29<00:11, 13.55it/s]
Encode all items:  73%|███████████████████████████████▎           | 411/565 [00:29<00:11, 13.65it/s]
Encode all items:  73%|███████████████████████████████▍           | 413/565 [00:29<00:11, 13.74it/s]
Encode all items:  73%|███████████████████████████████▌           | 415/565 [00:29<00:10, 13.81it/s]
Encode all items:  74%|███████████████████████████████▋           | 417/565 [00:30<00:10, 13.83it/s]
Encode all items:  74%|███████████████████████████████▉           | 419/565 [00:30<00:10, 13.86it/s]
Encode all items:  75%|████████████████████████████████           | 421/565 [00:30<00:10, 13.88it/s]
Encode all items:  75%|████████████████████████████████▏          | 423/565 [00:30<00:10, 13.89it/s]
Encode all items:  75%|████████████████████████████████▎          | 425/565 [00:30<00:10, 13.87it/s]
Encode all items:  76%|████████████████████████████████▍          | 427/565 [00:30<00:09, 13.90it/s]
Encode all items:  76%|████████████████████████████████▋          | 429/565 [00:30<00:09, 13.91it/s]
Encode all items:  76%|████████████████████████████████▊          | 431/565 [00:31<00:09, 13.93it/s]
Encode all items:  77%|████████████████████████████████▉          | 433/565 [00:31<00:09, 13.92it/s]
Encode all items:  77%|█████████████████████████████████          | 435/565 [00:31<00:09, 13.94it/s]
Encode all items:  77%|█████████████████████████████████▎         | 437/565 [00:31<00:09, 13.92it/s]
Encode all items:  78%|█████████████████████████████████▍         | 439/565 [00:31<00:09, 13.91it/s]
Encode all items:  78%|█████████████████████████████████▌         | 441/565 [00:31<00:08, 13.92it/s]
Encode all items:  78%|█████████████████████████████████▋         | 443/565 [00:31<00:08, 13.95it/s]
Encode all items:  79%|█████████████████████████████████▊         | 445/565 [00:32<00:08, 13.96it/s]
Encode all items:  79%|██████████████████████████████████         | 447/565 [00:32<00:08, 13.98it/s]
Encode all items:  79%|██████████████████████████████████▏        | 449/565 [00:32<00:08, 13.98it/s]
Encode all items:  80%|██████████████████████████████████▎        | 451/565 [00:32<00:08, 13.98it/s]
Encode all items:  80%|██████████████████████████████████▍        | 453/565 [00:32<00:08, 13.97it/s]
Encode all items:  81%|██████████████████████████████████▋        | 455/565 [00:32<00:07, 13.98it/s]
Encode all items:  81%|██████████████████████████████████▊        | 457/565 [00:32<00:07, 13.98it/s]
Encode all items:  81%|██████████████████████████████████▉        | 459/565 [00:33<00:07, 13.98it/s]
Encode all items:  82%|███████████████████████████████████        | 461/565 [00:33<00:07, 13.98it/s]
Encode all items:  82%|███████████████████████████████████▏       | 463/565 [00:33<00:07, 13.97it/s]
Encode all items:  82%|███████████████████████████████████▍       | 465/565 [00:33<00:07, 13.93it/s]
Encode all items:  83%|███████████████████████████████████▌       | 467/565 [00:33<00:07, 13.94it/s]
Encode all items:  83%|███████████████████████████████████▋       | 469/565 [00:33<00:06, 13.93it/s]
Encode all items:  83%|███████████████████████████████████▊       | 471/565 [00:33<00:06, 13.95it/s]
Encode all items:  84%|███████████████████████████████████▉       | 473/565 [00:34<00:06, 13.88it/s]
Encode all items:  84%|████████████████████████████████████▏      | 475/565 [00:34<00:06, 13.90it/s]
Encode all items:  84%|████████████████████████████████████▎      | 477/565 [00:34<00:06, 13.91it/s]
Encode all items:  85%|████████████████████████████████████▍      | 479/565 [00:34<00:06, 13.92it/s]
Encode all items:  85%|████████████████████████████████████▌      | 481/565 [00:34<00:06, 13.88it/s]
Encode all items:  85%|████████████████████████████████████▊      | 483/565 [00:34<00:05, 13.89it/s]
Encode all items:  86%|████████████████████████████████████▉      | 485/565 [00:34<00:05, 13.89it/s]
Encode all items:  86%|█████████████████████████████████████      | 487/565 [00:35<00:05, 13.11it/s]
Encode all items:  87%|█████████████████████████████████████▏     | 489/565 [00:35<00:05, 13.32it/s]
Encode all items:  87%|█████████████████████████████████████▎     | 491/565 [00:35<00:05, 13.49it/s]
Encode all items:  87%|█████████████████████████████████████▌     | 493/565 [00:35<00:05, 13.60it/s]
Encode all items:  88%|█████████████████████████████████████▋     | 495/565 [00:35<00:05, 13.71it/s]
Encode all items:  88%|█████████████████████████████████████▊     | 497/565 [00:35<00:04, 13.78it/s]
Encode all items:  88%|█████████████████████████████████████▉     | 499/565 [00:35<00:04, 13.85it/s]
Encode all items:  89%|██████████████████████████████████████▏    | 501/565 [00:36<00:04, 13.88it/s]
Encode all items:  89%|██████████████████████████████████████▎    | 503/565 [00:36<00:04, 13.91it/s]
Encode all items:  89%|██████████████████████████████████████▍    | 505/565 [00:36<00:04, 13.93it/s]
Encode all items:  90%|██████████████████████████████████████▌    | 507/565 [00:36<00:04, 13.93it/s]
Encode all items:  90%|██████████████████████████████████████▋    | 509/565 [00:36<00:04, 13.94it/s]
Encode all items:  90%|██████████████████████████████████████▉    | 511/565 [00:36<00:03, 13.96it/s]
Encode all items:  91%|███████████████████████████████████████    | 513/565 [00:36<00:03, 13.96it/s]
Encode all items:  91%|███████████████████████████████████████▏   | 515/565 [00:37<00:03, 13.98it/s]
Encode all items:  92%|███████████████████████████████████████▎   | 517/565 [00:37<00:03, 13.98it/s]
Encode all items:  92%|███████████████████████████████████████▍   | 519/565 [00:37<00:03, 13.99it/s]
Encode all items:  92%|███████████████████████████████████████▋   | 521/565 [00:37<00:03, 13.98it/s]
Encode all items:  93%|███████████████████████████████████████▊   | 523/565 [00:37<00:03, 14.00it/s]
Encode all items:  93%|███████████████████████████████████████▉   | 525/565 [00:37<00:02, 14.00it/s]
Encode all items:  93%|████████████████████████████████████████   | 527/565 [00:37<00:02, 14.01it/s]
Encode all items:  94%|████████████████████████████████████████▎  | 529/565 [00:38<00:02, 14.00it/s]
Encode all items:  94%|████████████████████████████████████████▍  | 531/565 [00:38<00:02, 14.01it/s]
Encode all items:  94%|████████████████████████████████████████▌  | 533/565 [00:38<00:02, 14.01it/s]
Encode all items:  95%|████████████████████████████████████████▋  | 535/565 [00:38<00:02, 13.99it/s]
Encode all items:  95%|████████████████████████████████████████▊  | 537/565 [00:38<00:02, 13.99it/s]
Encode all items:  95%|█████████████████████████████████████████  | 539/565 [00:38<00:01, 14.00it/s]
Encode all items:  96%|█████████████████████████████████████████▏ | 541/565 [00:38<00:01, 14.00it/s]
Encode all items:  96%|█████████████████████████████████████████▎ | 543/565 [00:39<00:01, 14.00it/s]
Encode all items:  96%|█████████████████████████████████████████▍ | 545/565 [00:39<00:01, 14.00it/s]
Encode all items:  97%|█████████████████████████████████████████▋ | 547/565 [00:39<00:01, 14.01it/s]
Encode all items:  97%|█████████████████████████████████████████▊ | 549/565 [00:39<00:01, 14.00it/s]
Encode all items:  98%|█████████████████████████████████████████▉ | 551/565 [00:39<00:00, 14.00it/s]
Encode all items:  98%|██████████████████████████████████████████ | 553/565 [00:39<00:00, 13.99it/s]
Encode all items:  98%|██████████████████████████████████████████▏| 555/565 [00:39<00:00, 14.00it/s]
Encode all items:  99%|██████████████████████████████████████████▍| 557/565 [00:40<00:00, 13.99it/s]
Encode all items:  99%|██████████████████████████████████████████▌| 559/565 [00:40<00:00, 13.99it/s]
Encode all items:  99%|██████████████████████████████████████████▋| 561/565 [00:40<00:00, 13.99it/s]
Encode all items: 100%|██████████████████████████████████████████▊| 563/565 [00:40<00:00, 13.99it/s]
Encode all items: 100%|███████████████████████████████████████████| 565/565 [00:40<00:00, 13.99it/s]
Encode all items: 100%|███████████████████████████████████████████| 565/565 [00:40<00:00, 13.88it/s]
Initalize item embeddings from vectors.

Evaluate:   0%|                                                             | 0/347 [00:00<?, ?it/s]
Evaluate:   0%|▏                                                    | 1/347 [00:00<00:37,  9.17it/s]
Evaluate:   1%|▎                                                    | 2/347 [00:00<00:40,  8.45it/s]
Evaluate:   1%|▍                                                    | 3/347 [00:00<00:38,  8.91it/s]
Evaluate:   1%|▌                                                    | 4/347 [00:00<00:42,  7.98it/s]
Evaluate:   1%|▊                                                    | 5/347 [00:00<00:45,  7.54it/s]
Evaluate:   2%|▉                                                    | 6/347 [00:00<00:46,  7.31it/s]
Evaluate:   2%|█▏                                                   | 8/347 [00:01<00:42,  7.94it/s]
Evaluate:   3%|█▎                                                   | 9/347 [00:01<00:40,  8.30it/s]
Evaluate:   3%|█▍                                                  | 10/347 [00:01<00:39,  8.60it/s]
Evaluate:   3%|█▋                                                  | 11/347 [00:01<00:38,  8.84it/s]
Evaluate:   3%|█▊                                                  | 12/347 [00:01<00:37,  9.02it/s]
Evaluate:   4%|█▉                                                  | 13/347 [00:01<00:36,  9.17it/s]
Evaluate:   4%|██                                                  | 14/347 [00:01<00:39,  8.37it/s]
Evaluate:   5%|██▍                                                 | 16/347 [00:01<00:35,  9.24it/s]
Evaluate:   5%|██▋                                                 | 18/347 [00:02<00:36,  9.03it/s]
Evaluate:   6%|██▉                                                 | 20/347 [00:02<00:35,  9.22it/s]
Evaluate:   6%|███▏                                                | 21/347 [00:02<00:36,  8.94it/s]
Evaluate:   6%|███▎                                                | 22/347 [00:02<00:38,  8.38it/s]
Evaluate:   7%|███▌                                                | 24/347 [00:02<00:37,  8.51it/s]
Evaluate:   7%|███▋                                                | 25/347 [00:02<00:36,  8.72it/s]
Evaluate:   7%|███▉                                                | 26/347 [00:03<00:36,  8.89it/s]
Evaluate:   8%|████                                                | 27/347 [00:03<00:36,  8.65it/s]
Evaluate:   8%|████▎                                               | 29/347 [00:03<00:33,  9.36it/s]
Evaluate:   9%|████▋                                               | 31/347 [00:03<00:30, 10.25it/s]
Evaluate:  10%|████▉                                               | 33/347 [00:03<00:32,  9.66it/s]
Evaluate:  10%|█████▏                                              | 35/347 [00:03<00:31,  9.94it/s]
Evaluate:  10%|█████▍                                              | 36/347 [00:04<00:31,  9.86it/s]
Evaluate:  11%|█████▌                                              | 37/347 [00:04<00:31,  9.78it/s]
Evaluate:  11%|█████▋                                              | 38/347 [00:04<00:31,  9.72it/s]
Evaluate:  11%|█████▊                                              | 39/347 [00:04<00:34,  8.82it/s]
Evaluate:  12%|█████▉                                              | 40/347 [00:04<00:37,  8.21it/s]
Evaluate:  12%|██████▎                                             | 42/347 [00:04<00:32,  9.45it/s]
Evaluate:  12%|██████▍                                             | 43/347 [00:04<00:34,  8.69it/s]
Evaluate:  13%|██████▌                                             | 44/347 [00:04<00:37,  8.15it/s]
Evaluate:  13%|██████▋                                             | 45/347 [00:05<00:37,  8.12it/s]
Evaluate:  13%|██████▉                                             | 46/347 [00:05<00:37,  8.10it/s]
Evaluate:  14%|███████                                             | 47/347 [00:05<00:37,  8.07it/s]
Evaluate:  14%|███████▏                                            | 48/347 [00:05<00:38,  7.69it/s]
Evaluate:  14%|███████▎                                            | 49/347 [00:05<00:36,  8.15it/s]
Evaluate:  15%|███████▋                                            | 51/347 [00:05<00:32,  9.09it/s]
Evaluate:  15%|███████▉                                            | 53/347 [00:05<00:29, 10.01it/s]
Evaluate:  16%|████████▏                                           | 55/347 [00:06<00:30,  9.50it/s]
Evaluate:  16%|████████▍                                           | 56/347 [00:06<00:30,  9.51it/s]
Evaluate:  16%|████████▌                                           | 57/347 [00:06<00:31,  9.13it/s]
Evaluate:  17%|████████▋                                           | 58/347 [00:06<00:32,  8.83it/s]
Evaluate:  17%|████████▊                                           | 59/347 [00:06<00:31,  9.00it/s]
Evaluate:  18%|█████████▏                                          | 61/347 [00:06<00:28, 10.03it/s]
Evaluate:  18%|█████████▍                                          | 63/347 [00:07<00:28,  9.85it/s]
Evaluate:  18%|█████████▌                                          | 64/347 [00:07<00:28,  9.77it/s]
Evaluate:  19%|█████████▋                                          | 65/347 [00:07<00:29,  9.71it/s]
Evaluate:  19%|█████████▉                                          | 66/347 [00:07<00:30,  9.22it/s]
Evaluate:  19%|██████████                                          | 67/347 [00:07<00:30,  9.30it/s]
Evaluate:  20%|██████████▏                                         | 68/347 [00:07<00:29,  9.37it/s]
Evaluate:  20%|██████████▍                                         | 70/347 [00:07<00:28,  9.85it/s]
Evaluate:  21%|██████████▊                                         | 72/347 [00:07<00:27, 10.12it/s]
Evaluate:  21%|██████████▉                                         | 73/347 [00:08<00:27,  9.99it/s]
Evaluate:  21%|███████████                                         | 74/347 [00:08<00:27,  9.88it/s]
Evaluate:  22%|███████████▍                                        | 76/347 [00:08<00:25, 10.59it/s]
Evaluate:  22%|███████████▋                                        | 78/347 [00:08<00:27,  9.81it/s]
Evaluate:  23%|███████████▊                                        | 79/347 [00:08<00:28,  9.38it/s]
Evaluate:  23%|███████████▉                                        | 80/347 [00:08<00:28,  9.42it/s]
Evaluate:  24%|████████████▎                                       | 82/347 [00:08<00:25, 10.24it/s]
Evaluate:  24%|████████████▌                                       | 84/347 [00:09<00:25, 10.35it/s]
Evaluate:  25%|████████████▉                                       | 86/347 [00:09<00:25, 10.43it/s]
Evaluate:  25%|█████████████▏                                      | 88/347 [00:09<00:25, 10.11it/s]
Evaluate:  26%|█████████████▍                                      | 90/347 [00:09<00:27,  9.33it/s]
Evaluate:  27%|█████████████▊                                      | 92/347 [00:09<00:25, 10.00it/s]
Evaluate:  27%|██████████████                                      | 94/347 [00:10<00:24, 10.17it/s]
Evaluate:  28%|██████████████▍                                     | 96/347 [00:10<00:25,  9.68it/s]
Evaluate:  28%|██████████████▌                                     | 97/347 [00:10<00:25,  9.65it/s]
Evaluate:  29%|██████████████▊                                     | 99/347 [00:10<00:24,  9.94it/s]
Evaluate:  29%|██████████████▋                                    | 100/347 [00:10<00:25,  9.86it/s]
Evaluate:  29%|██████████████▉                                    | 102/347 [00:10<00:23, 10.50it/s]
Evaluate:  30%|███████████████▎                                   | 104/347 [00:11<00:23, 10.52it/s]
Evaluate:  31%|███████████████▌                                   | 106/347 [00:11<00:23, 10.18it/s]
Evaluate:  31%|███████████████▊                                   | 108/347 [00:11<00:23,  9.96it/s]
Evaluate:  32%|████████████████▏                                  | 110/347 [00:11<00:23, 10.15it/s]
Evaluate:  32%|████████████████▍                                  | 112/347 [00:11<00:22, 10.62it/s]
Evaluate:  33%|████████████████▊                                  | 114/347 [00:12<00:21, 10.61it/s]
Evaluate:  33%|█████████████████                                  | 116/347 [00:12<00:21, 10.60it/s]
Evaluate:  34%|█████████████████▎                                 | 118/347 [00:12<00:20, 10.95it/s]
Evaluate:  35%|█████████████████▋                                 | 120/347 [00:12<00:21, 10.48it/s]
Evaluate:  35%|█████████████████▉                                 | 122/347 [00:12<00:22,  9.88it/s]
Evaluate:  36%|██████████████████▏                                | 124/347 [00:13<00:23,  9.51it/s]
Evaluate:  36%|██████████████████▎                                | 125/347 [00:13<00:23,  9.52it/s]
Evaluate:  37%|██████████████████▋                                | 127/347 [00:13<00:21, 10.19it/s]
Evaluate:  37%|██████████████████▉                                | 129/347 [00:13<00:21, 10.31it/s]
Evaluate:  38%|███████████████████▎                               | 131/347 [00:13<00:20, 10.39it/s]
Evaluate:  38%|███████████████████▌                               | 133/347 [00:13<00:20, 10.45it/s]
Evaluate:  39%|███████████████████▊                               | 135/347 [00:14<00:20, 10.49it/s]
Evaluate:  39%|████████████████████▏                              | 137/347 [00:14<00:19, 10.51it/s]
Evaluate:  40%|████████████████████▍                              | 139/347 [00:14<00:19, 10.89it/s]
Evaluate:  41%|████████████████████▋                              | 141/347 [00:14<00:19, 10.79it/s]
Evaluate:  41%|█████████████████████                              | 143/347 [00:14<00:19, 10.72it/s]
Evaluate:  42%|█████████████████████▎                             | 145/347 [00:15<00:18, 11.03it/s]
Evaluate:  42%|█████████████████████▌                             | 147/347 [00:15<00:17, 11.26it/s]
Evaluate:  43%|█████████████████████▉                             | 149/347 [00:15<00:17, 11.44it/s]
Evaluate:  44%|██████████████████████▏                            | 151/347 [00:15<00:17, 11.17it/s]
Evaluate:  44%|██████████████████████▍                            | 153/347 [00:15<00:17, 11.37it/s]
Evaluate:  45%|██████████████████████▊                            | 155/347 [00:15<00:17, 11.12it/s]
Evaluate:  45%|███████████████████████                            | 157/347 [00:16<00:17, 10.61it/s]
Evaluate:  46%|███████████████████████▎                           | 159/347 [00:16<00:17, 10.96it/s]
Evaluate:  46%|███████████████████████▋                           | 161/347 [00:16<00:17, 10.84it/s]
Evaluate:  47%|███████████████████████▉                           | 163/347 [00:16<00:17, 10.76it/s]
Evaluate:  48%|████████████████████████▎                          | 165/347 [00:16<00:16, 11.07it/s]
Evaluate:  48%|████████████████████████▌                          | 167/347 [00:17<00:15, 11.29it/s]
Evaluate:  49%|████████████████████████▊                          | 169/347 [00:17<00:15, 11.54it/s]
Evaluate:  49%|█████████████████████████▏                         | 171/347 [00:17<00:15, 11.62it/s]
Evaluate:  50%|█████████████████████████▍                         | 173/347 [00:17<00:14, 11.70it/s]
Evaluate:  50%|█████████████████████████▋                         | 175/347 [00:17<00:15, 11.34it/s]
Evaluate:  51%|██████████████████████████                         | 177/347 [00:17<00:15, 11.10it/s]
Evaluate:  52%|██████████████████████████▎                        | 179/347 [00:18<00:15, 10.94it/s]
Evaluate:  52%|██████████████████████████▌                        | 181/347 [00:18<00:15, 10.82it/s]
Evaluate:  53%|██████████████████████████▉                        | 183/347 [00:18<00:14, 11.11it/s]
Evaluate:  53%|███████████████████████████▏                       | 185/347 [00:18<00:14, 11.41it/s]
Evaluate:  54%|███████████████████████████▍                       | 187/347 [00:18<00:13, 11.54it/s]
Evaluate:  54%|███████████████████████████▊                       | 189/347 [00:19<00:14, 10.85it/s]
Evaluate:  55%|████████████████████████████                       | 191/347 [00:19<00:14, 10.44it/s]
Evaluate:  56%|████████████████████████████▎                      | 193/347 [00:19<00:14, 10.48it/s]
Evaluate:  56%|████████████████████████████▋                      | 195/347 [00:19<00:13, 10.86it/s]
Evaluate:  57%|████████████████████████████▉                      | 197/347 [00:19<00:13, 11.14it/s]
Evaluate:  57%|█████████████████████████████▏                     | 199/347 [00:19<00:12, 11.43it/s]
Evaluate:  58%|█████████████████████████████▌                     | 201/347 [00:20<00:12, 11.55it/s]
Evaluate:  59%|█████████████████████████████▊                     | 203/347 [00:20<00:12, 11.65it/s]
Evaluate:  59%|██████████████████████████████▏                    | 205/347 [00:20<00:12, 11.31it/s]
Evaluate:  60%|██████████████████████████████▍                    | 207/347 [00:20<00:12, 11.56it/s]
Evaluate:  60%|██████████████████████████████▋                    | 209/347 [00:20<00:12, 11.33it/s]
Evaluate:  61%|███████████████████████████████                    | 211/347 [00:20<00:11, 11.57it/s]
Evaluate:  61%|███████████████████████████████▎                   | 213/347 [00:21<00:11, 11.26it/s]
Evaluate:  62%|███████████████████████████████▌                   | 215/347 [00:21<00:11, 11.52it/s]
Evaluate:  63%|███████████████████████████████▉                   | 217/347 [00:21<00:11, 11.71it/s]
Evaluate:  63%|████████████████████████████████▏                  | 219/347 [00:21<00:10, 11.85it/s]
Evaluate:  64%|████████████████████████████████▍                  | 221/347 [00:21<00:10, 11.95it/s]
Evaluate:  64%|████████████████████████████████▊                  | 223/347 [00:21<00:10, 11.93it/s]
Evaluate:  65%|█████████████████████████████████                  | 225/347 [00:22<00:10, 11.91it/s]
Evaluate:  65%|█████████████████████████████████▎                 | 227/347 [00:22<00:10, 11.48it/s]
Evaluate:  66%|█████████████████████████████████▋                 | 229/347 [00:22<00:10, 11.61it/s]
Evaluate:  67%|█████████████████████████████████▉                 | 231/347 [00:22<00:09, 11.77it/s]
Evaluate:  67%|██████████████████████████████████▏                | 233/347 [00:22<00:09, 11.89it/s]
Evaluate:  68%|██████████████████████████████████▌                | 235/347 [00:22<00:09, 11.88it/s]
Evaluate:  68%|██████████████████████████████████▊                | 237/347 [00:23<00:09, 11.87it/s]
Evaluate:  69%|███████████████████████████████████▏               | 239/347 [00:23<00:09, 11.87it/s]
Evaluate:  69%|███████████████████████████████████▍               | 241/347 [00:23<00:08, 11.96it/s]
Evaluate:  70%|███████████████████████████████████▋               | 243/347 [00:23<00:09, 11.21it/s]
Evaluate:  71%|████████████████████████████████████               | 245/347 [00:23<00:08, 11.39it/s]
Evaluate:  71%|████████████████████████████████████▎              | 247/347 [00:24<00:08, 11.53it/s]
Evaluate:  72%|████████████████████████████████████▌              | 249/347 [00:24<00:08, 11.71it/s]
Evaluate:  72%|████████████████████████████████████▉              | 251/347 [00:24<00:08, 11.86it/s]
Evaluate:  73%|█████████████████████████████████████▏             | 253/347 [00:24<00:08, 11.45it/s]
Evaluate:  73%|█████████████████████████████████████▍             | 255/347 [00:24<00:07, 11.66it/s]
Evaluate:  74%|█████████████████████████████████████▊             | 257/347 [00:24<00:07, 11.82it/s]
Evaluate:  75%|██████████████████████████████████████             | 259/347 [00:25<00:07, 11.83it/s]
Evaluate:  75%|██████████████████████████████████████▎            | 261/347 [00:25<00:07, 11.93it/s]
Evaluate:  76%|██████████████████████████████████████▋            | 263/347 [00:25<00:07, 11.91it/s]
Evaluate:  76%|██████████████████████████████████████▉            | 265/347 [00:25<00:06, 11.90it/s]
Evaluate:  77%|███████████████████████████████████████▏           | 267/347 [00:25<00:06, 11.99it/s]
Evaluate:  78%|███████████████████████████████████████▌           | 269/347 [00:25<00:06, 11.95it/s]
Evaluate:  78%|███████████████████████████████████████▊           | 271/347 [00:26<00:06, 12.02it/s]
Evaluate:  79%|████████████████████████████████████████           | 273/347 [00:26<00:06, 12.07it/s]
Evaluate:  79%|████████████████████████████████████████▍          | 275/347 [00:26<00:05, 12.11it/s]
Evaluate:  80%|████████████████████████████████████████▋          | 277/347 [00:26<00:05, 12.04it/s]
Evaluate:  80%|█████████████████████████████████████████          | 279/347 [00:26<00:05, 11.65it/s]
Evaluate:  81%|█████████████████████████████████████████▎         | 281/347 [00:26<00:05, 11.81it/s]
Evaluate:  82%|█████████████████████████████████████████▌         | 283/347 [00:27<00:05, 11.83it/s]
Evaluate:  82%|█████████████████████████████████████████▉         | 285/347 [00:27<00:05, 12.03it/s]
Evaluate:  83%|██████████████████████████████████████████▏        | 287/347 [00:27<00:05, 11.55it/s]
Evaluate:  83%|██████████████████████████████████████████▍        | 289/347 [00:27<00:04, 11.74it/s]
Evaluate:  84%|██████████████████████████████████████████▊        | 291/347 [00:27<00:04, 11.87it/s]
Evaluate:  84%|███████████████████████████████████████████        | 293/347 [00:27<00:04, 11.88it/s]
Evaluate:  85%|███████████████████████████████████████████▎       | 295/347 [00:28<00:04, 11.97it/s]
Evaluate:  86%|███████████████████████████████████████████▋       | 297/347 [00:28<00:04, 12.05it/s]
Evaluate:  86%|███████████████████████████████████████████▉       | 299/347 [00:28<00:04, 11.65it/s]
Evaluate:  87%|████████████████████████████████████████████▏      | 301/347 [00:28<00:03, 11.73it/s]
Evaluate:  87%|████████████████████████████████████████████▌      | 303/347 [00:28<00:03, 11.96it/s]
Evaluate:  88%|████████████████████████████████████████████▊      | 305/347 [00:28<00:03, 12.04it/s]
Evaluate:  88%|█████████████████████████████████████████████      | 307/347 [00:29<00:03, 12.08it/s]
Evaluate:  89%|█████████████████████████████████████████████▍     | 309/347 [00:29<00:03, 12.01it/s]
Evaluate:  90%|█████████████████████████████████████████████▋     | 311/347 [00:29<00:03, 12.00it/s]
Evaluate:  90%|██████████████████████████████████████████████     | 313/347 [00:29<00:02, 12.13it/s]
Evaluate:  91%|██████████████████████████████████████████████▎    | 315/347 [00:29<00:02, 11.61it/s]
Evaluate:  91%|██████████████████████████████████████████████▌    | 317/347 [00:29<00:02, 11.69it/s]
Evaluate:  92%|██████████████████████████████████████████████▉    | 319/347 [00:30<00:02, 11.84it/s]
Evaluate:  93%|███████████████████████████████████████████████▏   | 321/347 [00:30<00:02, 11.95it/s]
Evaluate:  93%|███████████████████████████████████████████████▍   | 323/347 [00:30<00:01, 12.02it/s]
Evaluate:  94%|███████████████████████████████████████████████▊   | 325/347 [00:30<00:01, 12.07it/s]
Evaluate:  94%|████████████████████████████████████████████████   | 327/347 [00:30<00:01, 12.21it/s]
Evaluate:  95%|████████████████████████████████████████████████▎  | 329/347 [00:30<00:01, 12.20it/s]
Evaluate:  95%|████████████████████████████████████████████████▋  | 331/347 [00:31<00:01, 12.20it/s]
Evaluate:  96%|████████████████████████████████████████████████▉  | 333/347 [00:31<00:01, 12.30it/s]
Evaluate:  97%|█████████████████████████████████████████████████▏ | 335/347 [00:31<00:00, 12.17it/s]
Evaluate:  97%|█████████████████████████████████████████████████▌ | 337/347 [00:31<00:00, 11.74it/s]
Evaluate:  98%|█████████████████████████████████████████████████▊ | 339/347 [00:31<00:00, 11.97it/s]
Evaluate:  98%|██████████████████████████████████████████████████ | 341/347 [00:31<00:00, 12.04it/s]
Evaluate:  99%|██████████████████████████████████████████████████▍| 343/347 [00:32<00:00, 12.09it/s]
Evaluate:  99%|██████████████████████████████████████████████████▋| 345/347 [00:32<00:00, 12.22it/s]
Evaluate: 100%|███████████████████████████████████████████████████| 347/347 [00:32<00:00, 12.38it/s]
Evaluate: 100%|███████████████████████████████████████████████████| 347/347 [00:32<00:00, 10.72it/s]
Test set: {'NDCG@10': 0.6848583094324777, 'Recall@10': 0.6848583094324777, 'NDCG@50': 0.7619579073675085, 'Recall@50': 1.0, 'MRR': 0.7045546649855908, 'AUC': 0.9994770559866077}
