Running on GPU 2


+---------------------------------------------------------------------------------------+
| NVIDIA-SMI 535.104.12             Driver Version: 535.104.12   CUDA Version: 12.2     |
|-----------------------------------------+----------------------+----------------------+
| GPU  Name                 Persistence-M | Bus-Id        Disp.A | Volatile Uncorr. ECC |
| Fan  Temp   Perf          Pwr:Usage/Cap |         Memory-Usage | GPU-Util  Compute M. |
|                                         |                      |               MIG M. |
|=========================================+======================+======================|
|   0  Tesla V100-PCIE-32GB           Off | 00000000:3B:00.0 Off |                    0 |
| N/A   42C    P0             117W / 250W |   4034MiB / 32768MiB |     52%      Default |
|                                         |                      |                  N/A |
+-----------------------------------------+----------------------+----------------------+
|   1  Tesla V100-PCIE-32GB           Off | 00000000:AF:00.0 Off |                    0 |
| N/A   40C    P0             135W / 250W |   2592MiB / 32768MiB |     51%      Default |
|                                         |                      |                  N/A |
+-----------------------------------------+----------------------+----------------------+
|   2  Tesla V100-PCIE-32GB           Off | 00000000:D8:00.0 Off |                    0 |
| N/A   37C    P0             115W / 250W |   1710MiB / 32768MiB |     42%      Default |
|                                         |                      |                  N/A |
+-----------------------------------------+----------------------+----------------------+
                                                                                         
+---------------------------------------------------------------------------------------+
| Processes:                                                                            |
|  GPU   GI   CI        PID   Type   Process name                            GPU Memory |
|        ID   ID                                                             Usage      |
|=======================================================================================|
|    0   N/A  N/A    758784      C   python                                     4030MiB |
|    1   N/A  N/A    758869      C   python                                     2588MiB |
|    2   N/A  N/A    758949      C   python                                     1706MiB |
+---------------------------------------------------------------------------------------+



╒═════════════════════════════════════════════════════════════════════════════╕
│ NVITOP 1.3.1      Driver Version: 535.104.12      CUDA Driver Version: 12.2 │
├───────────────────────────────┬──────────────────────┬──────────────────────┤
│ GPU  Name        Persistence-M│ Bus-Id        Disp.A │ Volatile Uncorr. ECC │
│ Fan  Temp  Perf  Pwr:Usage/Cap│         Memory-Usage │ GPU-Util  Compute M. │
╞═══════════════════════════════╪══════════════════════╪══════════════════════╪═══════════════════════════════════════════════════════════════════════════════════════════════════════════════════════════════════════════════════════════════════════════════════════════╕
│   0  ..a V100-PCIE-32GB  Off  │ 00000000:3B:00.0 Off │                    0 │ MEM: █████████████████▋ 10.0%                                                                                                                                                             │
│ N/A   40C    P0   126W / 250W │   3268MiB / 32.00GiB │     52%      Default │ UTL: ███████████████████████████████████████████████████████████████████████████████████████████▌ 52%                                                                                     │
├───────────────────────────────┼──────────────────────┼──────────────────────┼───────────────────────────────────────────────────────────────────────────────────────────────────────────────────────────────────────────────────────────────────────────────────────────┤
│   1  ..a V100-PCIE-32GB  Off  │ 00000000:AF:00.0 Off │                    0 │ MEM: █████████▉ 5.6%                                                                                                                                                                      │
│ N/A   36C    P0   125W / 250W │   1832MiB / 32.00GiB │     52%      Default │ UTL: ███████████████████████████████████████████████████████████████████████████████████████████▌ 52%                                                                                     │
├───────────────────────────────┼──────────────────────┼──────────────────────┼───────────────────────────────────────────────────────────────────────────────────────────────────────────────────────────────────────────────────────────────────────────────────────────┤
│   2  ..a V100-PCIE-32GB  Off  │ 00000000:D8:00.0 Off │                    0 │ MEM: █████▎ 3.0%                                                                                                                                                                          │
│ N/A   30C    P0    34W / 250W │  994.0MiB / 32.00GiB │      0%      Default │ UTL: ▏ 0%                                                                                                                                                                                 │
╘═══════════════════════════════╧══════════════════════╧══════════════════════╧═══════════════════════════════════════════════════════════════════════════════════════════════════════════════════════════════════════════════════════════════════════════════════════════╛
[ CPU: ████████████████▋ 7.6%                                                                                                                                                                                       UPTIME: 5.4 days ]  ( Load Average:  3.37  1.39  0.70 )
[ MEM: ██████████████▏ 6.5%                                                                                                                                                                                           USED: 14.43GiB ]  [ SWP: ▏ 0.0%                     ]

╒═════════════════════════════════════════════════════════════════════════════════════════════════════════════════════════════════════════════════════════════════════════════════════════════════════════════════════════════════════════════════════════════════════════╕
│ Processes:                                                                                                                                                                                                                                                  admin@lablinux │
│ GPU     PID      USER  GPU-MEM %SM  %CPU  %MEM  TIME  COMMAND                                                                                                                                                                                                           │
╞═════════════════════════════════════════════════════════════════════════════════════════════════════════════════════════════════════════════════════════════════════════════════════════════════════════════════════════════════════════════════════════════════════════╡
│   0  758784 C      admin  3244MiB  50  63.8   1.3  0:55  python zero-shot.py --pretrain_ckpt /home/admin/Elaine/RecFormer/pretrain_ckpt/recformer_seqrec_ckpt.bin --data_path /home/admin/Elaine/RecFormer/finetune_data/dataset/meta/Cell --num_train_epochs 128 --batch_size.. │
├─────────────────────────────────────────────────────────────────────────────────────────────────────────────────────────────────────────────────────────────────────────────────────────────────────────────────────────────────────────────────────────────────────────┤
│   1  758869 C      admin  1722MiB  51  67.9   1.5  0:49  python zero-shot.py --pretrain_ckpt /home/admin/Elaine/RecFormer/pretrain_ckpt/recformer_seqrec_ckpt.bin --data_path /home/admin/Elaine/RecFormer/finetune_data/dataset/meta/Electronics --num_train_epochs 128 --bat.. │
├─────────────────────────────────────────────────────────────────────────────────────────────────────────────────────────────────────────────────────────────────────────────────────────────────────────────────────────────────────────────────────────────────────────┤
│   2  758949 C      admin 366.0MiB   7  69.7   1.5  0:43  python zero-shot.py --pretrain_ckpt /home/admin/Elaine/RecFormer/pretrain_ckpt/recformer_seqrec_ckpt.bin --data_path /home/admin/Elaine/RecFormer/finetune_data/dataset/meta/Kitchen --num_train_epochs 128 --batch_s.. │
╘═════════════════════════════════════════════════════════════════════════════════════════════════════════════════════════════════════════════════════════════════════════════════════════════════════════════════════════════════════════════════════════════════════════╛



[0] Tesla V100-PCIE-32GB | 40°C,  52 % |  3122 / 32768 MB | admin(3118M)
[1] Tesla V100-PCIE-32GB | 36°C,  51 % |  1646 / 32768 MB | admin(1642M)
[2] Tesla V100-PCIE-32GB | 30°C,   0 % |     4 / 32768 MB |