(Recformer) admin@lablinux:~/Elaine/RecFormer$ time python zero-shot.py --pretrain_ckpt /home/admin/Elaine/RecFormer/pretrain_ckpt/recformer_seqrec_ckpt.bin --data_path /home/admin/Elaine/RecFormer/finetune_data/dataset/meta/Luxury --num_train_epochs 128 --batch_size 16 --device 1 --fp16 --finetune_negative_sample_size -1 > /home/admin/Elaine/RecFormer/zeroShot_I/Luxury.log 2>&1

real    0m13.266s
user    0m14.328s
sys     0m11.877s

Global seed set to 42
The tokenizer class you load from this checkpoint is not the same type as the class this function is called from. It may result in unexpected tokenization. 
The tokenizer class you load from this checkpoint is 'LongformerTokenizer'. 
The class this function is called from is 'RecformerTokenizer'.
Namespace(pretrain_ckpt='/home/admin/Elaine/RecFormer/pretrain_ckpt/recformer_seqrec_ckpt.bin', data_path='/home/admin/Elaine/RecFormer/finetune_data/dataset/meta/Luxury', output_dir='checkpoints', ckpt='best_model.bin', model_name_or_path='allenai/longformer-base-4096', train_file='train.json', dev_file='val.json', test_file='test.json', item2id_file='smap.json', meta_file='meta_data.json', preprocessing_num_workers=8, dataloader_num_workers=0, temp=0.05, num_train_epochs=128, gradient_accumulation_steps=8, finetune_negative_sample_size=-1, metric_ks=[10, 50], batch_size=16, learning_rate=5e-05, weight_decay=0, warmup_steps=100, device=0, fp16=True, fix_word_embedding=False, verbose=3)
Loading attribute data /home/admin/Elaine/RecFormer/finetune_data/dataset/meta/Luxury

[Tokenize] /home/admin/Elaine/RecFormer/finetune_data/dataset/meta/Luxury:   0%| | 0/1342 [00:00<?, ?it
[Tokenize] /home/admin/Elaine/RecFormer/finetune_data/dataset/meta/Luxury: 100%|█| 1342/1342 [00:00<00:
Successfully load 1342 tokenized items.
Encoding items.

Encode all items:   0%|                                                      | 0/84 [00:00<?, ?it/s]/home/admin/anaconda3/envs/Recformer/lib/python3.10/site-packages/transformers/modeling_utils.py:862: FutureWarning: The `device` argument is deprecated and will be removed in v5 of Transformers.
  warnings.warn(

Encode all items:   1%|▌                                             | 1/84 [00:00<01:08,  1.21it/s]
Encode all items:   2%|█                                             | 2/84 [00:01<00:39,  2.10it/s]
Encode all items:   4%|█▋                                            | 3/84 [00:01<00:29,  2.75it/s]
Encode all items:   5%|██▏                                           | 4/84 [00:01<00:25,  3.16it/s]
Encode all items:   6%|██▋                                           | 5/84 [00:01<00:21,  3.68it/s]
Encode all items:   7%|███▎                                          | 6/84 [00:01<00:19,  3.94it/s]
Encode all items:   8%|███▊                                          | 7/84 [00:02<00:18,  4.07it/s]
Encode all items:  10%|████▍                                         | 8/84 [00:02<00:18,  4.10it/s]
Encode all items:  11%|████▉                                         | 9/84 [00:02<00:18,  4.11it/s]
Encode all items:  12%|█████▎                                       | 10/84 [00:02<00:16,  4.41it/s]
Encode all items:  13%|█████▉                                       | 11/84 [00:03<00:16,  4.34it/s]
Encode all items:  14%|██████▍                                      | 12/84 [00:03<00:16,  4.30it/s]
Encode all items:  15%|██████▉                                      | 13/84 [00:03<00:16,  4.27it/s]
Encode all items:  17%|███████▌                                     | 14/84 [00:03<00:16,  4.22it/s]
Encode all items:  18%|████████                                     | 15/84 [00:03<00:15,  4.55it/s]
Encode all items:  19%|████████▌                                    | 16/84 [00:04<00:14,  4.59it/s]
Encode all items:  20%|█████████                                    | 17/84 [00:04<00:15,  4.46it/s]
Encode all items:  21%|█████████▋                                   | 18/84 [00:04<00:15,  4.38it/s]
Encode all items:  23%|██████████▏                                  | 19/84 [00:04<00:15,  4.32it/s]
Encode all items:  24%|██████████▋                                  | 20/84 [00:05<00:14,  4.30it/s]
Encode all items:  25%|███████████▎                                 | 21/84 [00:05<00:14,  4.45it/s]
Encode all items:  26%|███████████▊                                 | 22/84 [00:05<00:14,  4.38it/s]
Encode all items:  27%|████████████▎                                | 23/84 [00:05<00:14,  4.33it/s]
Encode all items:  29%|████████████▊                                | 24/84 [00:06<00:13,  4.29it/s]
Encode all items:  30%|█████████████▍                               | 25/84 [00:06<00:13,  4.24it/s]
Encode all items:  31%|█████████████▉                               | 26/84 [00:06<00:12,  4.48it/s]
Encode all items:  32%|██████████████▍                              | 27/84 [00:06<00:12,  4.39it/s]
Encode all items:  33%|███████████████                              | 28/84 [00:06<00:12,  4.33it/s]
Encode all items:  35%|███████████████▌                             | 29/84 [00:07<00:12,  4.29it/s]
Encode all items:  36%|████████████████                             | 30/84 [00:07<00:12,  4.18it/s]
Encode all items:  37%|████████████████▌                            | 31/84 [00:07<00:11,  4.46it/s]
Encode all items:  38%|█████████████████▏                           | 32/84 [00:07<00:11,  4.38it/s]
Encode all items:  39%|█████████████████▋                           | 33/84 [00:08<00:11,  4.33it/s]
Encode all items:  40%|██████████████████▏                          | 34/84 [00:08<00:11,  4.29it/s]
Encode all items:  42%|██████████████████▊                          | 35/84 [00:08<00:11,  4.23it/s]
Encode all items:  43%|███████████████████▎                         | 36/84 [00:08<00:10,  4.49it/s]
Encode all items:  44%|███████████████████▊                         | 37/84 [00:09<00:10,  4.40it/s]
Encode all items:  45%|████████████████████▎                        | 38/84 [00:09<00:10,  4.41it/s]
Encode all items:  46%|████████████████████▉                        | 39/84 [00:09<00:10,  4.38it/s]
Encode all items:  48%|█████████████████████▍                       | 40/84 [00:09<00:10,  4.33it/s]
Encode all items:  49%|█████████████████████▉                       | 41/84 [00:09<00:09,  4.39it/s]
Encode all items:  50%|██████████████████████▌                      | 42/84 [00:10<00:08,  4.70it/s]
Encode all items:  51%|███████████████████████                      | 43/84 [00:10<00:08,  4.59it/s]
Encode all items:  52%|███████████████████████▌                     | 44/84 [00:10<00:08,  4.46it/s]
Encode all items:  54%|████████████████████████                     | 45/84 [00:10<00:08,  4.42it/s]
Encode all items:  55%|████████████████████████▋                    | 46/84 [00:11<00:08,  4.32it/s]
Encode all items:  56%|█████████████████████████▏                   | 47/84 [00:11<00:08,  4.56it/s]
Encode all items:  57%|█████████████████████████▋                   | 48/84 [00:11<00:08,  4.45it/s]
Encode all items:  58%|██████████████████████████▎                  | 49/84 [00:11<00:08,  4.37it/s]
Encode all items:  60%|██████████████████████████▊                  | 50/84 [00:11<00:07,  4.31it/s]
Encode all items:  61%|███████████████████████████▎                 | 51/84 [00:12<00:07,  4.26it/s]
Encode all items:  62%|███████████████████████████▊                 | 52/84 [00:12<00:07,  4.52it/s]
Encode all items:  63%|████████████████████████████▍                | 53/84 [00:12<00:06,  4.65it/s]
Encode all items:  64%|████████████████████████████▉                | 54/84 [00:12<00:06,  4.51it/s]
Encode all items:  65%|█████████████████████████████▍               | 55/84 [00:13<00:06,  4.41it/s]
Encode all items:  67%|██████████████████████████████               | 56/84 [00:13<00:06,  4.35it/s]
Encode all items:  68%|██████████████████████████████▌              | 57/84 [00:13<00:06,  4.27it/s]
Encode all items:  69%|███████████████████████████████              | 58/84 [00:13<00:05,  4.49it/s]
Encode all items:  70%|███████████████████████████████▌             | 59/84 [00:13<00:05,  4.66it/s]
Encode all items:  71%|████████████████████████████████▏            | 60/84 [00:14<00:05,  4.74it/s]
Encode all items:  73%|████████████████████████████████▋            | 61/84 [00:14<00:05,  4.56it/s]
Encode all items:  74%|█████████████████████████████████▏           | 62/84 [00:14<00:04,  4.56it/s]
Encode all items:  75%|█████████████████████████████████▊           | 63/84 [00:14<00:04,  4.52it/s]
Encode all items:  76%|██████████████████████████████████▎          | 64/84 [00:15<00:04,  4.43it/s]
Encode all items:  77%|██████████████████████████████████▊          | 65/84 [00:15<00:04,  4.50it/s]
Encode all items:  79%|███████████████████████████████████▎         | 66/84 [00:15<00:03,  4.67it/s]
Encode all items:  80%|███████████████████████████████████▉         | 67/84 [00:15<00:03,  4.71it/s]
Encode all items:  81%|████████████████████████████████████▍        | 68/84 [00:15<00:03,  4.56it/s]
Encode all items:  82%|████████████████████████████████████▉        | 69/84 [00:16<00:03,  4.45it/s]
Encode all items:  83%|█████████████████████████████████████▌       | 70/84 [00:16<00:03,  4.37it/s]
Encode all items:  85%|██████████████████████████████████████       | 71/84 [00:16<00:03,  4.33it/s]
Encode all items:  86%|██████████████████████████████████████▌      | 72/84 [00:16<00:02,  4.46it/s]
Encode all items:  87%|███████████████████████████████████████      | 73/84 [00:17<00:02,  4.37it/s]
Encode all items:  88%|███████████████████████████████████████▋     | 74/84 [00:17<00:02,  4.32it/s]
Encode all items:  89%|████████████████████████████████████████▏    | 75/84 [00:17<00:02,  4.28it/s]
Encode all items:  90%|████████████████████████████████████████▋    | 76/84 [00:17<00:01,  4.18it/s]
Encode all items:  92%|█████████████████████████████████████████▎   | 77/84 [00:18<00:01,  4.46it/s]
Encode all items:  93%|█████████████████████████████████████████▊   | 78/84 [00:18<00:01,  4.48it/s]
Encode all items:  94%|██████████████████████████████████████████▎  | 79/84 [00:18<00:01,  4.56it/s]
Encode all items:  95%|██████████████████████████████████████████▊  | 80/84 [00:18<00:00,  4.57it/s]
Encode all items:  96%|███████████████████████████████████████████▍ | 81/84 [00:18<00:00,  4.51it/s]
Encode all items:  98%|███████████████████████████████████████████▉ | 82/84 [00:19<00:00,  4.46it/s]
Encode all items:  99%|████████████████████████████████████████████▍| 83/84 [00:19<00:00,  4.73it/s]
Encode all items: 100%|█████████████████████████████████████████████| 84/84 [00:19<00:00,  4.74it/s]
Encode all items: 100%|█████████████████████████████████████████████| 84/84 [00:19<00:00,  4.30it/s]
Initalize item embeddings from vectors.

Evaluate:   0%|                                                              | 0/49 [00:00<?, ?it/s]
Evaluate:   2%|█                                                     | 1/49 [00:00<00:12,  3.87it/s]
Evaluate:   4%|██▏                                                   | 2/49 [00:00<00:14,  3.18it/s]
Evaluate:   6%|███▎                                                  | 3/49 [00:00<00:12,  3.55it/s]
Evaluate:   8%|████▍                                                 | 4/49 [00:01<00:12,  3.46it/s]
Evaluate:  10%|█████▌                                                | 5/49 [00:01<00:13,  3.21it/s]
Evaluate:  12%|██████▌                                               | 6/49 [00:01<00:13,  3.07it/s]
Evaluate:  14%|███████▋                                              | 7/49 [00:02<00:12,  3.38it/s]
Evaluate:  16%|████████▊                                             | 8/49 [00:02<00:11,  3.43it/s]
Evaluate:  18%|█████████▉                                            | 9/49 [00:02<00:12,  3.31it/s]
Evaluate:  20%|██████████▊                                          | 10/49 [00:03<00:12,  3.16it/s]
Evaluate:  22%|███████████▉                                         | 11/49 [00:03<00:11,  3.25it/s]
Evaluate:  24%|████████████▉                                        | 12/49 [00:03<00:10,  3.45it/s]
Evaluate:  27%|██████████████                                       | 13/49 [00:03<00:10,  3.57it/s]
Evaluate:  29%|███████████████▏                                     | 14/49 [00:04<00:09,  3.76it/s]
Evaluate:  31%|████████████████▏                                    | 15/49 [00:04<00:08,  3.89it/s]
Evaluate:  33%|█████████████████▎                                   | 16/49 [00:04<00:08,  3.87it/s]
Evaluate:  35%|██████████████████▍                                  | 17/49 [00:04<00:08,  3.91it/s]
Evaluate:  37%|███████████████████▍                                 | 18/49 [00:05<00:08,  3.87it/s]
Evaluate:  39%|████████████████████▌                                | 19/49 [00:05<00:07,  3.88it/s]
Evaluate:  41%|█████████████████████▋                               | 20/49 [00:05<00:07,  4.00it/s]
Evaluate:  43%|██████████████████████▋                              | 21/49 [00:05<00:06,  4.15it/s]
Evaluate:  45%|███████████████████████▊                             | 22/49 [00:06<00:06,  4.04it/s]
Evaluate:  47%|████████████████████████▉                            | 23/49 [00:06<00:06,  3.72it/s]
Evaluate:  49%|█████████████████████████▉                           | 24/49 [00:06<00:07,  3.56it/s]
Evaluate:  51%|███████████████████████████                          | 25/49 [00:07<00:07,  3.30it/s]
Evaluate:  53%|████████████████████████████                         | 26/49 [00:07<00:06,  3.42it/s]
Evaluate:  55%|█████████████████████████████▏                       | 27/49 [00:07<00:06,  3.45it/s]
Evaluate:  57%|██████████████████████████████▎                      | 28/49 [00:07<00:05,  3.80it/s]
Evaluate:  59%|███████████████████████████████▎                     | 29/49 [00:08<00:05,  3.80it/s]
Evaluate:  61%|████████████████████████████████▍                    | 30/49 [00:08<00:04,  3.81it/s]
Evaluate:  63%|█████████████████████████████████▌                   | 31/49 [00:08<00:04,  3.81it/s]
Evaluate:  65%|██████████████████████████████████▌                  | 32/49 [00:08<00:04,  3.63it/s]
Evaluate:  67%|███████████████████████████████████▋                 | 33/49 [00:09<00:04,  3.57it/s]
Evaluate:  69%|████████████████████████████████████▊                | 34/49 [00:09<00:04,  3.69it/s]
Evaluate:  71%|█████████████████████████████████████▊               | 35/49 [00:09<00:03,  3.74it/s]
Evaluate:  73%|██████████████████████████████████████▉              | 36/49 [00:09<00:03,  3.93it/s]
Evaluate:  76%|████████████████████████████████████████             | 37/49 [00:10<00:02,  4.15it/s]
Evaluate:  78%|█████████████████████████████████████████            | 38/49 [00:10<00:02,  3.98it/s]
Evaluate:  80%|██████████████████████████████████████████▏          | 39/49 [00:10<00:02,  4.29it/s]
Evaluate:  82%|███████████████████████████████████████████▎         | 40/49 [00:10<00:02,  4.40it/s]
Evaluate:  84%|████████████████████████████████████████████▎        | 41/49 [00:11<00:01,  4.43it/s]
Evaluate:  86%|█████████████████████████████████████████████▍       | 42/49 [00:11<00:01,  3.81it/s]
Evaluate:  88%|██████████████████████████████████████████████▌      | 43/49 [00:11<00:01,  3.72it/s]
Evaluate:  90%|███████████████████████████████████████████████▌     | 44/49 [00:11<00:01,  3.88it/s]
Evaluate:  92%|████████████████████████████████████████████████▋    | 45/49 [00:12<00:00,  4.09it/s]
Evaluate:  94%|█████████████████████████████████████████████████▊   | 46/49 [00:12<00:00,  4.03it/s]
Evaluate:  96%|██████████████████████████████████████████████████▊  | 47/49 [00:12<00:00,  3.97it/s]
Evaluate:  98%|███████████████████████████████████████████████████▉ | 48/49 [00:12<00:00,  4.01it/s]
Evaluate: 100%|█████████████████████████████████████████████████████| 49/49 [00:13<00:00,  4.35it/s]
Evaluate: 100%|█████████████████████████████████████████████████████| 49/49 [00:13<00:00,  3.76it/s]
Test set: {'NDCG@10': 0.7123144712983346, 'Recall@10': 0.7123144712983346, 'NDCG@50': 0.7842358533216982, 'Recall@50': 1.0, 'MRR': 0.7314934973814049, 'AUC': 0.9969987954412188}
