Running on GPU 1

╒═════════════════════════════════════════════════════════════════════════════╕
│ NVITOP 1.3.1      Driver Version: 535.104.12      CUDA Driver Version: 12.2 │
├───────────────────────────────┬──────────────────────┬──────────────────────┤
│ GPU  Name        Persistence-M│ Bus-Id        Disp.A │ Volatile Uncorr. ECC │
│ Fan  Temp  Perf  Pwr:Usage/Cap│         Memory-Usage │ GPU-Util  Compute M. │
╞═══════════════════════════════╪══════════════════════╪══════════════════════╪═════════════════════════════════════════════════════════════════════════════════════════════════════════════════════════════════════════════════╕
│   0  ..a V100-PCIE-32GB  Off  │ 00000000:3B:00.0 Off │                    0 │ MEM: █████████████████████████████████████████████████████████████████████████████████████████████████████████████████████████████▌ 93.7%       │
│ N/A   58C    P0   171W / 250W │  29.98GiB / 32.00GiB │     92%      Default │ UTL: ███████████████████████████████████████████████████████████████████████████████████████████████████████████████████████████▎ 92%           │
├───────────────────────────────┼──────────────────────┼──────────────────────┼─────────────────────────────────────────────────────────────────────────────────────────────────────────────────────────────────────────────────┤
│   1  ..a V100-PCIE-32GB  Off  │ 00000000:AF:00.0 Off │                    0 │ MEM: █████▌ 4.1%                                                                                                                                │
│ N/A   33C    P0   159W / 250W │   1344MiB / 32.00GiB │     76%      Default │ UTL: █████████████████████████████████████████████████████████████████████████████████████████████████████▉ 76%                                 │
├───────────────────────────────┼──────────────────────┼──────────────────────┼─────────────────────────────────────────────────────────────────────────────────────────────────────────────────────────────────────────────────┤
│   2  ..a V100-PCIE-32GB  Off  │ 00000000:D8:00.0 Off │                    0 │ MEM: ▏ 0.0%                                                                                                                                     │
│ N/A   30C    P0    24W / 250W │   4.00MiB / 32.00GiB │      0%      Default │ UTL: ▏ 0%                                                                                                                                       │
╘═══════════════════════════════╧══════════════════════╧══════════════════════╧═════════════════════════════════════════════════════════════════════════════════════════════════════════════════════════════════════════════════╛
[ CPU: ██████▎ 3.6%                                                                                                                                                       UPTIME: 5.5 days ]  ( Load Average:  1.64  1.41  1.54 )
[ MEM: ████████▍ 4.8%                                                                                                                                                       USED: 10.05GiB ]  [ SWP: ▏ 0.0%                     ]

╒═══════════════════════════════════════════════════════════════════════════════════════════════════════════════════════════════════════════════════════════════════════════════════════════════════════════════════════════════╕
│ Processes:                                                                                                                                                                                                        admin@lablinux │
│ GPU     PID      USER  GPU-MEM %SM  %CPU  %MEM  TIME  COMMAND                                                                                                                                                                 │
╞═══════════════════════════════════════════════════════════════════════════════════════════════════════════════════════════════════════════════════════════════════════════════════════════════════════════════════════════════╡
│   0  769194 C      admin 29.60GiB  91 100.0   1.2  9:39  python zero-shot.py --pretrain_ckpt /home/admin/Elaine/RecFormer/pretrain_ckpt/recformer_seqrec_ckpt.bin --data_path /home/admin/Elaine/RecFormer/finetune_data/dataset/met.. │
│   0  770901 C      admin 386.0MiB   0  82.7   1.1  0:07  python zero-shot.py --pretrain_ckpt /home/admin/Elaine/RecFormer/pretrain_ckpt/recformer_seqrec_ckpt.bin --data_path /home/admin/Elaine/RecFormer/finetune_data/dataset/met.. │
├───────────────────────────────────────────────────────────────────────────────────────────────────────────────────────────────────────────────────────────────────────────────────────────────────────────────────────────────┤
│   1  770901 C      admin  1030MiB   5   0.0   1.1  0:07  python zero-shot.py --pretrain_ckpt /home/admin/Elaine/RecFormer/pretrain_ckpt/recformer_seqrec_ckpt.bin --data_path /home/admin/Elaine/RecFormer/finetune_data/dataset/met.. │
╘═══════════════════════════════════════════════════════════════════════════════════════════════════════════════════════════════════════════════════════════════════════════════════════════════════════════════════════════════╛



+---------------------------------------------------------------------------------------+
| NVIDIA-SMI 535.104.12             Driver Version: 535.104.12   CUDA Version: 12.2     |
|-----------------------------------------+----------------------+----------------------+
| GPU  Name                 Persistence-M | Bus-Id        Disp.A | Volatile Uncorr. ECC |
| Fan  Temp   Perf          Pwr:Usage/Cap |         Memory-Usage | GPU-Util  Compute M. |
|                                         |                      |               MIG M. |
|=========================================+======================+======================|
|   0  Tesla V100-PCIE-32GB           Off | 00000000:3B:00.0 Off |                    0 |
| N/A   58C    P0             168W / 250W |  30316MiB / 32768MiB |     90%      Default |
|                                         |                      |                  N/A |
+-----------------------------------------+----------------------+----------------------+
|   1  Tesla V100-PCIE-32GB           Off | 00000000:AF:00.0 Off |                    0 |
| N/A   30C    P0              34W / 250W |    368MiB / 32768MiB |      7%      Default |
|                                         |                      |                  N/A |
+-----------------------------------------+----------------------+----------------------+
|   2  Tesla V100-PCIE-32GB           Off | 00000000:D8:00.0 Off |                    0 |
| N/A   30C    P0              23W / 250W |      4MiB / 32768MiB |      0%      Default |
|                                         |                      |                  N/A |
+-----------------------------------------+----------------------+----------------------+
                                                                                         
+---------------------------------------------------------------------------------------+
| Processes:                                                                            |
|  GPU   GI   CI        PID   Type   Process name                            GPU Memory |
|        ID   ID                                                             Usage      |
|=======================================================================================|
|    0   N/A  N/A    769194      C   python                                    30312MiB |
|    1   N/A  N/A    771099      C   python                                      364MiB |
+---------------------------------------------------------------------------------------+


[0] Tesla V100-PCIE-32GB | 58°C,  92 % | 30702 / 32768 MB | admin(30312M) admin(386M)
[1] Tesla V100-PCIE-32GB | 35°C,  61 % |  1344 / 32768 MB | admin(1340M)
[2] Tesla V100-PCIE-32GB | 30°C,   0 % |     4 / 32768 MB |
