Running on GPU 1


╒═════════════════════════════════════════════════════════════════════════════╕
│ NVITOP 1.3.1      Driver Version: 535.104.12      CUDA Driver Version: 12.2 │
├───────────────────────────────┬──────────────────────┬──────────────────────┤
│ GPU  Name        Persistence-M│ Bus-Id        Disp.A │ Volatile Uncorr. ECC │
│ Fan  Temp  Perf  Pwr:Usage/Cap│         Memory-Usage │ GPU-Util  Compute M. │
╞═══════════════════════════════╪══════════════════════╪══════════════════════╪═══════════════════════════════════════════════════════════════════════════════════════════════════════════════════════════════════════════════════════════════════════════════════════════╕
│   0  ..a V100-PCIE-32GB  Off  │ 00000000:3B:00.0 Off │                    0 │ MEM: █████████▉ 5.6%                                                                                                                                                                      │
│ N/A   34C    P0   111W / 250W │   1822MiB / 32.00GiB │     42%      Default │ UTL: █████████████████████████████████████████████████████████████████████████▉ 42%                                                                                                       │
├───────────────────────────────┼──────────────────────┼──────────────────────┼───────────────────────────────────────────────────────────────────────────────────────────────────────────────────────────────────────────────────────────────────────────────────────────┤
│   1  ..a V100-PCIE-32GB  Off  │ 00000000:AF:00.0 Off │                    0 │ MEM: ██████▍ 3.6%                                                                                                                                                                         │
│ N/A   32C    P0   106W / 250W │   1186MiB / 32.00GiB │     52%      Default │ UTL: ███████████████████████████████████████████████████████████████████████████████████████████▌ 52%                                                                                     │
├───────────────────────────────┼──────────────────────┼──────────────────────┼───────────────────────────────────────────────────────────────────────────────────────────────────────────────────────────────────────────────────────────────────────────────────────────┤
│   2  ..a V100-PCIE-32GB  Off  │ 00000000:D8:00.0 Off │                    0 │ MEM: ▏ 0.0%                                                                                                                                                                               │
│ N/A   30C    P0    24W / 250W │   4.00MiB / 32.00GiB │      0%      Default │ UTL: ▏ 0%                                                                                                                                                                                 │
╘═══════════════════════════════╧══════════════════════╧══════════════════════╧═══════════════════════════════════════════════════════════════════════════════════════════════════════════════════════════════════════════════════════════════════════════════════════════╛
[ CPU: ███████████████▋ 7.2%                                                                                                                                                                                        UPTIME: 5.7 days ]  ( Load Average:  0.65  0.41  0.28 )
[ MEM: ██████████ 4.6%                                                                                                                                                                                                 USED: 9.56GiB ]  [ SWP: ▏ 0.0%                     ]

╒═════════════════════════════════════════════════════════════════════════════════════════════════════════════════════════════════════════════════════════════════════════════════════════════════════════════════════════════════════════════════════════════════════════╕
│ Processes:                                                                                                                                                                                                                                                  admin@lablinux │
│ GPU     PID      USER  GPU-MEM %SM  %CPU  %MEM  TIME  COMMAND                                                                                                                                                                                                           │
╞═════════════════════════════════════════════════════════════════════════════════════════════════════════════════════════════════════════════════════════════════════════════════════════════════════════════════════════════════════════════════════════════════════════╡
│   0  805048 C      admin  1770MiB  42 100.1   1.1  0:25  python zero-shot.py --pretrain_ckpt /home/admin/Elaine/RecFormer/pretrain_ckpt/recformer_seqrec_ckpt.bin --data_path /home/admin/Elaine/RecFormer/finetune_data/dataset/meta/Pet --num_train_epochs 128 --batch_size .. │
├─────────────────────────────────────────────────────────────────────────────────────────────────────────────────────────────────────────────────────────────────────────────────────────────────────────────────────────────────────────────────────────────────────────┤
│   1  805182 C      admin  1134MiB  51  99.6   1.0  0:10  python zero-shot.py --pretrain_ckpt /home/admin/Elaine/RecFormer/pretrain_ckpt/recformer_seqrec_ckpt.bin --data_path /home/admin/Elaine/RecFormer/finetune_data/dataset/meta/Pantry --num_train_epochs 128 --batch_si.. │
╘═════════════════════════════════════════════════════════════════════════════════════════════════════════════════════════════════════════════════════════════════════════════════════════════════════════════════════════════════════════════════════════════════════════╛