(Recformer) admin@lablinux:~/Elaine/RecFormer$ time python zero-shot.py --pretrain_ckpt /home/admin/Elaine/RecFormer/pretrain_ckpt/recformer_seqrec_ckpt.bin --data_path /home/admin/Elaine/RecFormer/finetune_data/dataset/meta/Pantry --num_train_epochs 128 --batch_size 16 --device 1 --fp16 --finetune_negative_sample_size -1 > /home/admin/Elaine/RecFormer/zeroShot_I/Pantry.log 2>&1

real    0m41.188s
user    0m43.375s
sys     0m12.568s

Global seed set to 42
The tokenizer class you load from this checkpoint is not the same type as the class this function is called from. It may result in unexpected tokenization. 
The tokenizer class you load from this checkpoint is 'LongformerTokenizer'. 
The class this function is called from is 'RecformerTokenizer'.
Namespace(pretrain_ckpt='/home/admin/Elaine/RecFormer/pretrain_ckpt/recformer_seqrec_ckpt.bin', data_path='/home/admin/Elaine/RecFormer/finetune_data/dataset/meta/Pantry', output_dir='checkpoints', ckpt='best_model.bin', model_name_or_path='allenai/longformer-base-4096', train_file='train.json', dev_file='val.json', test_file='test.json', item2id_file='smap.json', meta_file='meta_data.json', preprocessing_num_workers=8, dataloader_num_workers=0, temp=0.05, num_train_epochs=128, gradient_accumulation_steps=8, finetune_negative_sample_size=-1, metric_ks=[10, 50], batch_size=16, learning_rate=5e-05, weight_decay=0, warmup_steps=100, device=1, fp16=True, fix_word_embedding=False, verbose=3)
Loading attribute data /home/admin/Elaine/RecFormer/finetune_data/dataset/meta/Pantry

[Tokenize] /home/admin/Elaine/RecFormer/finetune_data/dataset/meta/Pantry:   0%| | 0/4437 [00:00<?, ?it
[Tokenize] /home/admin/Elaine/RecFormer/finetune_data/dataset/meta/Pantry:  29%|▎| 1292/4437 [00:00<00:
[Tokenize] /home/admin/Elaine/RecFormer/finetune_data/dataset/meta/Pantry:  66%|▋| 2950/4437 [00:00<00:
[Tokenize] /home/admin/Elaine/RecFormer/finetune_data/dataset/meta/Pantry: 100%|█| 4437/4437 [00:00<00:
Successfully load 4437 tokenized items.
Encoding items.

Encode all items:   0%|                                                     | 0/278 [00:00<?, ?it/s]/home/admin/anaconda3/envs/Recformer/lib/python3.10/site-packages/transformers/modeling_utils.py:862: FutureWarning: The `device` argument is deprecated and will be removed in v5 of Transformers.
  warnings.warn(

Encode all items:   0%|▏                                            | 1/278 [00:00<01:20,  3.45it/s]
Encode all items:   1%|▍                                            | 3/278 [00:00<00:33,  8.20it/s]
Encode all items:   2%|▊                                            | 5/278 [00:00<00:24, 11.08it/s]
Encode all items:   3%|█▏                                           | 7/278 [00:00<00:20, 12.93it/s]
Encode all items:   3%|█▍                                           | 9/278 [00:00<00:19, 14.07it/s]
Encode all items:   4%|█▋                                          | 11/278 [00:00<00:17, 14.97it/s]
Encode all items:   5%|██                                          | 13/278 [00:01<00:17, 15.48it/s]
Encode all items:   5%|██▎                                         | 15/278 [00:01<00:16, 15.88it/s]
Encode all items:   6%|██▋                                         | 17/278 [00:01<00:16, 16.21it/s]
Encode all items:   7%|███                                         | 19/278 [00:01<00:15, 16.40it/s]
Encode all items:   8%|███▎                                        | 21/278 [00:01<00:15, 16.58it/s]
Encode all items:   8%|███▋                                        | 23/278 [00:01<00:15, 16.68it/s]
Encode all items:   9%|███▉                                        | 25/278 [00:01<00:15, 16.78it/s]
Encode all items:  10%|████▎                                       | 27/278 [00:01<00:14, 16.82it/s]
Encode all items:  10%|████▌                                       | 29/278 [00:01<00:14, 16.83it/s]
Encode all items:  11%|████▉                                       | 31/278 [00:02<00:14, 16.92it/s]
Encode all items:  12%|█████▏                                      | 33/278 [00:02<00:14, 16.88it/s]
Encode all items:  13%|█████▌                                      | 35/278 [00:02<00:14, 16.96it/s]
Encode all items:  13%|█████▊                                      | 37/278 [00:02<00:14, 16.89it/s]
Encode all items:  14%|██████▏                                     | 39/278 [00:02<00:14, 16.96it/s]
Encode all items:  15%|██████▍                                     | 41/278 [00:02<00:13, 17.00it/s]
Encode all items:  15%|██████▊                                     | 43/278 [00:02<00:13, 17.00it/s]
Encode all items:  16%|███████                                     | 45/278 [00:02<00:13, 17.01it/s]
Encode all items:  17%|███████▍                                    | 47/278 [00:03<00:13, 17.06it/s]
Encode all items:  18%|███████▊                                    | 49/278 [00:03<00:13, 17.07it/s]
Encode all items:  18%|████████                                    | 51/278 [00:03<00:13, 17.05it/s]
Encode all items:  19%|████████▍                                   | 53/278 [00:03<00:13, 17.05it/s]
Encode all items:  20%|████████▋                                   | 55/278 [00:03<00:13, 17.09it/s]
Encode all items:  21%|█████████                                   | 57/278 [00:03<00:12, 17.04it/s]
Encode all items:  21%|█████████▎                                  | 59/278 [00:03<00:12, 17.06it/s]
Encode all items:  22%|█████████▋                                  | 61/278 [00:03<00:12, 17.07it/s]
Encode all items:  23%|█████████▉                                  | 63/278 [00:03<00:12, 17.10it/s]
Encode all items:  23%|██████████▎                                 | 65/278 [00:04<00:12, 17.08it/s]
Encode all items:  24%|██████████▌                                 | 67/278 [00:04<00:12, 17.11it/s]
Encode all items:  25%|██████████▉                                 | 69/278 [00:04<00:12, 17.11it/s]
Encode all items:  26%|███████████▏                                | 71/278 [00:04<00:12, 17.11it/s]
Encode all items:  26%|███████████▌                                | 73/278 [00:04<00:11, 17.09it/s]
Encode all items:  27%|███████████▊                                | 75/278 [00:04<00:11, 17.11it/s]
Encode all items:  28%|████████████▏                               | 77/278 [00:04<00:11, 17.11it/s]
Encode all items:  28%|████████████▌                               | 79/278 [00:04<00:11, 17.10it/s]
Encode all items:  29%|████████████▊                               | 81/278 [00:05<00:11, 17.09it/s]
Encode all items:  30%|█████████████▏                              | 83/278 [00:05<00:11, 17.10it/s]
Encode all items:  31%|█████████████▍                              | 85/278 [00:05<00:11, 16.97it/s]
Encode all items:  31%|█████████████▊                              | 87/278 [00:05<00:11, 17.00it/s]
Encode all items:  32%|██████████████                              | 89/278 [00:05<00:11, 17.00it/s]
Encode all items:  33%|██████████████▍                             | 91/278 [00:05<00:10, 17.05it/s]
Encode all items:  33%|██████████████▋                             | 93/278 [00:05<00:10, 17.08it/s]
Encode all items:  34%|███████████████                             | 95/278 [00:05<00:10, 17.11it/s]
Encode all items:  35%|███████████████▎                            | 97/278 [00:05<00:10, 17.12it/s]
Encode all items:  36%|███████████████▋                            | 99/278 [00:06<00:10, 17.14it/s]
Encode all items:  36%|███████████████▌                           | 101/278 [00:06<00:10, 17.14it/s]
Encode all items:  37%|███████████████▉                           | 103/278 [00:06<00:10, 17.15it/s]
Encode all items:  38%|████████████████▏                          | 105/278 [00:06<00:10, 17.15it/s]
Encode all items:  38%|████████████████▌                          | 107/278 [00:06<00:09, 17.16it/s]
Encode all items:  39%|████████████████▊                          | 109/278 [00:06<00:09, 17.15it/s]
Encode all items:  40%|█████████████████▏                         | 111/278 [00:06<00:09, 17.15it/s]
Encode all items:  41%|█████████████████▍                         | 113/278 [00:06<00:09, 17.14it/s]
Encode all items:  41%|█████████████████▊                         | 115/278 [00:06<00:09, 17.16it/s]
Encode all items:  42%|██████████████████                         | 117/278 [00:07<00:09, 17.13it/s]
Encode all items:  43%|██████████████████▍                        | 119/278 [00:07<00:09, 17.14it/s]
Encode all items:  44%|██████████████████▋                        | 121/278 [00:07<00:09, 17.14it/s]
Encode all items:  44%|███████████████████                        | 123/278 [00:07<00:09, 17.16it/s]
Encode all items:  45%|███████████████████▎                       | 125/278 [00:07<00:08, 17.15it/s]
Encode all items:  46%|███████████████████▋                       | 127/278 [00:07<00:08, 17.14it/s]
Encode all items:  46%|███████████████████▉                       | 129/278 [00:07<00:08, 17.14it/s]
Encode all items:  47%|████████████████████▎                      | 131/278 [00:07<00:08, 17.15it/s]
Encode all items:  48%|████████████████████▌                      | 133/278 [00:08<00:08, 17.14it/s]
Encode all items:  49%|████████████████████▉                      | 135/278 [00:08<00:08, 17.15it/s]
Encode all items:  49%|█████████████████████▏                     | 137/278 [00:08<00:08, 17.14it/s]
Encode all items:  50%|█████████████████████▌                     | 139/278 [00:08<00:08, 17.15it/s]
Encode all items:  51%|█████████████████████▊                     | 141/278 [00:08<00:07, 17.14it/s]
Encode all items:  51%|██████████████████████                     | 143/278 [00:08<00:07, 17.15it/s]
Encode all items:  52%|██████████████████████▍                    | 145/278 [00:08<00:07, 17.13it/s]
Encode all items:  53%|██████████████████████▋                    | 147/278 [00:08<00:07, 17.14it/s]
Encode all items:  54%|███████████████████████                    | 149/278 [00:08<00:07, 17.12it/s]
Encode all items:  54%|███████████████████████▎                   | 151/278 [00:09<00:07, 17.11it/s]
Encode all items:  55%|███████████████████████▋                   | 153/278 [00:09<00:07, 17.11it/s]
Encode all items:  56%|███████████████████████▉                   | 155/278 [00:09<00:07, 17.07it/s]
Encode all items:  56%|████████████████████████▎                  | 157/278 [00:09<00:07, 17.08it/s]
Encode all items:  57%|████████████████████████▌                  | 159/278 [00:09<00:06, 17.08it/s]
Encode all items:  58%|████████████████████████▉                  | 161/278 [00:09<00:06, 17.09it/s]
Encode all items:  59%|█████████████████████████▏                 | 163/278 [00:09<00:06, 17.11it/s]
Encode all items:  59%|█████████████████████████▌                 | 165/278 [00:09<00:06, 17.11it/s]
Encode all items:  60%|█████████████████████████▊                 | 167/278 [00:10<00:06, 17.13it/s]
Encode all items:  61%|██████████████████████████▏                | 169/278 [00:10<00:06, 17.09it/s]
Encode all items:  62%|██████████████████████████▍                | 171/278 [00:10<00:06, 17.11it/s]
Encode all items:  62%|██████████████████████████▊                | 173/278 [00:10<00:06, 17.12it/s]
Encode all items:  63%|███████████████████████████                | 175/278 [00:10<00:06, 17.13it/s]
Encode all items:  64%|███████████████████████████▍               | 177/278 [00:10<00:05, 17.10it/s]
Encode all items:  64%|███████████████████████████▋               | 179/278 [00:10<00:05, 17.11it/s]
Encode all items:  65%|███████████████████████████▉               | 181/278 [00:10<00:05, 17.11it/s]
Encode all items:  66%|████████████████████████████▎              | 183/278 [00:10<00:05, 17.11it/s]
Encode all items:  67%|████████████████████████████▌              | 185/278 [00:11<00:05, 17.10it/s]
Encode all items:  67%|████████████████████████████▉              | 187/278 [00:11<00:05, 17.12it/s]
Encode all items:  68%|█████████████████████████████▏             | 189/278 [00:11<00:05, 17.11it/s]
Encode all items:  69%|█████████████████████████████▌             | 191/278 [00:11<00:05, 17.12it/s]
Encode all items:  69%|█████████████████████████████▊             | 193/278 [00:11<00:04, 17.11it/s]
Encode all items:  70%|██████████████████████████████▏            | 195/278 [00:11<00:04, 17.10it/s]
Encode all items:  71%|██████████████████████████████▍            | 197/278 [00:11<00:04, 17.09it/s]
Encode all items:  72%|██████████████████████████████▊            | 199/278 [00:11<00:04, 17.10it/s]
Encode all items:  72%|███████████████████████████████            | 201/278 [00:12<00:04, 17.09it/s]
Encode all items:  73%|███████████████████████████████▍           | 203/278 [00:12<00:04, 17.11it/s]
Encode all items:  74%|███████████████████████████████▋           | 205/278 [00:12<00:04, 17.10it/s]
Encode all items:  74%|████████████████████████████████           | 207/278 [00:12<00:04, 17.10it/s]
Encode all items:  75%|████████████████████████████████▎          | 209/278 [00:12<00:04, 17.06it/s]
Encode all items:  76%|████████████████████████████████▋          | 211/278 [00:12<00:03, 17.10it/s]
Encode all items:  77%|████████████████████████████████▉          | 213/278 [00:12<00:03, 17.11it/s]
Encode all items:  77%|█████████████████████████████████▎         | 215/278 [00:12<00:03, 17.15it/s]
Encode all items:  78%|█████████████████████████████████▌         | 217/278 [00:12<00:03, 17.15it/s]
Encode all items:  79%|█████████████████████████████████▊         | 219/278 [00:13<00:03, 17.17it/s]
Encode all items:  79%|██████████████████████████████████▏        | 221/278 [00:13<00:03, 17.16it/s]
Encode all items:  80%|██████████████████████████████████▍        | 223/278 [00:13<00:03, 17.16it/s]
Encode all items:  81%|██████████████████████████████████▊        | 225/278 [00:13<00:03, 17.16it/s]
Encode all items:  82%|███████████████████████████████████        | 227/278 [00:13<00:02, 17.17it/s]
Encode all items:  82%|███████████████████████████████████▍       | 229/278 [00:13<00:02, 17.17it/s]
Encode all items:  83%|███████████████████████████████████▋       | 231/278 [00:13<00:02, 17.15it/s]
Encode all items:  84%|████████████████████████████████████       | 233/278 [00:13<00:02, 17.14it/s]
Encode all items:  85%|████████████████████████████████████▎      | 235/278 [00:14<00:02, 17.16it/s]
Encode all items:  85%|████████████████████████████████████▋      | 237/278 [00:14<00:02, 17.06it/s]
Encode all items:  86%|████████████████████████████████████▉      | 239/278 [00:14<00:02, 17.07it/s]
Encode all items:  87%|█████████████████████████████████████▎     | 241/278 [00:14<00:02, 17.10it/s]
Encode all items:  87%|█████████████████████████████████████▌     | 243/278 [00:14<00:02, 17.12it/s]
Encode all items:  88%|█████████████████████████████████████▉     | 245/278 [00:14<00:01, 17.14it/s]
Encode all items:  89%|██████████████████████████████████████▏    | 247/278 [00:14<00:01, 17.14it/s]
Encode all items:  90%|██████████████████████████████████████▌    | 249/278 [00:14<00:01, 17.15it/s]
Encode all items:  90%|██████████████████████████████████████▊    | 251/278 [00:14<00:01, 17.15it/s]
Encode all items:  91%|███████████████████████████████████████▏   | 253/278 [00:15<00:01, 17.14it/s]
Encode all items:  92%|███████████████████████████████████████▍   | 255/278 [00:15<00:01, 17.16it/s]
Encode all items:  92%|███████████████████████████████████████▊   | 257/278 [00:15<00:01, 17.12it/s]
Encode all items:  93%|████████████████████████████████████████   | 259/278 [00:15<00:01, 17.14it/s]
Encode all items:  94%|████████████████████████████████████████▎  | 261/278 [00:15<00:00, 17.11it/s]
Encode all items:  95%|████████████████████████████████████████▋  | 263/278 [00:15<00:00, 17.13it/s]
Encode all items:  95%|████████████████████████████████████████▉  | 265/278 [00:15<00:00, 17.12it/s]
Encode all items:  96%|█████████████████████████████████████████▎ | 267/278 [00:15<00:00, 17.14it/s]
Encode all items:  97%|█████████████████████████████████████████▌ | 269/278 [00:15<00:00, 17.12it/s]
Encode all items:  97%|█████████████████████████████████████████▉ | 271/278 [00:16<00:00, 17.14it/s]
Encode all items:  98%|██████████████████████████████████████████▏| 273/278 [00:16<00:00, 17.14it/s]
Encode all items:  99%|██████████████████████████████████████████▌| 275/278 [00:16<00:00, 17.13it/s]
Encode all items: 100%|██████████████████████████████████████████▊| 277/278 [00:16<00:00, 17.13it/s]
Encode all items: 100%|███████████████████████████████████████████| 278/278 [00:16<00:00, 16.83it/s]
Initalize item embeddings from vectors.

Evaluate:   0%|                                                             | 0/174 [00:00<?, ?it/s]
Evaluate:   1%|▎                                                    | 1/174 [00:00<00:24,  7.10it/s]
Evaluate:   1%|▌                                                    | 2/174 [00:00<00:23,  7.21it/s]
Evaluate:   2%|▉                                                    | 3/174 [00:00<00:23,  7.24it/s]
Evaluate:   2%|█▏                                                   | 4/174 [00:00<00:21,  7.73it/s]
Evaluate:   3%|█▌                                                   | 5/174 [00:00<00:22,  7.58it/s]
Evaluate:   3%|█▊                                                   | 6/174 [00:00<00:22,  7.47it/s]
Evaluate:   4%|██▏                                                  | 7/174 [00:00<00:22,  7.42it/s]
Evaluate:   5%|██▍                                                  | 8/174 [00:01<00:22,  7.38it/s]
Evaluate:   5%|██▋                                                  | 9/174 [00:01<00:21,  7.74it/s]
Evaluate:   6%|███▎                                                | 11/174 [00:01<00:19,  8.47it/s]
Evaluate:   7%|███▉                                                | 13/174 [00:01<00:16,  9.52it/s]
Evaluate:   8%|████▏                                               | 14/174 [00:01<00:17,  8.92it/s]
Evaluate:   9%|████▍                                               | 15/174 [00:01<00:18,  8.47it/s]
Evaluate:   9%|████▊                                               | 16/174 [00:01<00:18,  8.52it/s]
Evaluate:  10%|█████                                               | 17/174 [00:02<00:18,  8.55it/s]
Evaluate:  10%|█████▍                                              | 18/174 [00:02<00:18,  8.57it/s]
Evaluate:  11%|█████▋                                              | 19/174 [00:02<00:18,  8.17it/s]
Evaluate:  11%|█████▉                                              | 20/174 [00:02<00:19,  7.90it/s]
Evaluate:  13%|██████▌                                             | 22/174 [00:02<00:17,  8.87it/s]
Evaluate:  14%|███████▏                                            | 24/174 [00:02<00:16,  9.10it/s]
Evaluate:  15%|███████▊                                            | 26/174 [00:03<00:16,  9.23it/s]
Evaluate:  16%|████████                                            | 27/174 [00:03<00:16,  9.10it/s]
Evaluate:  17%|████████▋                                           | 29/174 [00:03<00:15,  9.24it/s]
Evaluate:  18%|█████████▎                                          | 31/174 [00:03<00:14,  9.63it/s]
Evaluate:  19%|█████████▊                                          | 33/174 [00:03<00:13, 10.61it/s]
Evaluate:  20%|██████████▍                                         | 35/174 [00:03<00:14,  9.87it/s]
Evaluate:  21%|███████████                                         | 37/174 [00:04<00:13, 10.40it/s]
Evaluate:  22%|███████████▋                                        | 39/174 [00:04<00:12, 11.17it/s]
Evaluate:  24%|████████████▎                                       | 41/174 [00:04<00:13,  9.92it/s]
Evaluate:  25%|████████████▊                                       | 43/174 [00:04<00:12, 10.41it/s]
Evaluate:  26%|█████████████▍                                      | 45/174 [00:04<00:13,  9.79it/s]
Evaluate:  27%|██████████████                                      | 47/174 [00:05<00:11, 10.66it/s]
Evaluate:  28%|██████████████▋                                     | 49/174 [00:05<00:11, 10.59it/s]
Evaluate:  29%|███████████████▏                                    | 51/174 [00:05<00:12,  9.90it/s]
Evaluate:  30%|███████████████▊                                    | 53/174 [00:05<00:12, 10.08it/s]
Evaluate:  32%|████████████████▍                                   | 55/174 [00:05<00:11, 10.20it/s]
Evaluate:  33%|█████████████████                                   | 57/174 [00:06<00:11,  9.97it/s]
Evaluate:  34%|█████████████████▋                                  | 59/174 [00:06<00:11,  9.81it/s]
Evaluate:  35%|██████████████████▏                                 | 61/174 [00:06<00:10, 10.66it/s]
Evaluate:  36%|██████████████████▊                                 | 63/174 [00:06<00:10, 10.60it/s]
Evaluate:  37%|███████████████████▍                                | 65/174 [00:06<00:09, 10.92it/s]
Evaluate:  39%|████████████████████                                | 67/174 [00:07<00:10,  9.81it/s]
Evaluate:  40%|████████████████████▌                               | 69/174 [00:07<00:10, 10.32it/s]
Evaluate:  41%|█████████████████████▏                              | 71/174 [00:07<00:09, 10.71it/s]
Evaluate:  42%|█████████████████████▊                              | 73/174 [00:07<00:09, 11.01it/s]
Evaluate:  43%|██████████████████████▍                             | 75/174 [00:07<00:09, 10.86it/s]
Evaluate:  44%|███████████████████████                             | 77/174 [00:07<00:08, 11.11it/s]
Evaluate:  45%|███████████████████████▌                            | 79/174 [00:08<00:08, 11.71it/s]
Evaluate:  47%|████████████████████████▏                           | 81/174 [00:08<00:07, 11.73it/s]
Evaluate:  48%|████████████████████████▊                           | 83/174 [00:08<00:07, 11.73it/s]
Evaluate:  49%|█████████████████████████▍                          | 85/174 [00:08<00:07, 12.13it/s]
Evaluate:  50%|██████████████████████████                          | 87/174 [00:08<00:07, 10.92it/s]
Evaluate:  51%|██████████████████████████▌                         | 89/174 [00:08<00:07, 11.53it/s]
Evaluate:  52%|███████████████████████████▏                        | 91/174 [00:09<00:06, 12.01it/s]
Evaluate:  53%|███████████████████████████▊                        | 93/174 [00:09<00:07, 11.50it/s]
Evaluate:  55%|████████████████████████████▍                       | 95/174 [00:09<00:06, 12.02it/s]
Evaluate:  56%|████████████████████████████▉                       | 97/174 [00:09<00:06, 11.92it/s]
Evaluate:  57%|█████████████████████████████▌                      | 99/174 [00:09<00:06, 11.46it/s]
Evaluate:  58%|█████████████████████████████▌                     | 101/174 [00:10<00:06, 11.54it/s]
Evaluate:  59%|██████████████████████████████▏                    | 103/174 [00:10<00:06, 11.21it/s]
Evaluate:  60%|██████████████████████████████▊                    | 105/174 [00:10<00:05, 11.78it/s]
Evaluate:  61%|███████████████████████████████▎                   | 107/174 [00:10<00:05, 12.23it/s]
Evaluate:  63%|███████████████████████████████▉                   | 109/174 [00:10<00:05, 12.07it/s]
Evaluate:  64%|████████████████████████████████▌                  | 111/174 [00:10<00:05, 12.44it/s]
Evaluate:  65%|█████████████████████████████████                  | 113/174 [00:10<00:04, 12.23it/s]
Evaluate:  66%|█████████████████████████████████▋                 | 115/174 [00:11<00:04, 12.55it/s]
Evaluate:  67%|██████████████████████████████████▎                | 117/174 [00:11<00:04, 11.81it/s]
Evaluate:  68%|██████████████████████████████████▉                | 119/174 [00:11<00:04, 12.24it/s]
Evaluate:  70%|███████████████████████████████████▍               | 121/174 [00:11<00:04, 12.57it/s]
Evaluate:  71%|████████████████████████████████████               | 123/174 [00:11<00:03, 12.80it/s]
Evaluate:  72%|████████████████████████████████████▋              | 125/174 [00:11<00:03, 12.99it/s]
Evaluate:  73%|█████████████████████████████████████▏             | 127/174 [00:12<00:03, 12.58it/s]
Evaluate:  74%|█████████████████████████████████████▊             | 129/174 [00:12<00:03, 12.31it/s]
Evaluate:  75%|██████████████████████████████████████▍            | 131/174 [00:12<00:03, 13.18it/s]
Evaluate:  76%|██████████████████████████████████████▉            | 133/174 [00:12<00:03, 13.56it/s]
Evaluate:  78%|███████████████████████████████████████▌           | 135/174 [00:12<00:02, 13.51it/s]
Evaluate:  79%|████████████████████████████████████████▏          | 137/174 [00:12<00:02, 13.48it/s]
Evaluate:  80%|████████████████████████████████████████▋          | 139/174 [00:12<00:02, 13.77it/s]
Evaluate:  81%|█████████████████████████████████████████▎         | 141/174 [00:13<00:02, 13.98it/s]
Evaluate:  82%|█████████████████████████████████████████▉         | 143/174 [00:13<00:02, 13.22it/s]
Evaluate:  83%|██████████████████████████████████████████▌        | 145/174 [00:13<00:02, 13.57it/s]
Evaluate:  84%|███████████████████████████████████████████        | 147/174 [00:13<00:02, 13.26it/s]
Evaluate:  86%|███████████████████████████████████████████▋       | 149/174 [00:13<00:01, 13.61it/s]
Evaluate:  87%|████████████████████████████████████████████▎      | 151/174 [00:13<00:01, 13.30it/s]
Evaluate:  88%|████████████████████████████████████████████▊      | 153/174 [00:14<00:01, 12.32it/s]
Evaluate:  89%|█████████████████████████████████████████████▍     | 155/174 [00:14<00:01, 12.90it/s]
Evaluate:  90%|██████████████████████████████████████████████     | 157/174 [00:14<00:01, 13.32it/s]
Evaluate:  91%|██████████████████████████████████████████████▌    | 159/174 [00:14<00:01, 13.64it/s]
Evaluate:  93%|███████████████████████████████████████████████▏   | 161/174 [00:14<00:00, 13.87it/s]
Evaluate:  94%|███████████████████████████████████████████████▊   | 163/174 [00:14<00:00, 13.67it/s]
Evaluate:  95%|████████████████████████████████████████████████▎  | 165/174 [00:14<00:00, 14.25it/s]
Evaluate:  96%|████████████████████████████████████████████████▉  | 167/174 [00:15<00:00, 14.33it/s]
Evaluate:  97%|█████████████████████████████████████████████████▌ | 169/174 [00:15<00:00, 14.05it/s]
Evaluate:  98%|██████████████████████████████████████████████████ | 171/174 [00:15<00:00, 14.54it/s]
Evaluate:  99%|██████████████████████████████████████████████████▋| 173/174 [00:15<00:00, 14.90it/s]
Evaluate: 100%|███████████████████████████████████████████████████| 174/174 [00:15<00:00, 11.22it/s]
Test set: {'NDCG@10': 0.9996408045977011, 'Recall@10': 0.9996408045977011, 'NDCG@50': 0.9996408045977011, 'Recall@50': 0.9996408045977011, 'MRR': 0.9996408854407826, 'AUC': 0.9996412094982191}
