(Recformer) admin@lablinux:~/Elaine/RecFormer$ time python zero-shot.py --pretrain_ckpt /home/admin/Elaine/RecFormer/pretrain_ckpt/recformer_seqrec_ckpt.bin --data_path /home/admin/Elaine/RecFormer/finetune_data/dataset/meta/Software --num_train_epochs 128 --batch_size 16 --device 1 --fp16 --finetune_negative_sample_size -1 > /home/admin/Elaine/RecFormer/zeroShot_I/Software.log 2>&1

real    0m9.413s
user    0m8.866s
sys     0m7.151s

Global seed set to 42
The tokenizer class you load from this checkpoint is not the same type as the class this function is called from. It may result in unexpected tokenization. 
The tokenizer class you load from this checkpoint is 'LongformerTokenizer'. 
The class this function is called from is 'RecformerTokenizer'.
Namespace(pretrain_ckpt='/home/admin/Elaine/RecFormer/pretrain_ckpt/recformer_seqrec_ckpt.bin', data_path='/home/admin/Elaine/RecFormer/finetune_data/dataset/meta/Software', output_dir='checkpoints', ckpt='best_model.bin', model_name_or_path='allenai/longformer-base-4096', train_file='train.json', dev_file='val.json', test_file='test.json', item2id_file='smap.json', meta_file='meta_data.json', preprocessing_num_workers=8, dataloader_num_workers=0, temp=0.05, num_train_epochs=128, gradient_accumulation_steps=8, finetune_negative_sample_size=-1, metric_ks=[10, 50], batch_size=16, learning_rate=5e-05, weight_decay=0, warmup_steps=100, device=1, fp16=True, fix_word_embedding=False, verbose=3)
[Preprocessor] Use cache: /home/admin/Elaine/RecFormer/finetune_data/dataset/meta/Software/preprocess/tokenized_items_Software
Successfully load 651 tokenized items.
[Item Embeddings] Use cache: /home/admin/Elaine/RecFormer/finetune_data/dataset/meta/Software/preprocess/tokenized_items_Software
Initalize item embeddings from vectors.

Evaluate:   0%|                                                              | 0/23 [00:00<?, ?it/s]/home/admin/anaconda3/envs/Recformer/lib/python3.10/site-packages/transformers/modeling_utils.py:862: FutureWarning: The `device` argument is deprecated and will be removed in v5 of Transformers.
  warnings.warn(

Evaluate:   4%|██▎                                                   | 1/23 [00:00<00:06,  3.34it/s]
Evaluate:  13%|███████                                               | 3/23 [00:00<00:02,  7.78it/s]
Evaluate:  22%|███████████▋                                          | 5/23 [00:00<00:01, 10.03it/s]
Evaluate:  30%|████████████████▍                                     | 7/23 [00:00<00:01, 11.39it/s]
Evaluate:  39%|█████████████████████▏                                | 9/23 [00:00<00:01, 12.25it/s]
Evaluate:  48%|█████████████████████████▎                           | 11/23 [00:00<00:00, 13.14it/s]
Evaluate:  57%|█████████████████████████████▉                       | 13/23 [00:01<00:00, 13.38it/s]
Evaluate:  65%|██████████████████████████████████▌                  | 15/23 [00:01<00:00, 13.92it/s]
Evaluate:  74%|███████████████████████████████████████▏             | 17/23 [00:01<00:00, 12.76it/s]
Evaluate:  83%|███████████████████████████████████████████▊         | 19/23 [00:01<00:00, 13.44it/s]
Evaluate:  91%|████████████████████████████████████████████████▍    | 21/23 [00:01<00:00, 13.93it/s]
Evaluate: 100%|█████████████████████████████████████████████████████| 23/23 [00:01<00:00, 14.72it/s]
Evaluate: 100%|█████████████████████████████████████████████████████| 23/23 [00:01<00:00, 12.49it/s]
Test set: {'NDCG@10': 0.9900362336117289, 'Recall@10': 0.9900362336117289, 'NDCG@50': 0.9900362336117289, 'Recall@50': 0.9900362336117289, 'MRR': 0.9900517774664838, 'AUC': 0.9902045934096627}
