Running on GPU 0

╒═════════════════════════════════════════════════════════════════════════════╕
│ NVITOP 1.3.1      Driver Version: 535.104.12      CUDA Driver Version: 12.2 │
├───────────────────────────────┬──────────────────────┬──────────────────────┤
│ GPU  Name        Persistence-M│ Bus-Id        Disp.A │ Volatile Uncorr. ECC │
│ Fan  Temp  Perf  Pwr:Usage/Cap│         Memory-Usage │ GPU-Util  Compute M. │
╞═══════════════════════════════╪══════════════════════╪══════════════════════╪═════════════════════════════════════════════════════════════════════════════════════════════════════════════════════════════════════════════════╕
│   0  ..a V100-PCIE-32GB  Off  │ 00000000:3B:00.0 Off │                    0 │ MEM: ██████████████▌ 10.8%                                                                                                                      │
│ N/A   40C    P0   113W / 250W │   3526MiB / 32.00GiB │     53%      Default │ UTL: ███████████████████████████████████████████████████████████████████████ 53%                                                                │
├───────────────────────────────┼──────────────────────┼──────────────────────┼─────────────────────────────────────────────────────────────────────────────────────────────────────────────────────────────────────────────────┤
│   1  ..a V100-PCIE-32GB  Off  │ 00000000:AF:00.0 Off │                    0 │ MEM: ██████████████████████▍ 16.7%                                                                                                              │
│ N/A   46C    P0   124W / 250W │   5470MiB / 32.00GiB │     52%      Default │ UTL: █████████████████████████████████████████████████████████████████████▋ 52%                                                                 │
├───────────────────────────────┼──────────────────────┼──────────────────────┼─────────────────────────────────────────────────────────────────────────────────────────────────────────────────────────────────────────────────┤
│   2  ..a V100-PCIE-32GB  Off  │ 00000000:D8:00.0 Off │                    0 │ MEM: ▏ 0.0%                                                                                                                                     │
│ N/A   31C    P0    24W / 250W │   4.00MiB / 32.00GiB │      0%      Default │ UTL: ▏ 0%                                                                                                                                       │
╘═══════════════════════════════╧══════════════════════╧══════════════════════╧═════════════════════════════════════════════════════════════════════════════════════════════════════════════════════════════════════════════════╛
[ CPU: █████████▊ 5.6%                                                                                                                                                    UPTIME: 5.7 days ]  ( Load Average:  2.14  1.71  1.15 )
[ MEM: ████████▎ 4.7%                                                                                                                                                        USED: 9.84GiB ]  [ SWP: ▏ 0.0%                     ]

╒═══════════════════════════════════════════════════════════════════════════════════════════════════════════════════════════════════════════════════════════════════════════════════════════════════════════════════════════════╕
│ Processes:                                                                                                                                                                                                        admin@lablinux │
│ GPU     PID      USER  GPU-MEM %SM  %CPU  %MEM  TIME  COMMAND                                                                                                                                                                 │
╞═══════════════════════════════════════════════════════════════════════════════════════════════════════════════════════════════════════════════════════════════════════════════════════════════════════════════════════════════╡
│   0  809566 C      admin  3414MiB  52 112.0   1.1  1:01  python zero-shot.py --pretrain_ckpt /home/admin/Elaine/RecFormer/pretrain_ckpt/recformer_seqrec_ckpt.bin --data_path /home/admin/Elaine/RecFormer/finetune_data/dataset/met.. │
├───────────────────────────────────────────────────────────────────────────────────────────────────────────────────────────────────────────────────────────────────────────────────────────────────────────────────────────────┤
│   1  809418 C      admin  5370MiB  52 151.4   1.1  1:38  python zero-shot.py --pretrain_ckpt /home/admin/Elaine/RecFormer/pretrain_ckpt/recformer_seqrec_ckpt.bin --data_path /home/admin/Elaine/RecFormer/finetune_data/dataset/met.. │
╘═══════════════════════════════════════════════════════════════════════════════════════════════════════════════════════════════════════════════════════════════════════════════════════════════════════════════════════════════╛