(Recformer) admin@lablinux:~/Elaine/RecFormer$ time python zero-shot.py --pretrain_ckpt /home/admin/Elaine/RecFormer/pretrain_ckpt/recformer_seqrec_ckpt.bin --data_path /home/admin/Elaine/RecFormer/finetune_data/dataset/meta/Video --num_train_epochs 128 --batch_size 16 --device 0 --fp16 --finetune_negative_sample_size -1 > /home/admin/Elaine/RecFormer/zeroShot_I/Video.log 2>&1

real    2m24.604s
user    2m28.211s
sys     0m8.172s


Global seed set to 42
The tokenizer class you load from this checkpoint is not the same type as the class this function is called from. It may result in unexpected tokenization. 
The tokenizer class you load from this checkpoint is 'LongformerTokenizer'. 
The class this function is called from is 'RecformerTokenizer'.
Namespace(pretrain_ckpt='/home/admin/Elaine/RecFormer/pretrain_ckpt/recformer_seqrec_ckpt.bin', data_path='/home/admin/Elaine/RecFormer/finetune_data/dataset/meta/Video', output_dir='checkpoints', ckpt='best_model.bin', model_name_or_path='allenai/longformer-base-4096', train_file='train.json', dev_file='val.json', test_file='test.json', item2id_file='smap.json', meta_file='meta_data.json', preprocessing_num_workers=8, dataloader_num_workers=0, temp=0.05, num_train_epochs=128, gradient_accumulation_steps=8, finetune_negative_sample_size=-1, metric_ks=[10, 50], batch_size=16, learning_rate=5e-05, weight_decay=0, warmup_steps=100, device=0, fp16=True, fix_word_embedding=False, verbose=3)
Loading attribute data /home/admin/Elaine/RecFormer/finetune_data/dataset/meta/Video

[Tokenize] /home/admin/Elaine/RecFormer/finetune_data/dataset/meta/Video:   0%| | 0/15361 [00:00<?, ?it
[Tokenize] /home/admin/Elaine/RecFormer/finetune_data/dataset/meta/Video:   9%| | 1328/15361 [00:00<00:
[Tokenize] /home/admin/Elaine/RecFormer/finetune_data/dataset/meta/Video:  18%|▏| 2806/15361 [00:00<00:
[Tokenize] /home/admin/Elaine/RecFormer/finetune_data/dataset/meta/Video:  28%|▎| 4258/15361 [00:00<00:
[Tokenize] /home/admin/Elaine/RecFormer/finetune_data/dataset/meta/Video:  38%|▍| 5772/15361 [00:00<00:
[Tokenize] /home/admin/Elaine/RecFormer/finetune_data/dataset/meta/Video:  48%|▍| 7336/15361 [00:00<00:
[Tokenize] /home/admin/Elaine/RecFormer/finetune_data/dataset/meta/Video:  59%|▌| 9072/15361 [00:00<00:
[Tokenize] /home/admin/Elaine/RecFormer/finetune_data/dataset/meta/Video:  70%|▋| 10743/15361 [00:00<00
[Tokenize] /home/admin/Elaine/RecFormer/finetune_data/dataset/meta/Video:  80%|▊| 12290/15361 [00:00<00
[Tokenize] /home/admin/Elaine/RecFormer/finetune_data/dataset/meta/Video:  91%|▉| 14001/15361 [00:01<00
[Tokenize] /home/admin/Elaine/RecFormer/finetune_data/dataset/meta/Video: 100%|█| 15361/15361 [00:01<00
Successfully load 15361 tokenized items.
Encoding items.

Encode all items:   0%|                                                     | 0/961 [00:00<?, ?it/s]/home/admin/anaconda3/envs/Recformer/lib/python3.10/site-packages/transformers/modeling_utils.py:862: FutureWarning: The `device` argument is deprecated and will be removed in v5 of Transformers.
  warnings.warn(

Encode all items:   0%|                                             | 1/961 [00:00<04:53,  3.28it/s]
Encode all items:   0%|▏                                            | 3/961 [00:00<02:08,  7.45it/s]
Encode all items:   1%|▏                                            | 5/961 [00:00<01:37,  9.77it/s]
Encode all items:   1%|▎                                            | 7/961 [00:00<01:25, 11.14it/s]
Encode all items:   1%|▍                                            | 9/961 [00:00<01:19, 12.00it/s]
Encode all items:   1%|▌                                           | 11/961 [00:01<01:15, 12.59it/s]
Encode all items:   1%|▌                                           | 13/961 [00:01<01:13, 12.95it/s]
Encode all items:   2%|▋                                           | 15/961 [00:01<01:11, 13.23it/s]
Encode all items:   2%|▊                                           | 17/961 [00:01<01:10, 13.41it/s]
Encode all items:   2%|▊                                           | 19/961 [00:01<01:09, 13.54it/s]
Encode all items:   2%|▉                                           | 21/961 [00:01<01:09, 13.61it/s]
Encode all items:   2%|█                                           | 23/961 [00:01<01:08, 13.69it/s]
Encode all items:   3%|█▏                                          | 25/961 [00:02<01:08, 13.75it/s]
Encode all items:   3%|█▏                                          | 27/961 [00:02<01:07, 13.78it/s]
Encode all items:   3%|█▎                                          | 29/961 [00:02<01:07, 13.79it/s]
Encode all items:   3%|█▍                                          | 31/961 [00:02<01:07, 13.79it/s]
Encode all items:   3%|█▌                                          | 33/961 [00:02<01:07, 13.71it/s]
Encode all items:   4%|█▌                                          | 35/961 [00:02<01:07, 13.75it/s]
Encode all items:   4%|█▋                                          | 37/961 [00:02<01:06, 13.80it/s]
Encode all items:   4%|█▊                                          | 39/961 [00:03<01:06, 13.82it/s]
Encode all items:   4%|█▉                                          | 41/961 [00:03<01:06, 13.83it/s]
Encode all items:   4%|█▉                                          | 43/961 [00:03<01:06, 13.83it/s]
Encode all items:   5%|██                                          | 45/961 [00:03<01:06, 13.84it/s]
Encode all items:   5%|██▏                                         | 47/961 [00:03<01:06, 13.84it/s]
Encode all items:   5%|██▏                                         | 49/961 [00:03<01:05, 13.86it/s]
Encode all items:   5%|██▎                                         | 51/961 [00:03<01:05, 13.88it/s]
Encode all items:   6%|██▍                                         | 53/961 [00:04<01:05, 13.82it/s]
Encode all items:   6%|██▌                                         | 55/961 [00:04<01:05, 13.84it/s]
Encode all items:   6%|██▌                                         | 57/961 [00:04<01:05, 13.86it/s]
Encode all items:   6%|██▋                                         | 59/961 [00:04<01:05, 13.87it/s]
Encode all items:   6%|██▊                                         | 61/961 [00:04<01:04, 13.86it/s]
Encode all items:   7%|██▉                                         | 63/961 [00:04<01:04, 13.85it/s]
Encode all items:   7%|██▉                                         | 65/961 [00:04<01:04, 13.84it/s]
Encode all items:   7%|███                                         | 67/961 [00:05<01:04, 13.87it/s]
Encode all items:   7%|███▏                                        | 69/961 [00:05<01:04, 13.87it/s]
Encode all items:   7%|███▎                                        | 71/961 [00:05<01:04, 13.86it/s]
Encode all items:   8%|███▎                                        | 73/961 [00:05<01:04, 13.84it/s]
Encode all items:   8%|███▍                                        | 75/961 [00:05<01:03, 13.85it/s]
Encode all items:   8%|███▌                                        | 77/961 [00:05<01:03, 13.84it/s]
Encode all items:   8%|███▌                                        | 79/961 [00:05<01:03, 13.85it/s]
Encode all items:   8%|███▋                                        | 81/961 [00:06<01:03, 13.84it/s]
Encode all items:   9%|███▊                                        | 83/961 [00:06<01:03, 13.86it/s]
Encode all items:   9%|███▉                                        | 85/961 [00:06<01:03, 13.84it/s]
Encode all items:   9%|███▉                                        | 87/961 [00:06<01:03, 13.85it/s]
Encode all items:   9%|████                                        | 89/961 [00:06<01:03, 13.83it/s]
Encode all items:   9%|████▏                                       | 91/961 [00:06<01:02, 13.85it/s]
Encode all items:  10%|████▎                                       | 93/961 [00:06<01:02, 13.81it/s]
Encode all items:  10%|████▎                                       | 95/961 [00:07<01:02, 13.82it/s]
Encode all items:  10%|████▍                                       | 97/961 [00:07<01:02, 13.80it/s]
Encode all items:  10%|████▌                                       | 99/961 [00:07<01:02, 13.81it/s]
Encode all items:  11%|████▌                                      | 101/961 [00:07<01:02, 13.79it/s]
Encode all items:  11%|████▌                                      | 103/961 [00:07<01:02, 13.76it/s]
Encode all items:  11%|████▋                                      | 105/961 [00:07<01:02, 13.76it/s]
Encode all items:  11%|████▊                                      | 107/961 [00:07<01:01, 13.77it/s]
Encode all items:  11%|████▉                                      | 109/961 [00:08<01:01, 13.76it/s]
Encode all items:  12%|████▉                                      | 111/961 [00:08<01:01, 13.79it/s]
Encode all items:  12%|█████                                      | 113/961 [00:08<01:01, 13.71it/s]
Encode all items:  12%|█████▏                                     | 115/961 [00:08<01:01, 13.71it/s]
Encode all items:  12%|█████▏                                     | 117/961 [00:08<01:01, 13.75it/s]
Encode all items:  12%|█████▎                                     | 119/961 [00:08<01:01, 13.77it/s]
Encode all items:  13%|█████▍                                     | 121/961 [00:08<01:00, 13.79it/s]
Encode all items:  13%|█████▌                                     | 123/961 [00:09<01:00, 13.75it/s]
Encode all items:  13%|█████▌                                     | 125/961 [00:09<01:00, 13.78it/s]
Encode all items:  13%|█████▋                                     | 127/961 [00:09<01:00, 13.79it/s]
Encode all items:  13%|█████▊                                     | 129/961 [00:09<01:00, 13.80it/s]
Encode all items:  14%|█████▊                                     | 131/961 [00:09<01:00, 13.80it/s]
Encode all items:  14%|█████▉                                     | 133/961 [00:09<01:00, 13.80it/s]
Encode all items:  14%|██████                                     | 135/961 [00:10<00:59, 13.82it/s]
Encode all items:  14%|██████▏                                    | 137/961 [00:10<00:59, 13.82it/s]
Encode all items:  14%|██████▏                                    | 139/961 [00:10<00:59, 13.83it/s]
Encode all items:  15%|██████▎                                    | 141/961 [00:10<00:59, 13.85it/s]
Encode all items:  15%|██████▍                                    | 143/961 [00:10<00:59, 13.80it/s]
Encode all items:  15%|██████▍                                    | 145/961 [00:10<00:59, 13.79it/s]
Encode all items:  15%|██████▌                                    | 147/961 [00:10<00:58, 13.81it/s]
Encode all items:  16%|██████▋                                    | 149/961 [00:11<00:58, 13.81it/s]
Encode all items:  16%|██████▊                                    | 151/961 [00:11<00:58, 13.83it/s]
Encode all items:  16%|██████▊                                    | 153/961 [00:11<00:58, 13.83it/s]
Encode all items:  16%|██████▉                                    | 155/961 [00:11<00:58, 13.86it/s]
Encode all items:  16%|███████                                    | 157/961 [00:11<00:58, 13.84it/s]
Encode all items:  17%|███████                                    | 159/961 [00:11<00:57, 13.85it/s]
Encode all items:  17%|███████▏                                   | 161/961 [00:11<00:57, 13.83it/s]
Encode all items:  17%|███████▎                                   | 163/961 [00:12<00:57, 13.86it/s]
Encode all items:  17%|███████▍                                   | 165/961 [00:12<00:57, 13.85it/s]
Encode all items:  17%|███████▍                                   | 167/961 [00:12<00:57, 13.80it/s]
Encode all items:  18%|███████▌                                   | 169/961 [00:12<00:57, 13.79it/s]
Encode all items:  18%|███████▋                                   | 171/961 [00:12<00:57, 13.80it/s]
Encode all items:  18%|███████▋                                   | 173/961 [00:12<00:57, 13.80it/s]
Encode all items:  18%|███████▊                                   | 175/961 [00:12<00:57, 13.78it/s]
Encode all items:  18%|███████▉                                   | 177/961 [00:13<00:56, 13.79it/s]
Encode all items:  19%|████████                                   | 179/961 [00:13<00:56, 13.78it/s]
Encode all items:  19%|████████                                   | 181/961 [00:13<00:56, 13.82it/s]
Encode all items:  19%|████████▏                                  | 183/961 [00:13<00:56, 13.82it/s]
Encode all items:  19%|████████▎                                  | 185/961 [00:13<00:56, 13.83it/s]
Encode all items:  19%|████████▎                                  | 187/961 [00:13<00:55, 13.83it/s]
Encode all items:  20%|████████▍                                  | 189/961 [00:13<00:55, 13.79it/s]
Encode all items:  20%|████████▌                                  | 191/961 [00:14<00:55, 13.78it/s]
Encode all items:  20%|████████▋                                  | 193/961 [00:14<00:55, 13.78it/s]
Encode all items:  20%|████████▋                                  | 195/961 [00:14<00:55, 13.80it/s]
Encode all items:  20%|████████▊                                  | 197/961 [00:14<00:55, 13.78it/s]
Encode all items:  21%|████████▉                                  | 199/961 [00:14<00:55, 13.81it/s]
Encode all items:  21%|████████▉                                  | 201/961 [00:14<00:55, 13.82it/s]
Encode all items:  21%|█████████                                  | 203/961 [00:14<00:54, 13.82it/s]
Encode all items:  21%|█████████▏                                 | 205/961 [00:15<00:54, 13.80it/s]
Encode all items:  22%|█████████▎                                 | 207/961 [00:15<00:54, 13.81it/s]
Encode all items:  22%|█████████▎                                 | 209/961 [00:15<00:54, 13.81it/s]
Encode all items:  22%|█████████▍                                 | 211/961 [00:15<00:54, 13.81it/s]
Encode all items:  22%|█████████▌                                 | 213/961 [00:15<00:54, 13.82it/s]
Encode all items:  22%|█████████▌                                 | 215/961 [00:15<00:53, 13.82it/s]
Encode all items:  23%|█████████▋                                 | 217/961 [00:15<00:53, 13.82it/s]
Encode all items:  23%|█████████▊                                 | 219/961 [00:16<00:53, 13.82it/s]
Encode all items:  23%|█████████▉                                 | 221/961 [00:16<00:53, 13.81it/s]
Encode all items:  23%|█████████▉                                 | 223/961 [00:16<00:53, 13.81it/s]
Encode all items:  23%|██████████                                 | 225/961 [00:16<00:53, 13.84it/s]
Encode all items:  24%|██████████▏                                | 227/961 [00:16<00:52, 13.89it/s]
Encode all items:  24%|██████████▏                                | 229/961 [00:16<00:52, 13.86it/s]
Encode all items:  24%|██████████▎                                | 231/961 [00:16<00:52, 13.87it/s]
Encode all items:  24%|██████████▍                                | 233/961 [00:17<00:52, 13.86it/s]
Encode all items:  24%|██████████▌                                | 235/961 [00:17<00:52, 13.89it/s]
Encode all items:  25%|██████████▌                                | 237/961 [00:17<00:52, 13.89it/s]
Encode all items:  25%|██████████▋                                | 239/961 [00:17<00:52, 13.88it/s]
Encode all items:  25%|██████████▊                                | 241/961 [00:17<00:51, 13.86it/s]
Encode all items:  25%|██████████▊                                | 243/961 [00:17<00:51, 13.84it/s]
Encode all items:  25%|██████████▉                                | 245/961 [00:17<00:51, 13.78it/s]
Encode all items:  26%|███████████                                | 247/961 [00:18<00:51, 13.80it/s]
Encode all items:  26%|███████████▏                               | 249/961 [00:18<00:51, 13.78it/s]
Encode all items:  26%|███████████▏                               | 251/961 [00:18<00:51, 13.82it/s]
Encode all items:  26%|███████████▎                               | 253/961 [00:18<00:51, 13.80it/s]
Encode all items:  27%|███████████▍                               | 255/961 [00:18<00:51, 13.82it/s]
Encode all items:  27%|███████████▍                               | 257/961 [00:18<00:51, 13.79it/s]
Encode all items:  27%|███████████▌                               | 259/961 [00:18<00:50, 13.80it/s]
Encode all items:  27%|███████████▋                               | 261/961 [00:19<00:50, 13.81it/s]
Encode all items:  27%|███████████▊                               | 263/961 [00:19<00:50, 13.81it/s]
Encode all items:  28%|███████████▊                               | 265/961 [00:19<00:50, 13.83it/s]
Encode all items:  28%|███████████▉                               | 267/961 [00:19<00:50, 13.85it/s]
Encode all items:  28%|████████████                               | 269/961 [00:19<00:50, 13.84it/s]
Encode all items:  28%|████████████▏                              | 271/961 [00:19<00:49, 13.85it/s]
Encode all items:  28%|████████████▏                              | 273/961 [00:19<00:49, 13.82it/s]
Encode all items:  29%|████████████▎                              | 275/961 [00:20<00:49, 13.82it/s]
Encode all items:  29%|████████████▍                              | 277/961 [00:20<00:49, 13.84it/s]
Encode all items:  29%|████████████▍                              | 279/961 [00:20<00:49, 13.85it/s]
Encode all items:  29%|████████████▌                              | 281/961 [00:20<00:49, 13.86it/s]
Encode all items:  29%|████████████▋                              | 283/961 [00:20<00:48, 13.86it/s]
Encode all items:  30%|████████████▊                              | 285/961 [00:20<00:48, 13.85it/s]
Encode all items:  30%|████████████▊                              | 287/961 [00:21<00:48, 13.86it/s]
Encode all items:  30%|████████████▉                              | 289/961 [00:21<00:48, 13.84it/s]
Encode all items:  30%|█████████████                              | 291/961 [00:21<00:48, 13.86it/s]
Encode all items:  30%|█████████████                              | 293/961 [00:21<00:48, 13.86it/s]
Encode all items:  31%|█████████████▏                             | 295/961 [00:21<00:48, 13.86it/s]
Encode all items:  31%|█████████████▎                             | 297/961 [00:21<00:47, 13.86it/s]
Encode all items:  31%|█████████████▍                             | 299/961 [00:21<00:47, 13.85it/s]
Encode all items:  31%|█████████████▍                             | 301/961 [00:22<00:47, 13.85it/s]
Encode all items:  32%|█████████████▌                             | 303/961 [00:22<00:47, 13.85it/s]
Encode all items:  32%|█████████████▋                             | 305/961 [00:22<00:47, 13.81it/s]
Encode all items:  32%|█████████████▋                             | 307/961 [00:22<00:47, 13.85it/s]
Encode all items:  32%|█████████████▊                             | 309/961 [00:22<00:47, 13.85it/s]
Encode all items:  32%|█████████████▉                             | 311/961 [00:22<00:46, 13.84it/s]
Encode all items:  33%|██████████████                             | 313/961 [00:22<00:46, 13.81it/s]
Encode all items:  33%|██████████████                             | 315/961 [00:23<00:46, 13.84it/s]
Encode all items:  33%|██████████████▏                            | 317/961 [00:23<00:46, 13.83it/s]
Encode all items:  33%|██████████████▎                            | 319/961 [00:23<00:46, 13.84it/s]
Encode all items:  33%|██████████████▎                            | 321/961 [00:23<00:46, 13.82it/s]
Encode all items:  34%|██████████████▍                            | 323/961 [00:23<00:46, 13.82it/s]
Encode all items:  34%|██████████████▌                            | 325/961 [00:23<00:45, 13.83it/s]
Encode all items:  34%|██████████████▋                            | 327/961 [00:23<00:45, 13.83it/s]
Encode all items:  34%|██████████████▋                            | 329/961 [00:24<00:45, 13.81it/s]
Encode all items:  34%|██████████████▊                            | 331/961 [00:24<00:45, 13.85it/s]
Encode all items:  35%|██████████████▉                            | 333/961 [00:24<00:45, 13.88it/s]
Encode all items:  35%|██████████████▉                            | 335/961 [00:24<00:45, 13.84it/s]
Encode all items:  35%|███████████████                            | 337/961 [00:24<00:45, 13.82it/s]
Encode all items:  35%|███████████████▏                           | 339/961 [00:24<00:44, 13.84it/s]
Encode all items:  35%|███████████████▎                           | 341/961 [00:24<00:44, 13.84it/s]
Encode all items:  36%|███████████████▎                           | 343/961 [00:25<00:44, 13.82it/s]
Encode all items:  36%|███████████████▍                           | 345/961 [00:25<00:44, 13.81it/s]
Encode all items:  36%|███████████████▌                           | 347/961 [00:25<00:44, 13.82it/s]
Encode all items:  36%|███████████████▌                           | 349/961 [00:25<00:44, 13.84it/s]
Encode all items:  37%|███████████████▋                           | 351/961 [00:25<00:44, 13.83it/s]
Encode all items:  37%|███████████████▊                           | 353/961 [00:25<00:44, 13.81it/s]
Encode all items:  37%|███████████████▉                           | 355/961 [00:25<00:43, 13.86it/s]
Encode all items:  37%|███████████████▉                           | 357/961 [00:26<00:43, 13.85it/s]
Encode all items:  37%|████████████████                           | 359/961 [00:26<00:43, 13.85it/s]
Encode all items:  38%|████████████████▏                          | 361/961 [00:26<00:43, 13.88it/s]
Encode all items:  38%|████████████████▏                          | 363/961 [00:26<00:43, 13.89it/s]
Encode all items:  38%|████████████████▎                          | 365/961 [00:26<00:42, 13.87it/s]
Encode all items:  38%|████████████████▍                          | 367/961 [00:26<00:42, 13.87it/s]
Encode all items:  38%|████████████████▌                          | 369/961 [00:26<00:42, 13.79it/s]
Encode all items:  39%|████████████████▌                          | 371/961 [00:27<00:42, 13.82it/s]
Encode all items:  39%|████████████████▋                          | 373/961 [00:27<00:42, 13.80it/s]
Encode all items:  39%|████████████████▊                          | 375/961 [00:27<00:42, 13.81it/s]
Encode all items:  39%|████████████████▊                          | 377/961 [00:27<00:42, 13.84it/s]
Encode all items:  39%|████████████████▉                          | 379/961 [00:27<00:42, 13.83it/s]
Encode all items:  40%|█████████████████                          | 381/961 [00:27<00:41, 13.81it/s]
Encode all items:  40%|█████████████████▏                         | 383/961 [00:27<00:41, 13.83it/s]
Encode all items:  40%|█████████████████▏                         | 385/961 [00:28<00:41, 13.83it/s]
Encode all items:  40%|█████████████████▎                         | 387/961 [00:28<00:41, 13.84it/s]
Encode all items:  40%|█████████████████▍                         | 389/961 [00:28<00:41, 13.83it/s]
Encode all items:  41%|█████████████████▍                         | 391/961 [00:28<00:41, 13.81it/s]
Encode all items:  41%|█████████████████▌                         | 393/961 [00:28<00:41, 13.80it/s]
Encode all items:  41%|█████████████████▋                         | 395/961 [00:28<00:40, 13.84it/s]
Encode all items:  41%|█████████████████▊                         | 397/961 [00:28<00:40, 13.82it/s]
Encode all items:  42%|█████████████████▊                         | 399/961 [00:29<00:40, 13.84it/s]
Encode all items:  42%|█████████████████▉                         | 401/961 [00:29<00:40, 13.84it/s]
Encode all items:  42%|██████████████████                         | 403/961 [00:29<00:40, 13.80it/s]
Encode all items:  42%|██████████████████                         | 405/961 [00:29<00:40, 13.78it/s]
Encode all items:  42%|██████████████████▏                        | 407/961 [00:29<00:40, 13.79it/s]
Encode all items:  43%|██████████████████▎                        | 409/961 [00:29<00:39, 13.80it/s]
Encode all items:  43%|██████████████████▍                        | 411/961 [00:29<00:39, 13.81it/s]
Encode all items:  43%|██████████████████▍                        | 413/961 [00:30<00:39, 13.81it/s]
Encode all items:  43%|██████████████████▌                        | 415/961 [00:30<00:39, 13.83it/s]
Encode all items:  43%|██████████████████▋                        | 417/961 [00:30<00:39, 13.85it/s]
Encode all items:  44%|██████████████████▋                        | 419/961 [00:30<00:39, 13.84it/s]
Encode all items:  44%|██████████████████▊                        | 421/961 [00:30<00:39, 13.81it/s]
Encode all items:  44%|██████████████████▉                        | 423/961 [00:30<00:38, 13.80it/s]
Encode all items:  44%|███████████████████                        | 425/961 [00:30<00:38, 13.81it/s]
Encode all items:  44%|███████████████████                        | 427/961 [00:31<00:38, 13.84it/s]
Encode all items:  45%|███████████████████▏                       | 429/961 [00:31<00:38, 13.85it/s]
Encode all items:  45%|███████████████████▎                       | 431/961 [00:31<00:38, 13.85it/s]
Encode all items:  45%|███████████████████▎                       | 433/961 [00:31<00:38, 13.83it/s]
Encode all items:  45%|███████████████████▍                       | 435/961 [00:31<00:37, 13.85it/s]
Encode all items:  45%|███████████████████▌                       | 437/961 [00:31<00:37, 13.84it/s]
Encode all items:  46%|███████████████████▋                       | 439/961 [00:31<00:37, 13.83it/s]
Encode all items:  46%|███████████████████▋                       | 441/961 [00:32<00:37, 13.80it/s]
Encode all items:  46%|███████████████████▊                       | 443/961 [00:32<00:37, 13.82it/s]
Encode all items:  46%|███████████████████▉                       | 445/961 [00:32<00:37, 13.79it/s]
Encode all items:  47%|████████████████████                       | 447/961 [00:32<00:37, 13.80it/s]
Encode all items:  47%|████████████████████                       | 449/961 [00:32<00:37, 13.79it/s]
Encode all items:  47%|████████████████████▏                      | 451/961 [00:32<00:36, 13.81it/s]
Encode all items:  47%|████████████████████▎                      | 453/961 [00:33<00:36, 13.80it/s]
Encode all items:  47%|████████████████████▎                      | 455/961 [00:33<00:36, 13.82it/s]
Encode all items:  48%|████████████████████▍                      | 457/961 [00:33<00:36, 13.83it/s]
Encode all items:  48%|████████████████████▌                      | 459/961 [00:33<00:36, 13.82it/s]
Encode all items:  48%|████████████████████▋                      | 461/961 [00:33<00:36, 13.82it/s]
Encode all items:  48%|████████████████████▋                      | 463/961 [00:33<00:35, 13.84it/s]
Encode all items:  48%|████████████████████▊                      | 465/961 [00:33<00:35, 13.81it/s]
Encode all items:  49%|████████████████████▉                      | 467/961 [00:34<00:35, 13.83it/s]
Encode all items:  49%|████████████████████▉                      | 469/961 [00:34<00:35, 13.82it/s]
Encode all items:  49%|█████████████████████                      | 471/961 [00:34<00:35, 13.84it/s]
Encode all items:  49%|█████████████████████▏                     | 473/961 [00:34<00:35, 13.83it/s]
Encode all items:  49%|█████████████████████▎                     | 475/961 [00:34<00:35, 13.84it/s]
Encode all items:  50%|█████████████████████▎                     | 477/961 [00:34<00:34, 13.83it/s]
Encode all items:  50%|█████████████████████▍                     | 479/961 [00:34<00:34, 13.84it/s]
Encode all items:  50%|█████████████████████▌                     | 481/961 [00:35<00:34, 13.84it/s]
Encode all items:  50%|█████████████████████▌                     | 483/961 [00:35<00:34, 13.83it/s]
Encode all items:  50%|█████████████████████▋                     | 485/961 [00:35<00:34, 13.85it/s]
Encode all items:  51%|█████████████████████▊                     | 487/961 [00:35<00:34, 13.86it/s]
Encode all items:  51%|█████████████████████▉                     | 489/961 [00:35<00:34, 13.85it/s]
Encode all items:  51%|█████████████████████▉                     | 491/961 [00:35<00:33, 13.86it/s]
Encode all items:  51%|██████████████████████                     | 493/961 [00:35<00:33, 13.87it/s]
Encode all items:  52%|██████████████████████▏                    | 495/961 [00:36<00:33, 13.85it/s]
Encode all items:  52%|██████████████████████▏                    | 497/961 [00:36<00:33, 13.81it/s]
Encode all items:  52%|██████████████████████▎                    | 499/961 [00:36<00:33, 13.81it/s]
Encode all items:  52%|██████████████████████▍                    | 501/961 [00:36<00:33, 13.82it/s]
Encode all items:  52%|██████████████████████▌                    | 503/961 [00:36<00:33, 13.83it/s]
Encode all items:  53%|██████████████████████▌                    | 505/961 [00:36<00:33, 13.79it/s]
Encode all items:  53%|██████████████████████▋                    | 507/961 [00:36<00:32, 13.78it/s]
Encode all items:  53%|██████████████████████▊                    | 509/961 [00:37<00:32, 13.80it/s]
Encode all items:  53%|██████████████████████▊                    | 511/961 [00:37<00:32, 13.76it/s]
Encode all items:  53%|██████████████████████▉                    | 513/961 [00:37<00:32, 13.76it/s]
Encode all items:  54%|███████████████████████                    | 515/961 [00:37<00:32, 13.72it/s]
Encode all items:  54%|███████████████████████▏                   | 517/961 [00:37<00:32, 13.75it/s]
Encode all items:  54%|███████████████████████▏                   | 519/961 [00:37<00:32, 13.77it/s]
Encode all items:  54%|███████████████████████▎                   | 521/961 [00:37<00:31, 13.78it/s]
Encode all items:  54%|███████████████████████▍                   | 523/961 [00:38<00:31, 13.80it/s]
Encode all items:  55%|███████████████████████▍                   | 525/961 [00:38<00:32, 13.36it/s]
Encode all items:  55%|███████████████████████▌                   | 527/961 [00:38<00:32, 13.49it/s]
Encode all items:  55%|███████████████████████▋                   | 529/961 [00:38<00:31, 13.60it/s]
Encode all items:  55%|███████████████████████▊                   | 531/961 [00:38<00:31, 13.67it/s]
Encode all items:  55%|███████████████████████▊                   | 533/961 [00:38<00:31, 13.71it/s]
Encode all items:  56%|███████████████████████▉                   | 535/961 [00:38<00:30, 13.75it/s]
Encode all items:  56%|████████████████████████                   | 537/961 [00:39<00:30, 13.78it/s]
Encode all items:  56%|████████████████████████                   | 539/961 [00:39<00:30, 13.81it/s]
Encode all items:  56%|████████████████████████▏                  | 541/961 [00:39<00:30, 13.83it/s]
Encode all items:  57%|████████████████████████▎                  | 543/961 [00:39<00:30, 13.85it/s]
Encode all items:  57%|████████████████████████▍                  | 545/961 [00:39<00:30, 13.84it/s]
Encode all items:  57%|████████████████████████▍                  | 547/961 [00:39<00:29, 13.83it/s]
Encode all items:  57%|████████████████████████▌                  | 549/961 [00:39<00:29, 13.81it/s]
Encode all items:  57%|████████████████████████▋                  | 551/961 [00:40<00:29, 13.82it/s]
Encode all items:  58%|████████████████████████▋                  | 553/961 [00:40<00:29, 13.81it/s]
Encode all items:  58%|████████████████████████▊                  | 555/961 [00:40<00:29, 13.81it/s]
Encode all items:  58%|████████████████████████▉                  | 557/961 [00:40<00:29, 13.77it/s]
Encode all items:  58%|█████████████████████████                  | 559/961 [00:40<00:29, 13.80it/s]
Encode all items:  58%|█████████████████████████                  | 561/961 [00:40<00:28, 13.82it/s]
Encode all items:  59%|█████████████████████████▏                 | 563/961 [00:40<00:28, 13.83it/s]
Encode all items:  59%|█████████████████████████▎                 | 565/961 [00:41<00:28, 13.83it/s]
Encode all items:  59%|█████████████████████████▎                 | 567/961 [00:41<00:28, 13.84it/s]
Encode all items:  59%|█████████████████████████▍                 | 569/961 [00:41<00:28, 13.82it/s]
Encode all items:  59%|█████████████████████████▌                 | 571/961 [00:41<00:28, 13.85it/s]
Encode all items:  60%|█████████████████████████▋                 | 573/961 [00:41<00:28, 13.82it/s]
Encode all items:  60%|█████████████████████████▋                 | 575/961 [00:41<00:27, 13.81it/s]
Encode all items:  60%|█████████████████████████▊                 | 577/961 [00:41<00:27, 13.81it/s]
Encode all items:  60%|█████████████████████████▉                 | 579/961 [00:42<00:27, 13.80it/s]
Encode all items:  60%|█████████████████████████▉                 | 581/961 [00:42<00:27, 13.79it/s]
Encode all items:  61%|██████████████████████████                 | 583/961 [00:42<00:27, 13.80it/s]
Encode all items:  61%|██████████████████████████▏                | 585/961 [00:42<00:27, 13.80it/s]
Encode all items:  61%|██████████████████████████▎                | 587/961 [00:42<00:27, 13.84it/s]
Encode all items:  61%|██████████████████████████▎                | 589/961 [00:42<00:26, 13.82it/s]
Encode all items:  61%|██████████████████████████▍                | 591/961 [00:43<00:26, 13.78it/s]
Encode all items:  62%|██████████████████████████▌                | 593/961 [00:43<00:26, 13.78it/s]
Encode all items:  62%|██████████████████████████▌                | 595/961 [00:43<00:26, 13.81it/s]
Encode all items:  62%|██████████████████████████▋                | 597/961 [00:43<00:26, 13.81it/s]
Encode all items:  62%|██████████████████████████▊                | 599/961 [00:43<00:26, 13.86it/s]
Encode all items:  63%|██████████████████████████▉                | 601/961 [00:43<00:26, 13.83it/s]
Encode all items:  63%|██████████████████████████▉                | 603/961 [00:43<00:25, 13.83it/s]
Encode all items:  63%|███████████████████████████                | 605/961 [00:44<00:25, 13.81it/s]
Encode all items:  63%|███████████████████████████▏               | 607/961 [00:44<00:25, 13.84it/s]
Encode all items:  63%|███████████████████████████▏               | 609/961 [00:44<00:25, 13.84it/s]
Encode all items:  64%|███████████████████████████▎               | 611/961 [00:44<00:25, 13.82it/s]
Encode all items:  64%|███████████████████████████▍               | 613/961 [00:44<00:25, 13.82it/s]
Encode all items:  64%|███████████████████████████▌               | 615/961 [00:44<00:25, 13.82it/s]
Encode all items:  64%|███████████████████████████▌               | 617/961 [00:44<00:24, 13.81it/s]
Encode all items:  64%|███████████████████████████▋               | 619/961 [00:45<00:24, 13.82it/s]
Encode all items:  65%|███████████████████████████▊               | 621/961 [00:45<00:24, 13.83it/s]
Encode all items:  65%|███████████████████████████▉               | 623/961 [00:45<00:24, 13.83it/s]
Encode all items:  65%|███████████████████████████▉               | 625/961 [00:45<00:24, 13.81it/s]
Encode all items:  65%|████████████████████████████               | 627/961 [00:45<00:24, 13.80it/s]
Encode all items:  65%|████████████████████████████▏              | 629/961 [00:45<00:24, 13.81it/s]
Encode all items:  66%|████████████████████████████▏              | 631/961 [00:45<00:23, 13.82it/s]
Encode all items:  66%|████████████████████████████▎              | 633/961 [00:46<00:23, 13.83it/s]
Encode all items:  66%|████████████████████████████▍              | 635/961 [00:46<00:23, 13.83it/s]
Encode all items:  66%|████████████████████████████▌              | 637/961 [00:46<00:23, 13.81it/s]
Encode all items:  66%|████████████████████████████▌              | 639/961 [00:46<00:23, 13.81it/s]
Encode all items:  67%|████████████████████████████▋              | 641/961 [00:46<00:23, 13.80it/s]
Encode all items:  67%|████████████████████████████▊              | 643/961 [00:46<00:23, 13.80it/s]
Encode all items:  67%|████████████████████████████▊              | 645/961 [00:46<00:22, 13.76it/s]
Encode all items:  67%|████████████████████████████▉              | 647/961 [00:47<00:22, 13.78it/s]
Encode all items:  68%|█████████████████████████████              | 649/961 [00:47<00:22, 13.78it/s]
Encode all items:  68%|█████████████████████████████▏             | 651/961 [00:47<00:22, 13.78it/s]
Encode all items:  68%|█████████████████████████████▏             | 653/961 [00:47<00:22, 13.77it/s]
Encode all items:  68%|█████████████████████████████▎             | 655/961 [00:47<00:22, 13.79it/s]
Encode all items:  68%|█████████████████████████████▍             | 657/961 [00:47<00:22, 13.78it/s]
Encode all items:  69%|█████████████████████████████▍             | 659/961 [00:47<00:21, 13.78it/s]
Encode all items:  69%|█████████████████████████████▌             | 661/961 [00:48<00:21, 13.78it/s]
Encode all items:  69%|█████████████████████████████▋             | 663/961 [00:48<00:21, 13.79it/s]
Encode all items:  69%|█████████████████████████████▊             | 665/961 [00:48<00:21, 13.79it/s]
Encode all items:  69%|█████████████████████████████▊             | 667/961 [00:48<00:21, 13.77it/s]
Encode all items:  70%|█████████████████████████████▉             | 669/961 [00:48<00:21, 13.74it/s]
Encode all items:  70%|██████████████████████████████             | 671/961 [00:48<00:21, 13.77it/s]
Encode all items:  70%|██████████████████████████████             | 673/961 [00:48<00:20, 13.77it/s]
Encode all items:  70%|██████████████████████████████▏            | 675/961 [00:49<00:20, 13.79it/s]
Encode all items:  70%|██████████████████████████████▎            | 677/961 [00:49<00:20, 13.77it/s]
Encode all items:  71%|██████████████████████████████▍            | 679/961 [00:49<00:20, 13.79it/s]
Encode all items:  71%|██████████████████████████████▍            | 681/961 [00:49<00:20, 13.79it/s]
Encode all items:  71%|██████████████████████████████▌            | 683/961 [00:49<00:20, 13.79it/s]
Encode all items:  71%|██████████████████████████████▋            | 685/961 [00:49<00:20, 13.77it/s]
Encode all items:  71%|██████████████████████████████▋            | 687/961 [00:49<00:19, 13.81it/s]
Encode all items:  72%|██████████████████████████████▊            | 689/961 [00:50<00:19, 13.81it/s]
Encode all items:  72%|██████████████████████████████▉            | 691/961 [00:50<00:19, 13.75it/s]
Encode all items:  72%|███████████████████████████████            | 693/961 [00:50<00:19, 13.76it/s]
Encode all items:  72%|███████████████████████████████            | 695/961 [00:50<00:19, 13.81it/s]
Encode all items:  73%|███████████████████████████████▏           | 697/961 [00:50<00:19, 13.81it/s]
Encode all items:  73%|███████████████████████████████▎           | 699/961 [00:50<00:18, 13.82it/s]
Encode all items:  73%|███████████████████████████████▎           | 701/961 [00:50<00:18, 13.80it/s]
Encode all items:  73%|███████████████████████████████▍           | 703/961 [00:51<00:18, 13.81it/s]
Encode all items:  73%|███████████████████████████████▌           | 705/961 [00:51<00:18, 13.80it/s]
Encode all items:  74%|███████████████████████████████▋           | 707/961 [00:51<00:18, 13.81it/s]
Encode all items:  74%|███████████████████████████████▋           | 709/961 [00:51<00:18, 13.81it/s]
Encode all items:  74%|███████████████████████████████▊           | 711/961 [00:51<00:18, 13.82it/s]
Encode all items:  74%|███████████████████████████████▉           | 713/961 [00:51<00:17, 13.79it/s]
Encode all items:  74%|███████████████████████████████▉           | 715/961 [00:51<00:17, 13.80it/s]
Encode all items:  75%|████████████████████████████████           | 717/961 [00:52<00:17, 13.80it/s]
Encode all items:  75%|████████████████████████████████▏          | 719/961 [00:52<00:17, 13.83it/s]
Encode all items:  75%|████████████████████████████████▎          | 721/961 [00:52<00:17, 13.81it/s]
Encode all items:  75%|████████████████████████████████▎          | 723/961 [00:52<00:17, 13.83it/s]
Encode all items:  75%|████████████████████████████████▍          | 725/961 [00:52<00:17, 13.84it/s]
Encode all items:  76%|████████████████████████████████▌          | 727/961 [00:52<00:16, 13.87it/s]
Encode all items:  76%|████████████████████████████████▌          | 729/961 [00:53<00:16, 13.85it/s]
Encode all items:  76%|████████████████████████████████▋          | 731/961 [00:53<00:16, 13.87it/s]
Encode all items:  76%|████████████████████████████████▊          | 733/961 [00:53<00:16, 13.88it/s]
Encode all items:  76%|████████████████████████████████▉          | 735/961 [00:53<00:16, 13.87it/s]
Encode all items:  77%|████████████████████████████████▉          | 737/961 [00:53<00:16, 13.88it/s]
Encode all items:  77%|█████████████████████████████████          | 739/961 [00:53<00:15, 13.90it/s]
Encode all items:  77%|█████████████████████████████████▏         | 741/961 [00:53<00:15, 13.85it/s]
Encode all items:  77%|█████████████████████████████████▏         | 743/961 [00:54<00:15, 13.84it/s]
Encode all items:  78%|█████████████████████████████████▎         | 745/961 [00:54<00:15, 13.83it/s]
Encode all items:  78%|█████████████████████████████████▍         | 747/961 [00:54<00:15, 13.85it/s]
Encode all items:  78%|█████████████████████████████████▌         | 749/961 [00:54<00:15, 13.83it/s]
Encode all items:  78%|█████████████████████████████████▌         | 751/961 [00:54<00:15, 13.85it/s]
Encode all items:  78%|█████████████████████████████████▋         | 753/961 [00:54<00:15, 13.82it/s]
Encode all items:  79%|█████████████████████████████████▊         | 755/961 [00:54<00:14, 13.83it/s]
Encode all items:  79%|█████████████████████████████████▊         | 757/961 [00:55<00:14, 13.83it/s]
Encode all items:  79%|█████████████████████████████████▉         | 759/961 [00:55<00:14, 13.85it/s]
Encode all items:  79%|██████████████████████████████████         | 761/961 [00:55<00:14, 13.82it/s]
Encode all items:  79%|██████████████████████████████████▏        | 763/961 [00:55<00:14, 13.83it/s]
Encode all items:  80%|██████████████████████████████████▏        | 765/961 [00:55<00:14, 13.84it/s]
Encode all items:  80%|██████████████████████████████████▎        | 767/961 [00:55<00:14, 13.85it/s]
Encode all items:  80%|██████████████████████████████████▍        | 769/961 [00:55<00:13, 13.83it/s]
Encode all items:  80%|██████████████████████████████████▍        | 771/961 [00:56<00:13, 13.81it/s]
Encode all items:  80%|██████████████████████████████████▌        | 773/961 [00:56<00:13, 13.80it/s]
Encode all items:  81%|██████████████████████████████████▋        | 775/961 [00:56<00:13, 13.84it/s]
Encode all items:  81%|██████████████████████████████████▊        | 777/961 [00:56<00:13, 13.83it/s]
Encode all items:  81%|██████████████████████████████████▊        | 779/961 [00:56<00:13, 13.85it/s]
Encode all items:  81%|██████████████████████████████████▉        | 781/961 [00:56<00:12, 13.85it/s]
Encode all items:  81%|███████████████████████████████████        | 783/961 [00:56<00:12, 13.85it/s]
Encode all items:  82%|███████████████████████████████████        | 785/961 [00:57<00:12, 13.85it/s]
Encode all items:  82%|███████████████████████████████████▏       | 787/961 [00:57<00:12, 13.87it/s]
Encode all items:  82%|███████████████████████████████████▎       | 789/961 [00:57<00:12, 13.87it/s]
Encode all items:  82%|███████████████████████████████████▍       | 791/961 [00:57<00:12, 13.87it/s]
Encode all items:  83%|███████████████████████████████████▍       | 793/961 [00:57<00:12, 13.86it/s]
Encode all items:  83%|███████████████████████████████████▌       | 795/961 [00:57<00:11, 13.85it/s]
Encode all items:  83%|███████████████████████████████████▋       | 797/961 [00:57<00:11, 13.83it/s]
Encode all items:  83%|███████████████████████████████████▊       | 799/961 [00:58<00:11, 13.83it/s]
Encode all items:  83%|███████████████████████████████████▊       | 801/961 [00:58<00:11, 13.83it/s]
Encode all items:  84%|███████████████████████████████████▉       | 803/961 [00:58<00:11, 13.86it/s]
Encode all items:  84%|████████████████████████████████████       | 805/961 [00:58<00:11, 13.84it/s]
Encode all items:  84%|████████████████████████████████████       | 807/961 [00:58<00:11, 13.85it/s]
Encode all items:  84%|████████████████████████████████████▏      | 809/961 [00:58<00:10, 13.86it/s]
Encode all items:  84%|████████████████████████████████████▎      | 811/961 [00:58<00:10, 13.90it/s]
Encode all items:  85%|████████████████████████████████████▍      | 813/961 [00:59<00:10, 13.89it/s]
Encode all items:  85%|████████████████████████████████████▍      | 815/961 [00:59<00:10, 13.88it/s]
Encode all items:  85%|████████████████████████████████████▌      | 817/961 [00:59<00:10, 13.88it/s]
Encode all items:  85%|████████████████████████████████████▋      | 819/961 [00:59<00:10, 13.86it/s]
Encode all items:  85%|████████████████████████████████████▋      | 821/961 [00:59<00:10, 13.86it/s]
Encode all items:  86%|████████████████████████████████████▊      | 823/961 [00:59<00:09, 13.86it/s]
Encode all items:  86%|████████████████████████████████████▉      | 825/961 [00:59<00:09, 13.87it/s]
Encode all items:  86%|█████████████████████████████████████      | 827/961 [01:00<00:09, 13.89it/s]
Encode all items:  86%|█████████████████████████████████████      | 829/961 [01:00<00:09, 13.89it/s]
Encode all items:  86%|█████████████████████████████████████▏     | 831/961 [01:00<00:09, 13.90it/s]
Encode all items:  87%|█████████████████████████████████████▎     | 833/961 [01:00<00:09, 13.87it/s]
Encode all items:  87%|█████████████████████████████████████▎     | 835/961 [01:00<00:09, 13.90it/s]
Encode all items:  87%|█████████████████████████████████████▍     | 837/961 [01:00<00:08, 13.87it/s]
Encode all items:  87%|█████████████████████████████████████▌     | 839/961 [01:00<00:08, 13.86it/s]
Encode all items:  88%|█████████████████████████████████████▋     | 841/961 [01:01<00:08, 13.86it/s]
Encode all items:  88%|█████████████████████████████████████▋     | 843/961 [01:01<00:08, 13.87it/s]
Encode all items:  88%|█████████████████████████████████████▊     | 845/961 [01:01<00:08, 13.86it/s]
Encode all items:  88%|█████████████████████████████████████▉     | 847/961 [01:01<00:08, 13.87it/s]
Encode all items:  88%|█████████████████████████████████████▉     | 849/961 [01:01<00:08, 13.85it/s]
Encode all items:  89%|██████████████████████████████████████     | 851/961 [01:01<00:07, 13.86it/s]
Encode all items:  89%|██████████████████████████████████████▏    | 853/961 [01:01<00:07, 13.84it/s]
Encode all items:  89%|██████████████████████████████████████▎    | 855/961 [01:02<00:07, 13.84it/s]
Encode all items:  89%|██████████████████████████████████████▎    | 857/961 [01:02<00:07, 13.83it/s]
Encode all items:  89%|██████████████████████████████████████▍    | 859/961 [01:02<00:07, 13.85it/s]
Encode all items:  90%|██████████████████████████████████████▌    | 861/961 [01:02<00:07, 13.86it/s]
Encode all items:  90%|██████████████████████████████████████▌    | 863/961 [01:02<00:07, 13.91it/s]
Encode all items:  90%|██████████████████████████████████████▋    | 865/961 [01:02<00:06, 13.87it/s]
Encode all items:  90%|██████████████████████████████████████▊    | 867/961 [01:02<00:06, 13.86it/s]
Encode all items:  90%|██████████████████████████████████████▉    | 869/961 [01:03<00:06, 13.85it/s]
Encode all items:  91%|██████████████████████████████████████▉    | 871/961 [01:03<00:06, 13.86it/s]
Encode all items:  91%|███████████████████████████████████████    | 873/961 [01:03<00:06, 13.86it/s]
Encode all items:  91%|███████████████████████████████████████▏   | 875/961 [01:03<00:06, 13.86it/s]
Encode all items:  91%|███████████████████████████████████████▏   | 877/961 [01:03<00:06, 13.85it/s]
Encode all items:  91%|███████████████████████████████████████▎   | 879/961 [01:03<00:05, 13.85it/s]
Encode all items:  92%|███████████████████████████████████████▍   | 881/961 [01:03<00:05, 13.84it/s]
Encode all items:  92%|███████████████████████████████████████▌   | 883/961 [01:04<00:05, 13.84it/s]
Encode all items:  92%|███████████████████████████████████████▌   | 885/961 [01:04<00:05, 13.83it/s]
Encode all items:  92%|███████████████████████████████████████▋   | 887/961 [01:04<00:05, 13.84it/s]
Encode all items:  93%|███████████████████████████████████████▊   | 889/961 [01:04<00:05, 13.83it/s]
Encode all items:  93%|███████████████████████████████████████▊   | 891/961 [01:04<00:05, 13.85it/s]
Encode all items:  93%|███████████████████████████████████████▉   | 893/961 [01:04<00:04, 13.85it/s]
Encode all items:  93%|████████████████████████████████████████   | 895/961 [01:04<00:04, 13.87it/s]
Encode all items:  93%|████████████████████████████████████████▏  | 897/961 [01:05<00:04, 13.84it/s]
Encode all items:  94%|████████████████████████████████████████▏  | 899/961 [01:05<00:04, 13.86it/s]
Encode all items:  94%|████████████████████████████████████████▎  | 901/961 [01:05<00:04, 13.87it/s]
Encode all items:  94%|████████████████████████████████████████▍  | 903/961 [01:05<00:04, 13.79it/s]
Encode all items:  94%|████████████████████████████████████████▍  | 905/961 [01:05<00:04, 13.77it/s]
Encode all items:  94%|████████████████████████████████████████▌  | 907/961 [01:05<00:03, 13.78it/s]
Encode all items:  95%|████████████████████████████████████████▋  | 909/961 [01:06<00:03, 13.75it/s]
Encode all items:  95%|████████████████████████████████████████▊  | 911/961 [01:06<00:03, 13.79it/s]
Encode all items:  95%|████████████████████████████████████████▊  | 913/961 [01:06<00:03, 13.80it/s]
Encode all items:  95%|████████████████████████████████████████▉  | 915/961 [01:06<00:03, 13.82it/s]
Encode all items:  95%|█████████████████████████████████████████  | 917/961 [01:06<00:03, 13.83it/s]
Encode all items:  96%|█████████████████████████████████████████  | 919/961 [01:06<00:03, 13.82it/s]
Encode all items:  96%|█████████████████████████████████████████▏ | 921/961 [01:06<00:02, 13.82it/s]
Encode all items:  96%|█████████████████████████████████████████▎ | 923/961 [01:07<00:02, 13.84it/s]
Encode all items:  96%|█████████████████████████████████████████▍ | 925/961 [01:07<00:02, 13.83it/s]
Encode all items:  96%|█████████████████████████████████████████▍ | 927/961 [01:07<00:02, 13.87it/s]
Encode all items:  97%|█████████████████████████████████████████▌ | 929/961 [01:07<00:02, 13.86it/s]
Encode all items:  97%|█████████████████████████████████████████▋ | 931/961 [01:07<00:02, 13.87it/s]
Encode all items:  97%|█████████████████████████████████████████▋ | 933/961 [01:07<00:02, 13.85it/s]
Encode all items:  97%|█████████████████████████████████████████▊ | 935/961 [01:07<00:01, 13.87it/s]
Encode all items:  98%|█████████████████████████████████████████▉ | 937/961 [01:08<00:01, 14.26it/s]
Encode all items:  98%|██████████████████████████████████████████ | 939/961 [01:08<00:01, 15.03it/s]
Encode all items:  98%|██████████████████████████████████████████ | 941/961 [01:08<00:01, 15.62it/s]
Encode all items:  98%|██████████████████████████████████████████▏| 943/961 [01:08<00:01, 16.08it/s]
Encode all items:  98%|██████████████████████████████████████████▎| 945/961 [01:08<00:00, 16.40it/s]
Encode all items:  99%|██████████████████████████████████████████▎| 947/961 [01:08<00:00, 16.64it/s]
Encode all items:  99%|██████████████████████████████████████████▍| 949/961 [01:08<00:00, 16.81it/s]
Encode all items:  99%|██████████████████████████████████████████▌| 951/961 [01:08<00:00, 16.93it/s]
Encode all items:  99%|██████████████████████████████████████████▋| 953/961 [01:08<00:00, 16.99it/s]
Encode all items:  99%|██████████████████████████████████████████▋| 955/961 [01:09<00:00, 17.07it/s]
Encode all items: 100%|██████████████████████████████████████████▊| 957/961 [01:09<00:00, 17.10it/s]
Encode all items: 100%|██████████████████████████████████████████▉| 959/961 [01:09<00:00, 17.14it/s]
Encode all items: 100%|███████████████████████████████████████████| 961/961 [01:09<00:00, 17.31it/s]
Encode all items: 100%|███████████████████████████████████████████| 961/961 [01:09<00:00, 13.85it/s]
Initalize item embeddings from vectors.

Evaluate:   0%|                                                             | 0/688 [00:00<?, ?it/s]
Evaluate:   0%|                                                     | 1/688 [00:00<01:43,  6.65it/s]
Evaluate:   0%|▏                                                    | 3/688 [00:00<01:19,  8.61it/s]
Evaluate:   1%|▍                                                    | 5/688 [00:00<01:07, 10.09it/s]
Evaluate:   1%|▌                                                    | 7/688 [00:00<01:17,  8.76it/s]
Evaluate:   1%|▌                                                    | 8/688 [00:00<01:22,  8.23it/s]
Evaluate:   1%|▋                                                    | 9/688 [00:01<01:26,  7.85it/s]
Evaluate:   1%|▊                                                   | 10/688 [00:01<01:29,  7.57it/s]
Evaluate:   2%|▊                                                   | 11/688 [00:01<01:31,  7.37it/s]
Evaluate:   2%|▉                                                   | 12/688 [00:01<01:33,  7.23it/s]
Evaluate:   2%|▉                                                   | 13/688 [00:01<01:34,  7.13it/s]
Evaluate:   2%|█                                                   | 14/688 [00:01<01:35,  7.05it/s]
Evaluate:   2%|█▏                                                  | 15/688 [00:01<01:36,  7.00it/s]
Evaluate:   2%|█▎                                                  | 17/688 [00:02<01:27,  7.71it/s]
Evaluate:   3%|█▎                                                  | 18/688 [00:02<01:29,  7.49it/s]
Evaluate:   3%|█▍                                                  | 19/688 [00:02<01:31,  7.33it/s]
Evaluate:   3%|█▌                                                  | 20/688 [00:02<01:32,  7.20it/s]
Evaluate:   3%|█▌                                                  | 21/688 [00:02<01:26,  7.74it/s]
Evaluate:   3%|█▋                                                  | 22/688 [00:02<01:29,  7.47it/s]
Evaluate:   3%|█▋                                                  | 23/688 [00:03<01:31,  7.29it/s]
Evaluate:   3%|█▊                                                  | 24/688 [00:03<01:32,  7.17it/s]
Evaluate:   4%|█▉                                                  | 25/688 [00:03<01:29,  7.42it/s]
Evaluate:   4%|█▉                                                  | 26/688 [00:03<01:23,  7.96it/s]
Evaluate:   4%|██                                                  | 27/688 [00:03<01:26,  7.60it/s]
Evaluate:   4%|██                                                  | 28/688 [00:03<01:29,  7.37it/s]
Evaluate:   4%|██▏                                                 | 29/688 [00:03<01:27,  7.56it/s]
Evaluate:   4%|██▎                                                 | 30/688 [00:03<01:21,  8.08it/s]
Evaluate:   5%|██▎                                                 | 31/688 [00:04<01:25,  7.68it/s]
Evaluate:   5%|██▍                                                 | 32/688 [00:04<01:28,  7.42it/s]
Evaluate:   5%|██▍                                                 | 33/688 [00:04<01:26,  7.61it/s]
Evaluate:   5%|██▌                                                 | 34/688 [00:04<01:24,  7.73it/s]
Evaluate:   5%|██▋                                                 | 35/688 [00:04<01:27,  7.45it/s]
Evaluate:   5%|██▋                                                 | 36/688 [00:04<01:25,  7.63it/s]
Evaluate:   5%|██▊                                                 | 37/688 [00:04<01:20,  8.14it/s]
Evaluate:   6%|██▊                                                 | 38/688 [00:04<01:16,  8.53it/s]
Evaluate:   6%|███                                                 | 40/688 [00:05<01:11,  9.02it/s]
Evaluate:   6%|███                                                 | 41/688 [00:05<01:10,  9.16it/s]
Evaluate:   6%|███▏                                                | 42/688 [00:05<01:16,  8.44it/s]
Evaluate:   6%|███▎                                                | 43/688 [00:05<01:21,  7.96it/s]
Evaluate:   6%|███▎                                                | 44/688 [00:05<01:24,  7.62it/s]
Evaluate:   7%|███▍                                                | 46/688 [00:05<01:16,  8.42it/s]
Evaluate:   7%|███▌                                                | 47/688 [00:06<01:20,  7.99it/s]
Evaluate:   7%|███▋                                                | 49/688 [00:06<01:14,  8.60it/s]
Evaluate:   7%|███▊                                                | 51/688 [00:06<01:13,  8.66it/s]
Evaluate:   8%|████                                                | 53/688 [00:06<01:06,  9.59it/s]
Evaluate:   8%|████                                                | 54/688 [00:06<01:06,  9.59it/s]
Evaluate:   8%|████▏                                               | 55/688 [00:06<01:05,  9.59it/s]
Evaluate:   8%|████▏                                               | 56/688 [00:06<01:05,  9.59it/s]
Evaluate:   8%|████▎                                               | 57/688 [00:07<01:12,  8.71it/s]
Evaluate:   8%|████▍                                               | 58/688 [00:07<01:10,  8.94it/s]
Evaluate:   9%|████▌                                               | 60/688 [00:07<01:05,  9.62it/s]
Evaluate:   9%|████▋                                               | 62/688 [00:07<01:00, 10.42it/s]
Evaluate:   9%|████▊                                               | 64/688 [00:07<00:59, 10.52it/s]
Evaluate:  10%|████▉                                               | 66/688 [00:07<01:00, 10.23it/s]
Evaluate:  10%|█████▏                                              | 68/688 [00:08<00:57, 10.77it/s]
Evaluate:  10%|█████▎                                              | 70/688 [00:08<01:03,  9.74it/s]
Evaluate:  10%|█████▍                                              | 72/688 [00:08<01:05,  9.41it/s]
Evaluate:  11%|█████▌                                              | 73/688 [00:08<01:09,  8.82it/s]
Evaluate:  11%|█████▌                                              | 74/688 [00:08<01:08,  8.98it/s]
Evaluate:  11%|█████▋                                              | 75/688 [00:08<01:07,  9.12it/s]
Evaluate:  11%|█████▊                                              | 77/688 [00:09<01:00, 10.09it/s]
Evaluate:  11%|█████▉                                              | 79/688 [00:09<01:01,  9.93it/s]
Evaluate:  12%|██████                                              | 80/688 [00:09<01:04,  9.48it/s]
Evaluate:  12%|██████                                              | 81/688 [00:09<01:09,  8.74it/s]
Evaluate:  12%|██████▏                                             | 82/688 [00:09<01:10,  8.58it/s]
Evaluate:  12%|██████▎                                             | 84/688 [00:09<01:04,  9.34it/s]
Evaluate:  12%|██████▌                                             | 86/688 [00:10<00:59, 10.19it/s]
Evaluate:  13%|██████▋                                             | 88/688 [00:10<01:02,  9.65it/s]
Evaluate:  13%|██████▋                                             | 89/688 [00:10<01:02,  9.64it/s]
Evaluate:  13%|██████▊                                             | 90/688 [00:10<01:04,  9.24it/s]
Evaluate:  13%|██████▉                                             | 91/688 [00:10<01:06,  8.93it/s]
Evaluate:  13%|██████▉                                             | 92/688 [00:10<01:08,  8.70it/s]
Evaluate:  14%|███████                                             | 93/688 [00:10<01:13,  8.12it/s]
Evaluate:  14%|███████▏                                            | 95/688 [00:11<01:10,  8.39it/s]
Evaluate:  14%|███████▎                                            | 97/688 [00:11<01:09,  8.54it/s]
Evaluate:  14%|███████▍                                            | 98/688 [00:11<01:07,  8.75it/s]
Evaluate:  15%|███████▍                                           | 100/688 [00:11<01:04,  9.08it/s]
Evaluate:  15%|███████▍                                           | 101/688 [00:11<01:03,  9.19it/s]
Evaluate:  15%|███████▌                                           | 102/688 [00:11<01:08,  8.52it/s]
Evaluate:  15%|███████▋                                           | 103/688 [00:12<01:06,  8.78it/s]
Evaluate:  15%|███████▊                                           | 105/688 [00:12<00:58,  9.90it/s]
Evaluate:  16%|███████▉                                           | 107/688 [00:12<00:59,  9.82it/s]
Evaluate:  16%|████████                                           | 108/688 [00:12<01:04,  9.01it/s]
Evaluate:  16%|████████                                           | 109/688 [00:12<01:08,  8.41it/s]
Evaluate:  16%|████████▏                                          | 110/688 [00:12<01:06,  8.68it/s]
Evaluate:  16%|████████▎                                          | 112/688 [00:12<01:03,  9.06it/s]
Evaluate:  17%|████████▍                                          | 114/688 [00:13<01:01,  9.28it/s]
Evaluate:  17%|████████▌                                          | 115/688 [00:13<01:03,  9.00it/s]
Evaluate:  17%|████████▌                                          | 116/688 [00:13<01:02,  9.14it/s]
Evaluate:  17%|████████▋                                          | 117/688 [00:13<01:07,  8.46it/s]
Evaluate:  17%|████████▋                                          | 118/688 [00:13<01:08,  8.35it/s]
Evaluate:  17%|████████▊                                          | 119/688 [00:13<01:05,  8.66it/s]
Evaluate:  17%|████████▉                                          | 120/688 [00:13<01:06,  8.49it/s]
Evaluate:  18%|████████▉                                          | 121/688 [00:14<01:07,  8.36it/s]
Evaluate:  18%|█████████                                          | 122/688 [00:14<01:05,  8.70it/s]
Evaluate:  18%|█████████▏                                         | 124/688 [00:14<01:01,  9.11it/s]
Evaluate:  18%|█████████▎                                         | 125/688 [00:14<01:01,  9.21it/s]
Evaluate:  18%|█████████▎                                         | 126/688 [00:14<01:06,  8.47it/s]
Evaluate:  18%|█████████▍                                         | 127/688 [00:14<01:10,  7.97it/s]
Evaluate:  19%|█████████▍                                         | 128/688 [00:14<01:07,  8.36it/s]
Evaluate:  19%|█████████▌                                         | 129/688 [00:14<01:04,  8.68it/s]
Evaluate:  19%|█████████▋                                         | 131/688 [00:15<00:56,  9.92it/s]
Evaluate:  19%|█████████▊                                         | 132/688 [00:15<01:02,  8.97it/s]
Evaluate:  19%|█████████▊                                         | 133/688 [00:15<01:00,  9.13it/s]
Evaluate:  19%|█████████▉                                         | 134/688 [00:15<00:59,  9.24it/s]
Evaluate:  20%|██████████                                         | 135/688 [00:15<00:59,  9.33it/s]
Evaluate:  20%|██████████                                         | 136/688 [00:15<00:58,  9.41it/s]
Evaluate:  20%|██████████▏                                        | 137/688 [00:15<01:04,  8.52it/s]
Evaluate:  20%|██████████▎                                        | 139/688 [00:16<01:03,  8.63it/s]
Evaluate:  20%|██████████▍                                        | 140/688 [00:16<01:01,  8.85it/s]
Evaluate:  20%|██████████▍                                        | 141/688 [00:16<01:03,  8.63it/s]
Evaluate:  21%|██████████▌                                        | 142/688 [00:16<01:04,  8.47it/s]
Evaluate:  21%|██████████▌                                        | 143/688 [00:16<01:08,  7.96it/s]
Evaluate:  21%|██████████▋                                        | 144/688 [00:16<01:08,  7.99it/s]
Evaluate:  21%|██████████▊                                        | 146/688 [00:16<01:00,  9.01it/s]
Evaluate:  21%|██████████▉                                        | 147/688 [00:16<00:59,  9.15it/s]
Evaluate:  22%|███████████                                        | 149/688 [00:17<00:53, 10.15it/s]
Evaluate:  22%|███████████▏                                       | 151/688 [00:17<00:51, 10.34it/s]
Evaluate:  22%|███████████▎                                       | 153/688 [00:17<00:54,  9.74it/s]
Evaluate:  22%|███████████▍                                       | 154/688 [00:17<00:54,  9.72it/s]
Evaluate:  23%|███████████▌                                       | 156/688 [00:17<00:49, 10.68it/s]
Evaluate:  23%|███████████▋                                       | 158/688 [00:18<00:53,  9.95it/s]
Evaluate:  23%|███████████▊                                       | 160/688 [00:18<00:53,  9.86it/s]
Evaluate:  24%|████████████                                       | 162/688 [00:18<00:50, 10.47it/s]
Evaluate:  24%|████████████▏                                      | 164/688 [00:18<00:47, 10.92it/s]
Evaluate:  24%|████████████▎                                      | 166/688 [00:18<00:51, 10.16it/s]
Evaluate:  24%|████████████▍                                      | 168/688 [00:19<00:56,  9.15it/s]
Evaluate:  25%|████████████▌                                      | 169/688 [00:19<00:56,  9.23it/s]
Evaluate:  25%|████████████▌                                      | 170/688 [00:19<01:00,  8.63it/s]
Evaluate:  25%|████████████▋                                      | 171/688 [00:19<00:58,  8.83it/s]
Evaluate:  25%|████████████▊                                      | 173/688 [00:19<00:54,  9.48it/s]
Evaluate:  25%|████████████▉                                      | 174/688 [00:19<00:54,  9.51it/s]
Evaluate:  26%|█████████████                                      | 176/688 [00:19<00:53,  9.57it/s]
Evaluate:  26%|█████████████                                      | 177/688 [00:20<00:53,  9.58it/s]
Evaluate:  26%|█████████████▏                                     | 178/688 [00:20<00:55,  9.18it/s]
Evaluate:  26%|█████████████▎                                     | 179/688 [00:20<00:54,  9.28it/s]
Evaluate:  26%|█████████████▎                                     | 180/688 [00:20<00:56,  8.93it/s]
Evaluate:  26%|█████████████▍                                     | 182/688 [00:20<00:57,  8.86it/s]
Evaluate:  27%|█████████████▋                                     | 184/688 [00:20<00:51,  9.86it/s]
Evaluate:  27%|█████████████▊                                     | 186/688 [00:20<00:47, 10.54it/s]
Evaluate:  27%|█████████████▉                                     | 188/688 [00:21<00:50,  9.88it/s]
Evaluate:  28%|██████████████                                     | 190/688 [00:21<00:47, 10.49it/s]
Evaluate:  28%|██████████████▏                                    | 192/688 [00:21<00:51,  9.56it/s]
Evaluate:  28%|██████████████▍                                    | 194/688 [00:21<00:48, 10.23it/s]
Evaluate:  28%|██████████████▌                                    | 196/688 [00:21<00:48, 10.05it/s]
Evaluate:  29%|██████████████▋                                    | 198/688 [00:22<00:49,  9.94it/s]
Evaluate:  29%|██████████████▊                                    | 200/688 [00:22<00:51,  9.55it/s]
Evaluate:  29%|██████████████▉                                    | 201/688 [00:22<00:50,  9.56it/s]
Evaluate:  30%|███████████████                                    | 203/688 [00:22<00:50,  9.61it/s]
Evaluate:  30%|███████████████▏                                   | 205/688 [00:22<00:51,  9.32it/s]
Evaluate:  30%|███████████████▎                                   | 206/688 [00:23<00:51,  9.37it/s]
Evaluate:  30%|███████████████▍                                   | 208/688 [00:23<00:47, 10.17it/s]
Evaluate:  31%|███████████████▌                                   | 210/688 [00:23<00:47, 10.00it/s]
Evaluate:  31%|███████████████▋                                   | 212/688 [00:23<00:49,  9.58it/s]
Evaluate:  31%|███████████████▊                                   | 214/688 [00:23<00:47,  9.91it/s]
Evaluate:  31%|███████████████▉                                   | 215/688 [00:23<00:51,  9.17it/s]
Evaluate:  31%|████████████████                                   | 216/688 [00:24<00:55,  8.58it/s]
Evaluate:  32%|████████████████                                   | 217/688 [00:24<00:55,  8.46it/s]
Evaluate:  32%|████████████████▏                                  | 218/688 [00:24<00:53,  8.72it/s]
Evaluate:  32%|████████████████▎                                  | 220/688 [00:24<00:47,  9.86it/s]
Evaluate:  32%|████████████████▍                                  | 221/688 [00:24<00:49,  9.39it/s]
Evaluate:  32%|████████████████▍                                  | 222/688 [00:24<00:51,  9.02it/s]
Evaluate:  32%|████████████████▌                                  | 223/688 [00:24<00:50,  9.17it/s]
Evaluate:  33%|████████████████▋                                  | 225/688 [00:25<00:49,  9.38it/s]
Evaluate:  33%|████████████████▊                                  | 226/688 [00:25<00:51,  9.03it/s]
Evaluate:  33%|████████████████▉                                  | 228/688 [00:25<00:49,  9.28it/s]
Evaluate:  33%|█████████████████                                  | 230/688 [00:25<00:46,  9.76it/s]
Evaluate:  34%|█████████████████▏                                 | 232/688 [00:25<00:45, 10.07it/s]
Evaluate:  34%|█████████████████▎                                 | 234/688 [00:25<00:42, 10.65it/s]
Evaluate:  34%|█████████████████▍                                 | 236/688 [00:26<00:40, 11.07it/s]
Evaluate:  35%|█████████████████▋                                 | 238/688 [00:26<00:41, 10.95it/s]
Evaluate:  35%|█████████████████▊                                 | 240/688 [00:26<00:42, 10.51it/s]
Evaluate:  35%|█████████████████▉                                 | 242/688 [00:26<00:40, 10.95it/s]
Evaluate:  35%|██████████████████                                 | 244/688 [00:26<00:39, 11.27it/s]
Evaluate:  36%|██████████████████▏                                | 246/688 [00:27<00:41, 10.74it/s]
Evaluate:  36%|██████████████████▍                                | 248/688 [00:27<00:40, 10.74it/s]
Evaluate:  36%|██████████████████▌                                | 250/688 [00:27<00:40, 10.94it/s]
Evaluate:  37%|██████████████████▋                                | 252/688 [00:27<00:40, 10.87it/s]
Evaluate:  37%|██████████████████▊                                | 254/688 [00:27<00:41, 10.48it/s]
Evaluate:  37%|██████████████████▉                                | 256/688 [00:27<00:39, 10.91it/s]
Evaluate:  38%|███████████████████▏                               | 258/688 [00:28<00:38, 11.24it/s]
Evaluate:  38%|███████████████████▎                               | 260/688 [00:28<00:37, 11.47it/s]
Evaluate:  38%|███████████████████▍                               | 262/688 [00:28<00:37, 11.24it/s]
Evaluate:  38%|███████████████████▌                               | 264/688 [00:28<00:36, 11.48it/s]
Evaluate:  39%|███████████████████▋                               | 266/688 [00:28<00:40, 10.51it/s]
Evaluate:  39%|███████████████████▊                               | 268/688 [00:29<00:41, 10.23it/s]
Evaluate:  39%|████████████████████                               | 270/688 [00:29<00:40, 10.37it/s]
Evaluate:  40%|████████████████████▏                              | 272/688 [00:29<00:42,  9.84it/s]
Evaluate:  40%|████████████████████▏                              | 273/688 [00:29<00:42,  9.80it/s]
Evaluate:  40%|████████████████████▍                              | 275/688 [00:29<00:39, 10.46it/s]
Evaluate:  40%|████████████████████▌                              | 277/688 [00:29<00:37, 10.94it/s]
Evaluate:  41%|████████████████████▋                              | 279/688 [00:30<00:37, 10.87it/s]
Evaluate:  41%|████████████████████▊                              | 281/688 [00:30<00:37, 10.82it/s]
Evaluate:  41%|████████████████████▉                              | 283/688 [00:30<00:40, 10.10it/s]
Evaluate:  41%|█████████████████████▏                             | 285/688 [00:30<00:41,  9.66it/s]
Evaluate:  42%|█████████████████████▏                             | 286/688 [00:30<00:41,  9.66it/s]
Evaluate:  42%|█████████████████████▎                             | 287/688 [00:30<00:41,  9.65it/s]
Evaluate:  42%|█████████████████████▍                             | 289/688 [00:31<00:42,  9.31it/s]
Evaluate:  42%|█████████████████████▌                             | 291/688 [00:31<00:43,  9.12it/s]
Evaluate:  43%|█████████████████████▋                             | 293/688 [00:31<00:39,  9.93it/s]
Evaluate:  43%|█████████████████████▊                             | 295/688 [00:31<00:38, 10.17it/s]
Evaluate:  43%|██████████████████████                             | 297/688 [00:31<00:37, 10.33it/s]
Evaluate:  43%|██████████████████████▏                            | 299/688 [00:32<00:35, 10.82it/s]
Evaluate:  44%|██████████████████████▎                            | 301/688 [00:32<00:37, 10.45it/s]
Evaluate:  44%|██████████████████████▍                            | 303/688 [00:32<00:36, 10.53it/s]
Evaluate:  44%|██████████████████████▌                            | 305/688 [00:32<00:34, 11.18it/s]
Evaluate:  45%|██████████████████████▊                            | 307/688 [00:32<00:36, 10.52it/s]
Evaluate:  45%|██████████████████████▉                            | 309/688 [00:33<00:37, 10.23it/s]
Evaluate:  45%|███████████████████████                            | 311/688 [00:33<00:38,  9.74it/s]
Evaluate:  45%|███████████████████████▏                           | 312/688 [00:33<00:38,  9.72it/s]
Evaluate:  46%|███████████████████████▎                           | 314/688 [00:33<00:35, 10.40it/s]
Evaluate:  46%|███████████████████████▍                           | 316/688 [00:33<00:32, 11.36it/s]
Evaluate:  46%|███████████████████████▌                           | 318/688 [00:33<00:33, 11.14it/s]
Evaluate:  47%|███████████████████████▋                           | 320/688 [00:34<00:33, 11.01it/s]
Evaluate:  47%|███████████████████████▊                           | 322/688 [00:34<00:33, 10.91it/s]
Evaluate:  47%|████████████████████████                           | 324/688 [00:34<00:33, 10.85it/s]
Evaluate:  47%|████████████████████████▏                          | 326/688 [00:34<00:32, 11.20it/s]
Evaluate:  48%|████████████████████████▎                          | 328/688 [00:34<00:30, 11.69it/s]
Evaluate:  48%|████████████████████████▍                          | 330/688 [00:34<00:31, 11.37it/s]
Evaluate:  48%|████████████████████████▌                          | 332/688 [00:35<00:34, 10.44it/s]
Evaluate:  49%|████████████████████████▊                          | 334/688 [00:35<00:32, 10.89it/s]
Evaluate:  49%|████████████████████████▉                          | 336/688 [00:35<00:30, 11.45it/s]
Evaluate:  49%|█████████████████████████                          | 338/688 [00:35<00:31, 11.22it/s]
Evaluate:  49%|█████████████████████████▏                         | 340/688 [00:35<00:30, 11.29it/s]
Evaluate:  50%|█████████████████████████▎                         | 342/688 [00:36<00:31, 10.96it/s]
Evaluate:  50%|█████████████████████████▌                         | 344/688 [00:36<00:30, 11.28it/s]
Evaluate:  50%|█████████████████████████▋                         | 346/688 [00:36<00:30, 11.06it/s]
Evaluate:  51%|█████████████████████████▊                         | 348/688 [00:36<00:31, 10.96it/s]
Evaluate:  51%|█████████████████████████▉                         | 350/688 [00:36<00:29, 11.27it/s]
Evaluate:  51%|██████████████████████████                         | 352/688 [00:36<00:29, 11.49it/s]
Evaluate:  51%|██████████████████████████▏                        | 354/688 [00:37<00:32, 10.20it/s]
Evaluate:  52%|██████████████████████████▍                        | 356/688 [00:37<00:31, 10.70it/s]
Evaluate:  52%|██████████████████████████▌                        | 358/688 [00:37<00:29, 11.29it/s]
Evaluate:  52%|██████████████████████████▋                        | 360/688 [00:37<00:28, 11.52it/s]
Evaluate:  53%|██████████████████████████▊                        | 362/688 [00:37<00:27, 11.68it/s]
Evaluate:  53%|██████████████████████████▉                        | 364/688 [00:38<00:27, 11.61it/s]
Evaluate:  53%|███████████████████████████▏                       | 366/688 [00:38<00:28, 11.32it/s]
Evaluate:  53%|███████████████████████████▎                       | 368/688 [00:38<00:27, 11.55it/s]
Evaluate:  54%|███████████████████████████▍                       | 370/688 [00:38<00:27, 11.70it/s]
Evaluate:  54%|███████████████████████████▌                       | 372/688 [00:38<00:26, 11.81it/s]
Evaluate:  54%|███████████████████████████▋                       | 374/688 [00:38<00:31, 10.04it/s]
Evaluate:  55%|███████████████████████████▊                       | 376/688 [00:39<00:28, 10.77it/s]
Evaluate:  55%|████████████████████████████                       | 378/688 [00:39<00:30, 10.26it/s]
Evaluate:  55%|████████████████████████████▏                      | 380/688 [00:39<00:28, 10.95it/s]
Evaluate:  56%|████████████████████████████▎                      | 382/688 [00:39<00:27, 11.28it/s]
Evaluate:  56%|████████████████████████████▍                      | 384/688 [00:39<00:26, 11.32it/s]
Evaluate:  56%|████████████████████████████▌                      | 386/688 [00:40<00:26, 11.54it/s]
Evaluate:  56%|████████████████████████████▊                      | 388/688 [00:40<00:26, 11.28it/s]
Evaluate:  57%|████████████████████████████▉                      | 390/688 [00:40<00:27, 10.75it/s]
Evaluate:  57%|█████████████████████████████                      | 392/688 [00:40<00:28, 10.39it/s]
Evaluate:  57%|█████████████████████████████▏                     | 394/688 [00:40<00:29,  9.85it/s]
Evaluate:  58%|█████████████████████████████▎                     | 396/688 [00:40<00:27, 10.43it/s]
Evaluate:  58%|█████████████████████████████▌                     | 398/688 [00:41<00:28, 10.20it/s]
Evaluate:  58%|█████████████████████████████▋                     | 400/688 [00:41<00:27, 10.36it/s]
Evaluate:  58%|█████████████████████████████▊                     | 402/688 [00:41<00:25, 11.03it/s]
Evaluate:  59%|█████████████████████████████▉                     | 404/688 [00:41<00:24, 11.56it/s]
Evaluate:  59%|██████████████████████████████                     | 406/688 [00:41<00:23, 11.96it/s]
Evaluate:  59%|██████████████████████████████▏                    | 408/688 [00:42<00:23, 12.00it/s]
Evaluate:  60%|██████████████████████████████▍                    | 410/688 [00:42<00:23, 12.03it/s]
Evaluate:  60%|██████████████████████████████▌                    | 412/688 [00:42<00:23, 11.61it/s]
Evaluate:  60%|██████████████████████████████▋                    | 414/688 [00:42<00:22, 11.96it/s]
Evaluate:  60%|██████████████████████████████▊                    | 416/688 [00:42<00:23, 11.56it/s]
Evaluate:  61%|██████████████████████████████▉                    | 418/688 [00:42<00:23, 11.52it/s]
Evaluate:  61%|███████████████████████████████▏                   | 420/688 [00:43<00:21, 12.18it/s]
Evaluate:  61%|███████████████████████████████▎                   | 422/688 [00:43<00:23, 11.30it/s]
Evaluate:  62%|███████████████████████████████▍                   | 424/688 [00:43<00:22, 11.53it/s]
Evaluate:  62%|███████████████████████████████▌                   | 426/688 [00:43<00:21, 12.19it/s]
Evaluate:  62%|███████████████████████████████▋                   | 428/688 [00:43<00:21, 12.16it/s]
Evaluate:  62%|███████████████████████████████▉                   | 430/688 [00:43<00:21, 12.13it/s]
Evaluate:  63%|████████████████████████████████                   | 432/688 [00:44<00:21, 12.12it/s]
Evaluate:  63%|████████████████████████████████▏                  | 434/688 [00:44<00:20, 12.38it/s]
Evaluate:  63%|████████████████████████████████▎                  | 436/688 [00:44<00:20, 12.56it/s]
Evaluate:  64%|████████████████████████████████▍                  | 438/688 [00:44<00:20, 11.94it/s]
Evaluate:  64%|████████████████████████████████▌                  | 440/688 [00:44<00:21, 11.37it/s]
Evaluate:  64%|████████████████████████████████▊                  | 442/688 [00:44<00:21, 11.57it/s]
Evaluate:  65%|████████████████████████████████▉                  | 444/688 [00:45<00:22, 10.93it/s]
Evaluate:  65%|█████████████████████████████████                  | 446/688 [00:45<00:21, 11.48it/s]
Evaluate:  65%|█████████████████████████████████▏                 | 448/688 [00:45<00:20, 11.89it/s]
Evaluate:  65%|█████████████████████████████████▎                 | 450/688 [00:45<00:20, 11.76it/s]
Evaluate:  66%|█████████████████████████████████▌                 | 452/688 [00:45<00:19, 11.84it/s]
Evaluate:  66%|█████████████████████████████████▋                 | 454/688 [00:45<00:19, 12.16it/s]
Evaluate:  66%|█████████████████████████████████▊                 | 456/688 [00:46<00:18, 12.40it/s]
Evaluate:  67%|█████████████████████████████████▉                 | 458/688 [00:46<00:20, 11.44it/s]
Evaluate:  67%|██████████████████████████████████                 | 460/688 [00:46<00:21, 10.85it/s]
Evaluate:  67%|██████████████████████████████████▏                | 462/688 [00:46<00:19, 11.42it/s]
Evaluate:  67%|██████████████████████████████████▍                | 464/688 [00:46<00:19, 11.61it/s]
Evaluate:  68%|██████████████████████████████████▌                | 466/688 [00:46<00:18, 11.75it/s]
Evaluate:  68%|██████████████████████████████████▋                | 468/688 [00:47<00:19, 11.42it/s]
Evaluate:  68%|██████████████████████████████████▊                | 470/688 [00:47<00:20, 10.84it/s]
Evaluate:  69%|██████████████████████████████████▉                | 472/688 [00:47<00:19, 10.81it/s]
Evaluate:  69%|███████████████████████████████████▏               | 474/688 [00:47<00:19, 11.17it/s]
Evaluate:  69%|███████████████████████████████████▎               | 476/688 [00:47<00:18, 11.66it/s]
Evaluate:  69%|███████████████████████████████████▍               | 478/688 [00:48<00:17, 11.79it/s]
Evaluate:  70%|███████████████████████████████████▌               | 480/688 [00:48<00:17, 11.87it/s]
Evaluate:  70%|███████████████████████████████████▋               | 482/688 [00:48<00:17, 11.93it/s]
Evaluate:  70%|███████████████████████████████████▉               | 484/688 [00:48<00:18, 10.77it/s]
Evaluate:  71%|████████████████████████████████████               | 486/688 [00:48<00:18, 10.77it/s]
Evaluate:  71%|████████████████████████████████████▏              | 488/688 [00:48<00:17, 11.13it/s]
Evaluate:  71%|████████████████████████████████████▎              | 490/688 [00:49<00:17, 11.22it/s]
Evaluate:  72%|████████████████████████████████████▍              | 492/688 [00:49<00:16, 11.70it/s]
Evaluate:  72%|████████████████████████████████████▌              | 494/688 [00:49<00:16, 11.81it/s]
Evaluate:  72%|████████████████████████████████████▊              | 496/688 [00:49<00:17, 11.06it/s]
Evaluate:  72%|████████████████████████████████████▉              | 498/688 [00:49<00:17, 10.95it/s]
Evaluate:  73%|█████████████████████████████████████              | 500/688 [00:49<00:16, 11.26it/s]
Evaluate:  73%|█████████████████████████████████████▏             | 502/688 [00:50<00:16, 11.09it/s]
Evaluate:  73%|█████████████████████████████████████▎             | 504/688 [00:50<00:15, 11.60it/s]
Evaluate:  74%|█████████████████████████████████████▌             | 506/688 [00:50<00:14, 12.24it/s]
Evaluate:  74%|█████████████████████████████████████▋             | 508/688 [00:50<00:14, 12.45it/s]
Evaluate:  74%|█████████████████████████████████████▊             | 510/688 [00:50<00:14, 12.61it/s]
Evaluate:  74%|█████████████████████████████████████▉             | 512/688 [00:50<00:13, 12.72it/s]
Evaluate:  75%|██████████████████████████████████████             | 514/688 [00:51<00:13, 12.52it/s]
Evaluate:  75%|██████████████████████████████████████▎            | 516/688 [00:51<00:13, 12.65it/s]
Evaluate:  75%|██████████████████████████████████████▍            | 518/688 [00:51<00:13, 12.74it/s]
Evaluate:  76%|██████████████████████████████████████▌            | 520/688 [00:51<00:13, 12.80it/s]
Evaluate:  76%|██████████████████████████████████████▋            | 522/688 [00:51<00:13, 12.36it/s]
Evaluate:  76%|██████████████████████████████████████▊            | 524/688 [00:51<00:12, 12.83it/s]
Evaluate:  76%|██████████████████████████████████████▉            | 526/688 [00:52<00:12, 12.60it/s]
Evaluate:  77%|███████████████████████████████████████▏           | 528/688 [00:52<00:13, 11.96it/s]
Evaluate:  77%|███████████████████████████████████████▎           | 530/688 [00:52<00:13, 11.56it/s]
Evaluate:  77%|███████████████████████████████████████▍           | 532/688 [00:52<00:13, 11.52it/s]
Evaluate:  78%|███████████████████████████████████████▌           | 534/688 [00:52<00:13, 11.68it/s]
Evaluate:  78%|███████████████████████████████████████▋           | 536/688 [00:52<00:12, 11.80it/s]
Evaluate:  78%|███████████████████████████████████████▉           | 538/688 [00:53<00:13, 10.90it/s]
Evaluate:  78%|████████████████████████████████████████           | 540/688 [00:53<00:14, 10.51it/s]
Evaluate:  79%|████████████████████████████████████████▏          | 542/688 [00:53<00:13, 10.57it/s]
Evaluate:  79%|████████████████████████████████████████▎          | 544/688 [00:53<00:13, 10.82it/s]
Evaluate:  79%|████████████████████████████████████████▍          | 546/688 [00:53<00:12, 11.40it/s]
Evaluate:  80%|████████████████████████████████████████▌          | 548/688 [00:54<00:12, 11.60it/s]
Evaluate:  80%|████████████████████████████████████████▊          | 550/688 [00:54<00:12, 10.92it/s]
Evaluate:  80%|████████████████████████████████████████▉          | 552/688 [00:54<00:11, 11.48it/s]
Evaluate:  81%|█████████████████████████████████████████          | 554/688 [00:54<00:12, 10.88it/s]
Evaluate:  81%|█████████████████████████████████████████▏         | 556/688 [00:54<00:11, 11.45it/s]
Evaluate:  81%|█████████████████████████████████████████▎         | 558/688 [00:54<00:11, 10.85it/s]
Evaluate:  81%|█████████████████████████████████████████▌         | 560/688 [00:55<00:12, 10.67it/s]
Evaluate:  82%|█████████████████████████████████████████▋         | 562/688 [00:55<00:11, 11.28it/s]
Evaluate:  82%|█████████████████████████████████████████▊         | 564/688 [00:55<00:10, 11.74it/s]
Evaluate:  82%|█████████████████████████████████████████▉         | 566/688 [00:55<00:10, 12.09it/s]
Evaluate:  83%|██████████████████████████████████████████         | 568/688 [00:55<00:09, 12.36it/s]
Evaluate:  83%|██████████████████████████████████████████▎        | 570/688 [00:55<00:09, 12.28it/s]
Evaluate:  83%|██████████████████████████████████████████▍        | 572/688 [00:56<00:09, 12.49it/s]
Evaluate:  83%|██████████████████████████████████████████▌        | 574/688 [00:56<00:10, 11.09it/s]
Evaluate:  84%|██████████████████████████████████████████▋        | 576/688 [00:56<00:09, 11.60it/s]
Evaluate:  84%|██████████████████████████████████████████▊        | 578/688 [00:56<00:09, 11.74it/s]
Evaluate:  84%|██████████████████████████████████████████▉        | 580/688 [00:56<00:09, 11.85it/s]
Evaluate:  85%|███████████████████████████████████████████▏       | 582/688 [00:56<00:08, 12.18it/s]
Evaluate:  85%|███████████████████████████████████████████▎       | 584/688 [00:57<00:08, 11.71it/s]
Evaluate:  85%|███████████████████████████████████████████▍       | 586/688 [00:57<00:09, 11.02it/s]
Evaluate:  85%|███████████████████████████████████████████▌       | 588/688 [00:57<00:08, 11.55it/s]
Evaluate:  86%|███████████████████████████████████████████▋       | 590/688 [00:57<00:08, 11.29it/s]
Evaluate:  86%|███████████████████████████████████████████▉       | 592/688 [00:57<00:08, 11.53it/s]
Evaluate:  86%|████████████████████████████████████████████       | 594/688 [00:58<00:08, 11.70it/s]
Evaluate:  87%|████████████████████████████████████████████▏      | 596/688 [00:58<00:07, 12.07it/s]
Evaluate:  87%|████████████████████████████████████████████▎      | 598/688 [00:58<00:07, 12.07it/s]
Evaluate:  87%|████████████████████████████████████████████▍      | 600/688 [00:58<00:07, 12.34it/s]
Evaluate:  88%|████████████████████████████████████████████▋      | 602/688 [00:58<00:06, 12.54it/s]
Evaluate:  88%|████████████████████████████████████████████▊      | 604/688 [00:58<00:06, 12.69it/s]
Evaluate:  88%|████████████████████████████████████████████▉      | 606/688 [00:58<00:06, 13.08it/s]
Evaluate:  88%|█████████████████████████████████████████████      | 608/688 [00:59<00:06, 12.77it/s]
Evaluate:  89%|█████████████████████████████████████████████▏     | 610/688 [00:59<00:06, 12.56it/s]
Evaluate:  89%|█████████████████████████████████████████████▎     | 612/688 [00:59<00:06, 12.65it/s]
Evaluate:  89%|█████████████████████████████████████████████▌     | 614/688 [00:59<00:05, 12.38it/s]
Evaluate:  90%|█████████████████████████████████████████████▋     | 616/688 [00:59<00:05, 12.27it/s]
Evaluate:  90%|█████████████████████████████████████████████▊     | 618/688 [00:59<00:05, 12.40it/s]
Evaluate:  90%|█████████████████████████████████████████████▉     | 620/688 [01:00<00:05, 12.56it/s]
Evaluate:  90%|██████████████████████████████████████████████     | 622/688 [01:00<00:05, 11.76it/s]
Evaluate:  91%|██████████████████████████████████████████████▎    | 624/688 [01:00<00:05, 10.67it/s]
Evaluate:  91%|██████████████████████████████████████████████▍    | 626/688 [01:00<00:05, 10.35it/s]
Evaluate:  91%|██████████████████████████████████████████████▌    | 628/688 [01:00<00:05, 11.03it/s]
Evaluate:  92%|██████████████████████████████████████████████▋    | 630/688 [01:01<00:05, 11.33it/s]
Evaluate:  92%|██████████████████████████████████████████████▊    | 632/688 [01:01<00:04, 11.36it/s]
Evaluate:  92%|██████████████████████████████████████████████▉    | 634/688 [01:01<00:05, 10.44it/s]
Evaluate:  92%|███████████████████████████████████████████████▏   | 636/688 [01:01<00:04, 10.89it/s]
Evaluate:  93%|███████████████████████████████████████████████▎   | 638/688 [01:01<00:04, 11.37it/s]
Evaluate:  93%|███████████████████████████████████████████████▍   | 640/688 [01:01<00:04, 11.57it/s]
Evaluate:  93%|███████████████████████████████████████████████▌   | 642/688 [01:02<00:03, 11.70it/s]
Evaluate:  94%|███████████████████████████████████████████████▋   | 644/688 [01:02<00:03, 12.04it/s]
Evaluate:  94%|███████████████████████████████████████████████▉   | 646/688 [01:02<00:03, 12.05it/s]
Evaluate:  94%|████████████████████████████████████████████████   | 648/688 [01:02<00:03, 12.33it/s]
Evaluate:  94%|████████████████████████████████████████████████▏  | 650/688 [01:02<00:03, 12.52it/s]
Evaluate:  95%|████████████████████████████████████████████████▎  | 652/688 [01:02<00:02, 12.60it/s]
Evaluate:  95%|████████████████████████████████████████████████▍  | 654/688 [01:02<00:02, 13.00it/s]
Evaluate:  95%|████████████████████████████████████████████████▋  | 656/688 [01:03<00:02, 12.70it/s]
Evaluate:  96%|████████████████████████████████████████████████▊  | 658/688 [01:03<00:02, 13.09it/s]
Evaluate:  96%|████████████████████████████████████████████████▉  | 660/688 [01:03<00:02, 13.06it/s]
Evaluate:  96%|█████████████████████████████████████████████████  | 662/688 [01:03<00:02, 12.52it/s]
Evaluate:  97%|█████████████████████████████████████████████████▏ | 664/688 [01:03<00:01, 12.95it/s]
Evaluate:  97%|█████████████████████████████████████████████████▎ | 666/688 [01:03<00:01, 12.97it/s]
Evaluate:  97%|█████████████████████████████████████████████████▌ | 668/688 [01:04<00:01, 13.28it/s]
Evaluate:  97%|█████████████████████████████████████████████████▋ | 670/688 [01:04<00:01, 13.20it/s]
Evaluate:  98%|█████████████████████████████████████████████████▊ | 672/688 [01:04<00:01, 13.45it/s]
Evaluate:  98%|█████████████████████████████████████████████████▉ | 674/688 [01:04<00:01, 13.62it/s]
Evaluate:  98%|██████████████████████████████████████████████████ | 676/688 [01:04<00:00, 13.43it/s]
Evaluate:  99%|██████████████████████████████████████████████████▎| 678/688 [01:04<00:00, 13.29it/s]
Evaluate:  99%|██████████████████████████████████████████████████▍| 680/688 [01:05<00:00, 11.76it/s]
Evaluate:  99%|██████████████████████████████████████████████████▌| 682/688 [01:05<00:00, 12.10it/s]
Evaluate:  99%|██████████████████████████████████████████████████▋| 684/688 [01:05<00:00, 12.10it/s]
Evaluate: 100%|██████████████████████████████████████████████████▊| 686/688 [01:05<00:00, 12.63it/s]
Evaluate: 100%|███████████████████████████████████████████████████| 688/688 [01:05<00:00, 13.28it/s]
Evaluate: 100%|███████████████████████████████████████████████████| 688/688 [01:05<00:00, 10.48it/s]
torch.Size([1, 15361])
torch.Size([])
Test set: {'NDCG@10': 1.0, 'Recall@10': 1.0, 'NDCG@50': 1.0, 'Recall@50': 1.0, 'MRR': 1.0, 'AUC': 1.0}
