Test set: {'NDCG@10': 0.037162048230429165, 'Recall@10': 0.06306314623558362, 'NDCG@50': 0.04671989494942932, 'Recall@50': 0.10640694239511095, 'MRR': 0.03222492818423453, 'AUC': 0.8297935495348413}

Epoch: 2. Dev set: {'NDCG@10': 0.057248138050869264, 'Recall@10': 0.0993814623338257, 'NDCG@50': 0.07013879285126573, 'Recall@50': 0.1569977843448894, 'MRR': 0.04814288595713807, 'AUC': 0.8458678902428118}
Save the best model.

Epoch: 5. Dev set: {'NDCG@10': 0.057429442984193696, 'Recall@10': 0.09956610044313147, 'NDCG@50': 0.07116309879897946, 'Recall@50': 0.16155834564254062, 'MRR': 0.04858614296865045, 'AUC': 0.8538350875391741}
Save the best model.

Epoch: 8. Dev set: {'NDCG@10': 0.0580663481834544, 'Recall@10': 0.09965841949778434, 'NDCG@50': 0.07175891822275528, 'Recall@50': 0.1614198670605613, 'MRR': 0.04940104335367657, 'AUC': 0.8545532875434334}
Save the best model.

Epoch: 11. Dev set: {'NDCG@10': 0.06325584299246088, 'Recall@10': 0.10579763663220089, 'NDCG@50': 0.07597564328998394, 'Recall@50': 0.16271233382570163, 'MRR': 0.05404182353940915, 'AUC': 0.8529037478843503}
Save the best model.

Epoch: 14. Dev set: {'NDCG@10': 0.06411703862800115, 'Recall@10': 0.10649926144976384, 'NDCG@50': 0.07791470458587986, 'Recall@50': 0.1683991875945201, 'MRR': 0.05515188539623038, 'AUC': 0.8502917227664057}
Save the best model.

Epoch: 17. Dev set: {'NDCG@10': 0.0638958645758922, 'Recall@10': 0.10552067946824224, 'NDCG@50': 0.07752240447057865, 'Recall@50': 0.16695901033973412, 'MRR': 0.055141052692356106, 'AUC': 0.8485099651700813}

Epoch: 20. Dev set: {'NDCG@10': 0.06490291021709252, 'Recall@10': 0.10699778434268833, 'NDCG@50': 0.07795537899535815, 'Recall@50': 0.16534342688330872, 'MRR': 0.05590992623650921, 'AUC': 0.8448303451918429}
Save the best model.

Epoch: 23. Dev set: {'NDCG@10': 0.06461525827844351, 'Recall@10': 0.1063977104874446, 'NDCG@50': 0.07793992120797362, 'Recall@50': 0.16608197932053176, 'MRR': 0.055768473578783, 'AUC': 0.841024020177751}

Epoch: 26. Dev set: {'NDCG@10': 0.0646851310847627, 'Recall@10': 0.10524372230428361, 'NDCG@50': 0.07755183917160753, 'Recall@50': 0.1632662481536189, 'MRR': 0.05603048229160637, 'AUC': 0.83460267854406}

Epoch: 29. Dev set: {'NDCG@10': 0.06340512957566995, 'Recall@10': 0.10312038404726735, 'NDCG@50': 0.07632596308414988, 'Recall@50': 0.1609582717872969, 'MRR': 0.05505276878051937, 'AUC': 0.8363020293293535}

Epoch: 32. Dev set: {'NDCG@10': 0.06300073499038837, 'Recall@10': 0.10118168389955687, 'NDCG@50': 0.07625378028763406, 'Recall@50': 0.160865952732644, 'MRR': 0.05511284372095867, 'AUC': 0.8329341680559837}

Epoch: 35. Dev set: {'NDCG@10': 0.06212743572434039, 'Recall@10': 0.1012278434268833, 'NDCG@50': 0.07455960708564392, 'Recall@50': 0.15694239290989662, 'MRR': 0.053849599491116146, 'AUC': 0.8288843782736949}
Load best model in stage 1.

Epoch: 2. Dev set: {'NDCG@10': 0.06451821442352308, 'Recall@10': 0.1050129246676514, 'NDCG@50': 0.07857498206594406, 'Recall@50': 0.1679745199409158, 'MRR': 0.05629915295276145, 'AUC': 0.8502650006042801}

Epoch: 5. Dev set: {'NDCG@10': 0.06677572108788672, 'Recall@10': 0.10736706056129985, 'NDCG@50': 0.08076880499720573, 'Recall@50': 0.17042097488921715, 'MRR': 0.05847850195295986, 'AUC': 0.8493258501437425}
Save the best model.

Epoch: 8. Dev set: {'NDCG@10': 0.06862230120609175, 'Recall@10': 0.1085672082717873, 'NDCG@50': 0.0823033518808587, 'Recall@50': 0.1700516986706056, 'MRR': 0.06051057462310615, 'AUC': 0.8487801641181794}
Save the best model.

Epoch: 11. Dev set: {'NDCG@10': 0.06595615559894498, 'Recall@10': 0.10510524372230429, 'NDCG@50': 0.08016710459809073, 'Recall@50': 0.16908234859675036, 'MRR': 0.0581985887613478, 'AUC': 0.850898994872982}

Epoch: 14. Dev set: {'NDCG@10': 0.06785729975938973, 'Recall@10': 0.10727474150664697, 'NDCG@50': 0.08182742212867389, 'Recall@50': 0.1698209010339734, 'MRR': 0.06000620224675614, 'AUC': 0.8472328535563133}

Epoch: 17. Dev set: {'NDCG@10': 0.06693966354503457, 'Recall@10': 0.105705317577548, 'NDCG@50': 0.08124219428987257, 'Recall@50': 0.1699132200886263, 'MRR': 0.05935118843011948, 'AUC': 0.8484020264409318}
Test with the best checkpoint.
