Running on GPU 1


+---------------------------------------------------------------------------------------+
| NVIDIA-SMI 535.104.12             Driver Version: 535.104.12   CUDA Version: 12.2     |
|-----------------------------------------+----------------------+----------------------+
| GPU  Name                 Persistence-M | Bus-Id        Disp.A | Volatile Uncorr. ECC |
| Fan  Temp   Perf          Pwr:Usage/Cap |         Memory-Usage | GPU-Util  Compute M. |
|                                         |                      |               MIG M. |
|=========================================+======================+======================|
|   0  Tesla V100-PCIE-32GB           Off | 00000000:3B:00.0 Off |                    0 |
| N/A   25C    P0              23W / 250W |      4MiB / 32768MiB |      0%      Default |
|                                         |                      |                  N/A |
+-----------------------------------------+----------------------+----------------------+
|   1  Tesla V100-PCIE-32GB           Off | 00000000:AF:00.0 Off |                    0 |
| N/A   67C    P0             234W / 250W |  10974MiB / 32768MiB |     92%      Default |
|                                         |                      |                  N/A |
+-----------------------------------------+----------------------+----------------------+
|   2  Tesla V100-PCIE-32GB           Off | 00000000:D8:00.0 Off |                    0 |
| N/A   29C    P0              23W / 250W |      4MiB / 32768MiB |      0%      Default |
|                                         |                      |                  N/A |
+-----------------------------------------+----------------------+----------------------+
                                                                                         
+---------------------------------------------------------------------------------------+
| Processes:                                                                            |
|  GPU   GI   CI        PID   Type   Process name                            GPU Memory |
|        ID   ID                                                             Usage      |
|=======================================================================================|
|    1   N/A  N/A    692560      C   python                                    10970MiB |
+---------------------------------------------------------------------------------------+


╒═════════════════════════════════════════════════════════════════════════════╕
│ NVITOP 1.3.1      Driver Version: 535.104.12      CUDA Driver Version: 12.2 │
├───────────────────────────────┬──────────────────────┬──────────────────────┤
│ GPU  Name        Persistence-M│ Bus-Id        Disp.A │ Volatile Uncorr. ECC │
│ Fan  Temp  Perf  Pwr:Usage/Cap│         Memory-Usage │ GPU-Util  Compute M. │
╞═══════════════════════════════╪══════════════════════╪══════════════════════╪════════════════════════════════════════════════════════════════════════════════════════════════════════╕
│   0  ..a V100-PCIE-32GB  Off  │ 00000000:3B:00.0 Off │                    0 │ MEM: ▏ 0.0%                                                                                            │
│ N/A   25C    P0    23W / 250W │   4.00MiB / 32.00GiB │      0%      Default │ UTL: ▏ 0%                                                                                              │
├───────────────────────────────┼──────────────────────┼──────────────────────┼────────────────────────────────────────────────────────────────────────────────────────────────────────┤
│   1  ..a V100-PCIE-32GB  Off  │ 00000000:AF:00.0 Off │                    0 │ MEM: ███████████████▊ 17.0%                                                                            │
│ N/A   65C    P0   232W / 250W │   5558MiB / 32.00GiB │     91%      Default │ UTL: ████████████████████████████████████████████████████████████████████████████████████▋ 91%         │
├───────────────────────────────┼──────────────────────┼──────────────────────┼────────────────────────────────────────────────────────────────────────────────────────────────────────┤
│   2  ..a V100-PCIE-32GB  Off  │ 00000000:D8:00.0 Off │                    0 │ MEM: ▏ 0.0%                                                                                            │
│ N/A   29C    P0    24W / 250W │   4.00MiB / 32.00GiB │      0%      Default │ UTL: ▏ 0%                                                                                              │
╘═══════════════════════════════╧══════════════════════╧══════════════════════╧════════════════════════════════════════════════════════════════════════════════════════════════════════╛
[ CPU: ███▊ 2.8%                                                                                                                 UPTIME: 5.0 days ]  ( Load Average:  1.46  1.17  0.75 )
[ MEM: ████▊ 3.5%                                                                                                                   USED: 7.01GiB ]  [ SWP: ▏ 0.0%                     ]

╒══════════════════════════════════════════════════════════════════════════════════════════════════════════════════════════════════════════════════════════════════════════════════════╕
│ Processes:                                                                                                                                                               admin@lablinux │
│ GPU     PID      USER  GPU-MEM %SM  %CPU  %MEM  TIME  COMMAND                                                                                                                        │
╞══════════════════════════════════════════════════════════════════════════════════════════════════════════════════════════════════════════════════════════════════════════════════════╡
│   1  693627 C      admin  5554MiB  92  99.7   1.2  1:15  python finetune.py --pretrain_ckpt /home/admin/Elaine/RecFormer/pretrain_ckpt/recformer_seqrec_ckpt.bin --data_path /home/admin/El.. │
╘══════════════════════════════════════════════════════════════════════════════════════════════════════════════════════════════════════════════════════════════════════════════════════╛


[0] Tesla V100-PCIE-32GB | 25°C,   0 % |     4 / 32768 MB |
[1] Tesla V100-PCIE-32GB | 66°C,  91 % |  5558 / 32768 MB | admin(5554M)
[2] Tesla V100-PCIE-32GB | 29°C,   0 % |     4 / 32768 MB |