Running on GPU 0


+---------------------------------------------------------------------------------------+
| NVIDIA-SMI 535.104.12             Driver Version: 535.104.12   CUDA Version: 12.2     |
|-----------------------------------------+----------------------+----------------------+
| GPU  Name                 Persistence-M | Bus-Id        Disp.A | Volatile Uncorr. ECC |
| Fan  Temp   Perf          Pwr:Usage/Cap |         Memory-Usage | GPU-Util  Compute M. |
|                                         |                      |               MIG M. |
|=========================================+======================+======================|
|   0  Tesla V100-PCIE-32GB           Off | 00000000:3B:00.0 Off |                    0 |
| N/A   52C    P0             222W / 250W |   9010MiB / 32768MiB |     91%      Default |
|                                         |                      |                  N/A |
+-----------------------------------------+----------------------+----------------------+
|   1  Tesla V100-PCIE-32GB           Off | 00000000:AF:00.0 Off |                    0 |
| N/A   66C    P0             239W / 250W |   5558MiB / 32768MiB |     94%      Default |
|                                         |                      |                  N/A |
+-----------------------------------------+----------------------+----------------------+
|   2  Tesla V100-PCIE-32GB           Off | 00000000:D8:00.0 Off |                    0 |
| N/A   30C    P0              23W / 250W |      4MiB / 32768MiB |      0%      Default |
|                                         |                      |                  N/A |
+-----------------------------------------+----------------------+----------------------+
                                                                                         
+---------------------------------------------------------------------------------------+
| Processes:                                                                            |
|  GPU   GI   CI        PID   Type   Process name                            GPU Memory |
|        ID   ID                                                             Usage      |
|=======================================================================================|
|    0   N/A  N/A    695433      C   python                                     9006MiB |
|    1   N/A  N/A    693627      C   python                                     5554MiB |
+---------------------------------------------------------------------------------------+


╒═════════════════════════════════════════════════════════════════════════════╕
│ NVITOP 1.3.1      Driver Version: 535.104.12      CUDA Driver Version: 12.2 │
├───────────────────────────────┬──────────────────────┬──────────────────────┤
│ GPU  Name        Persistence-M│ Bus-Id        Disp.A │ Volatile Uncorr. ECC │
│ Fan  Temp  Perf  Pwr:Usage/Cap│         Memory-Usage │ GPU-Util  Compute M. │
╞═══════════════════════════════╪══════════════════════╪══════════════════════╪════════════════════════════════════════════════════════════════════════════════════════════════════════╕
│   0  ..a V100-PCIE-32GB  Off  │ 00000000:3B:00.0 Off │                    0 │ MEM: █████████▋ 10.4%                                                                                  │
│ N/A   38C    P0   121W / 250W │   3404MiB / 32.00GiB │     63%      Default │ UTL: ██████████████████████████████████████████████████████████▋ 63%                                   │
├───────────────────────────────┼──────────────────────┼──────────────────────┼────────────────────────────────────────────────────────────────────────────────────────────────────────┤
│   1  ..a V100-PCIE-32GB  Off  │ 00000000:AF:00.0 Off │                    0 │ MEM: ███████████████▊ 17.0%                                                                            │
│ N/A   66C    P0   213W / 250W │   5558MiB / 32.00GiB │     88%      Default │ UTL: █████████████████████████████████████████████████████████████████████████████████▉ 88%            │
├───────────────────────────────┼──────────────────────┼──────────────────────┼────────────────────────────────────────────────────────────────────────────────────────────────────────┤
│   2  ..a V100-PCIE-32GB  Off  │ 00000000:D8:00.0 Off │                    0 │ MEM: ▏ 0.0%                                                                                            │
│ N/A   30C    P0    24W / 250W │   4.00MiB / 32.00GiB │      0%      Default │ UTL: ▏ 0%                                                                                              │
╘═══════════════════════════════╧══════════════════════╧══════════════════════╧════════════════════════════════════════════════════════════════════════════════════════════════════════╛
[ CPU: ██████▊ 5.0%                                                                                                              UPTIME: 5.0 days ]  ( Load Average:  1.64  1.28  1.06 )
[ MEM: ██████ 4.5%                                                                                                                  USED: 9.42GiB ]  [ SWP: ▏ 0.0%                     ]

╒══════════════════════════════════════════════════════════════════════════════════════════════════════════════════════════════════════════════════════════════════════════════════════╕
│ Processes:                                                                                                                                                               admin@lablinux │
│ GPU     PID      USER  GPU-MEM %SM  %CPU  %MEM   TIME  COMMAND                                                                                                                       │
╞══════════════════════════════════════════════════════════════════════════════════════════════════════════════════════════════════════════════════════════════════════════════════════╡
│   0  695433 C      admin  3310MiB  61 100.1   1.1   0:48  python finetune.py --pretrain_ckpt /home/admin/Elaine/RecFormer/pretrain_ckpt/recformer_seqrec_ckpt.bin --data_path /home/admin/E.. │
├──────────────────────────────────────────────────────────────────────────────────────────────────────────────────────────────────────────────────────────────────────────────────────┤
│   1  693627 C      admin  5554MiB  92 100.1   1.2  14:38  python finetune.py --pretrain_ckpt /home/admin/Elaine/RecFormer/pretrain_ckpt/recformer_seqrec_ckpt.bin --data_path /home/admin/E.. │
╘══════════════════════════════════════════════════════════════════════════════════════════════════════════════════════════════════════════════════════════════════════════════════════╛


[0] Tesla V100-PCIE-32GB | 56°C,  92 % |  9010 / 32768 MB | admin(9006M)
[1] Tesla V100-PCIE-32GB | 65°C,  90 % |  5558 / 32768 MB | admin(5554M)
[2] Tesla V100-PCIE-32GB | 30°C,   0 % |     4 / 32768 MB |