Running on GPU 1


+---------------------------------------------------------------------------------------+
| NVIDIA-SMI 535.104.12             Driver Version: 535.104.12   CUDA Version: 12.2     |
|-----------------------------------------+----------------------+----------------------+
| GPU  Name                 Persistence-M | Bus-Id        Disp.A | Volatile Uncorr. ECC |
| Fan  Temp   Perf          Pwr:Usage/Cap |         Memory-Usage | GPU-Util  Compute M. |
|                                         |                      |               MIG M. |
|=========================================+======================+======================|
|   0  Tesla V100-PCIE-32GB           Off | 00000000:3B:00.0 Off |                    0 |
| N/A   62C    P0             206W / 250W |   6090MiB / 32768MiB |     89%      Default |
|                                         |                      |                  N/A |
+-----------------------------------------+----------------------+----------------------+
|   1  Tesla V100-PCIE-32GB           Off | 00000000:AF:00.0 Off |                    0 |
| N/A   65C    P0             183W / 250W |  13178MiB / 32768MiB |     96%      Default |
|                                         |                      |                  N/A |
+-----------------------------------------+----------------------+----------------------+
|   2  Tesla V100-PCIE-32GB           Off | 00000000:D8:00.0 Off |                    0 |
| N/A   47C    P0             124W / 250W |   6002MiB / 32768MiB |     52%      Default |
|                                         |                      |                  N/A |
+-----------------------------------------+----------------------+----------------------+
                                                                                         
+---------------------------------------------------------------------------------------+
| Processes:                                                                            |
|  GPU   GI   CI        PID   Type   Process name                            GPU Memory |
|        ID   ID                                                             Usage      |
|=======================================================================================|
|    0   N/A  N/A    697465      C   python                                     6086MiB |
|    1   N/A  N/A    697978      C   python                                    13174MiB |
|    2   N/A  N/A    698402      C   python                                     5998MiB |
+---------------------------------------------------------------------------------------+


╒═════════════════════════════════════════════════════════════════════════════╕
│ NVITOP 1.3.1      Driver Version: 535.104.12      CUDA Driver Version: 12.2 │
├───────────────────────────────┬──────────────────────┬──────────────────────┤
│ GPU  Name        Persistence-M│ Bus-Id        Disp.A │ Volatile Uncorr. ECC │
│ Fan  Temp  Perf  Pwr:Usage/Cap│         Memory-Usage │ GPU-Util  Compute M. │
╞═══════════════════════════════╪══════════════════════╪══════════════════════╪════════════════════════════════════════════════════════════════════════════════════════════════════════╕
│   0  ..a V100-PCIE-32GB  Off  │ 00000000:3B:00.0 Off │                    0 │ MEM: █████████████████▎ 18.6%                                                                          │
│ N/A   62C    P0   190W / 250W │   6090MiB / 32.00GiB │     88%      Default │ UTL: █████████████████████████████████████████████████████████████████████████████████▉ 88%            │
├───────────────────────────────┼──────────────────────┼──────────────────────┼────────────────────────────────────────────────────────────────────────────────────────────────────────┤
│   1  ..a V100-PCIE-32GB  Off  │ 00000000:AF:00.0 Off │                    0 │ MEM: █████████████████████████████████████▍ 40.2%                                                      │
│ N/A   65C    P0   209W / 250W │  13178MiB / 32.00GiB │     89%      Default │ UTL: ██████████████████████████████████████████████████████████████████████████████████▊ 89%           │
├───────────────────────────────┼──────────────────────┼──────────────────────┼────────────────────────────────────────────────────────────────────────────────────────────────────────┤
│   2  ..a V100-PCIE-32GB  Off  │ 00000000:D8:00.0 Off │                    0 │ MEM: ███████████████████▊ 21.2%                                                                        │
│ N/A   47C    P0   127W / 250W │   6940MiB / 32.00GiB │     51%      Default │ UTL: ███████████████████████████████████████████████▍ 51%                                              │
╘═══════════════════════════════╧══════════════════════╧══════════════════════╧════════════════════════════════════════════════════════════════════════════════════════════════════════╛
[ CPU: ██████████▌ 7.8%                                                                                                          UPTIME: 5.0 days ]  ( Load Average:  3.09  2.08  1.56 )
[ MEM: ███████▍ 5.5%                                                                                                               USED: 12.01GiB ]  [ SWP: ▏ 0.0%                     ]

╒══════════════════════════════════════════════════════════════════════════════════════════════════════════════════════════════════════════════════════════════════════════════════════╕
│ Processes:                                                                                                                                                               admin@lablinux │
│ GPU     PID      USER  GPU-MEM %SM  %CPU  %MEM  TIME  COMMAND                                                                                                                        │
╞══════════════════════════════════════════════════════════════════════════════════════════════════════════════════════════════════════════════════════════════════════════════════════╡
│   0  697465 C      admin  6086MiB  87  74.6   1.1  7:21  python finetune.py --pretrain_ckpt /home/admin/Elaine/RecFormer/pretrain_ckpt/recformer_seqrec_ckpt.bin --data_path /home/admin/El.. │
├──────────────────────────────────────────────────────────────────────────────────────────────────────────────────────────────────────────────────────────────────────────────────────┤
│   1  697978 C      admin 13174MiB  94  88.6   1.2  4:18  python finetune.py --pretrain_ckpt /home/admin/Elaine/RecFormer/pretrain_ckpt/recformer_seqrec_ckpt.bin --data_path /home/admin/El.. │
├──────────────────────────────────────────────────────────────────────────────────────────────────────────────────────────────────────────────────────────────────────────────────────┤
│   2  698402 C      admin  6896MiB  51   0.0   1.2  1:59  python finetune.py --pretrain_ckpt /home/admin/Elaine/RecFormer/pretrain_ckpt/recformer_seqrec_ckpt.bin --data_path /home/admin/El.. │
╘══════════════════════════════════════════════════════════════════════════════════════════════════════════════════════════════════════════════════════════════════════════════════════╛


[0] Tesla V100-PCIE-32GB | 61°C,  91 % |  6090 / 32768 MB | admin(6086M)
[1] Tesla V100-PCIE-32GB | 66°C,  92 % | 13178 / 32768 MB | admin(13174M)
[2] Tesla V100-PCIE-32GB | 48°C,  51 % |  7968 / 32768 MB | admin(7964M)