(Recformer) admin@lablinux:~/Elaine/RecFormer$ time python zero-shot.py --pretrain_ckpt /home/admin/Elaine/RecFormer/pretrain_ckpt/recformer_seqrec_ckpt.bin --data_path /home/admin/Elaine/RecFormer/finetune_data/dataset/finetune_data/Scientific --num_train_epochs 128 --batch_size 16 --device 1 --fp16 --finetune_negative_sample_size -1 > /home/admin/Elaine/RecFormer/zeroShot/Scientific.log 2>&1
^C^C^C

real    3m3.135s
user    3m2.143s
sys     0m7.222s

Global seed set to 42
The tokenizer class you load from this checkpoint is not the same type as the class this function is called from. It may result in unexpected tokenization. 
The tokenizer class you load from this checkpoint is 'LongformerTokenizer'. 
The class this function is called from is 'RecformerTokenizer'.
Namespace(pretrain_ckpt='/home/admin/Elaine/RecFormer/pretrain_ckpt/recformer_seqrec_ckpt.bin', data_path='/home/admin/Elaine/RecFormer/finetune_data/dataset/finetune_data/Scientific', output_dir='checkpoints', ckpt='best_model.bin', model_name_or_path='allenai/longformer-base-4096', train_file='train.json', dev_file='val.json', test_file='test.json', item2id_file='smap.json', meta_file='meta_data.json', preprocessing_num_workers=8, dataloader_num_workers=0, temp=0.05, num_train_epochs=128, gradient_accumulation_steps=8, finetune_negative_sample_size=-1, metric_ks=[10, 50], batch_size=16, learning_rate=5e-05, weight_decay=0, warmup_steps=100, device=1, fp16=True, fix_word_embedding=False, verbose=3)
[Preprocessor] Use cache: /home/admin/Elaine/RecFormer/finetune_data/dataset/finetune_data/Scientific/preprocess/tokenized_items_Scientific
Successfully load 5327 tokenized items.
[Item Embeddings] Use cache: /home/admin/Elaine/RecFormer/finetune_data/dataset/finetune_data/Scientific/preprocess/tokenized_items_Scientific
Initalize item embeddings from vectors.

Evaluate:   0%|                                                             | 0/690 [00:00<?, ?it/s]/home/admin/anaconda3/envs/Recformer/lib/python3.10/site-packages/transformers/modeling_utils.py:862: FutureWarning: The `device` argument is deprecated and will be removed in v5 of Transformers.
  warnings.warn(

Evaluate:   0%|                                                     | 1/690 [00:00<06:11,  1.86it/s]
Evaluate:   0%|▏                                                    | 2/690 [00:00<04:39,  2.47it/s]
Evaluate:   0%|▏                                                    | 3/690 [00:01<04:09,  2.76it/s]
Evaluate:   1%|▎                                                    | 4/690 [00:01<04:12,  2.72it/s]
Evaluate:   1%|▍                                                    | 5/690 [00:01<03:42,  3.08it/s]
Evaluate:   1%|▍                                                    | 6/690 [00:02<03:54,  2.92it/s]
Evaluate:   1%|▌                                                    | 7/690 [00:02<04:01,  2.83it/s]
Evaluate:   1%|▌                                                    | 8/690 [00:02<03:25,  3.33it/s]
Evaluate:   1%|▋                                                    | 9/690 [00:03<03:40,  3.08it/s]
Evaluate:   1%|▊                                                   | 10/690 [00:03<03:34,  3.17it/s]
Evaluate:   2%|▊                                                   | 11/690 [00:03<03:46,  2.99it/s]
Evaluate:   2%|▉                                                   | 12/690 [00:04<03:55,  2.88it/s]
Evaluate:   2%|▉                                                   | 13/690 [00:04<03:39,  3.09it/s]
Evaluate:   2%|█                                                   | 14/690 [00:04<03:27,  3.25it/s]
Evaluate:   2%|█▏                                                  | 15/690 [00:04<03:20,  3.37it/s]
Evaluate:   2%|█▏                                                  | 16/690 [00:05<03:01,  3.71it/s]
Evaluate:   2%|█▎                                                  | 17/690 [00:05<03:23,  3.31it/s]
Evaluate:   3%|█▎                                                  | 18/690 [00:05<03:37,  3.08it/s]
Evaluate:   3%|█▍                                                  | 19/690 [00:06<03:31,  3.17it/s]
Evaluate:   3%|█▌                                                  | 20/690 [00:06<03:43,  2.99it/s]
Evaluate:   3%|█▌                                                  | 21/690 [00:06<03:22,  3.30it/s]
Evaluate:   3%|█▋                                                  | 22/690 [00:07<03:37,  3.08it/s]
Evaluate:   3%|█▋                                                  | 23/690 [00:07<03:39,  3.04it/s]
Evaluate:   3%|█▊                                                  | 24/690 [00:07<03:40,  3.02it/s]
Evaluate:   4%|█▉                                                  | 25/690 [00:08<03:07,  3.55it/s]
Evaluate:   4%|█▉                                                  | 26/690 [00:08<03:25,  3.23it/s]
Evaluate:   4%|██                                                  | 27/690 [00:08<03:05,  3.58it/s]
Evaluate:   4%|██                                                  | 28/690 [00:08<03:03,  3.61it/s]
Evaluate:   4%|██▏                                                 | 29/690 [00:09<02:49,  3.91it/s]
Evaluate:   4%|██▎                                                 | 30/690 [00:09<03:12,  3.42it/s]
Evaluate:   4%|██▎                                                 | 31/690 [00:09<03:29,  3.15it/s]
Evaluate:   5%|██▍                                                 | 32/690 [00:10<03:36,  3.05it/s]
Evaluate:   5%|██▍                                                 | 33/690 [00:10<03:16,  3.34it/s]
Evaluate:   5%|██▌                                                 | 34/690 [00:10<02:58,  3.68it/s]
Evaluate:   5%|██▋                                                 | 35/690 [00:10<03:02,  3.59it/s]
Evaluate:   5%|██▋                                                 | 36/690 [00:11<03:00,  3.62it/s]
Evaluate:   5%|██▊                                                 | 37/690 [00:11<03:11,  3.40it/s]
Evaluate:   6%|██▊                                                 | 38/690 [00:11<02:50,  3.81it/s]
Evaluate:   6%|██▉                                                 | 39/690 [00:12<03:12,  3.37it/s]
Evaluate:   6%|███                                                 | 40/690 [00:12<02:59,  3.62it/s]
Evaluate:   6%|███                                                 | 41/690 [00:12<03:18,  3.26it/s]
Evaluate:   6%|███▏                                                | 42/690 [00:13<03:32,  3.05it/s]
Evaluate:   6%|███▏                                                | 43/690 [00:13<03:41,  2.92it/s]
Evaluate:   6%|███▎                                                | 44/690 [00:13<03:22,  3.19it/s]
Evaluate:   7%|███▍                                                | 45/690 [00:14<03:21,  3.20it/s]
Evaluate:   7%|███▍                                                | 46/690 [00:14<03:33,  3.01it/s]
Evaluate:   7%|███▌                                                | 47/690 [00:14<03:21,  3.19it/s]
Evaluate:   7%|███▌                                                | 48/690 [00:14<03:12,  3.33it/s]
Evaluate:   7%|███▋                                                | 49/690 [00:15<03:27,  3.09it/s]
Evaluate:   7%|███▊                                                | 50/690 [00:15<03:09,  3.38it/s]
Evaluate:   7%|███▊                                                | 51/690 [00:15<03:08,  3.38it/s]
Evaluate:   8%|███▉                                                | 52/690 [00:16<02:55,  3.63it/s]
Evaluate:   8%|███▉                                                | 53/690 [00:16<02:34,  4.12it/s]
Evaluate:   8%|████                                                | 54/690 [00:16<02:27,  4.31it/s]
Evaluate:   8%|████▏                                               | 55/690 [00:16<02:42,  3.91it/s]
Evaluate:   8%|████▏                                               | 56/690 [00:17<03:04,  3.43it/s]
Evaluate:   8%|████▎                                               | 57/690 [00:17<02:52,  3.66it/s]
Evaluate:   8%|████▎                                               | 58/690 [00:17<03:07,  3.36it/s]
Evaluate:   9%|████▍                                               | 59/690 [00:17<02:50,  3.70it/s]
Evaluate:   9%|████▌                                               | 60/690 [00:18<02:42,  3.87it/s]
Evaluate:   9%|████▌                                               | 61/690 [00:18<03:04,  3.40it/s]
Evaluate:   9%|████▋                                               | 62/690 [00:18<03:04,  3.40it/s]
Evaluate:   9%|████▋                                               | 63/690 [00:19<02:59,  3.48it/s]
Evaluate:   9%|████▊                                               | 64/690 [00:19<03:16,  3.19it/s]
Evaluate:   9%|████▉                                               | 65/690 [00:19<03:15,  3.20it/s]
Evaluate:  10%|████▉                                               | 66/690 [00:19<02:55,  3.56it/s]
Evaluate:  10%|█████                                               | 67/690 [00:20<02:48,  3.69it/s]
Evaluate:  10%|█████                                               | 68/690 [00:20<03:00,  3.44it/s]
Evaluate:  10%|█████▏                                              | 69/690 [00:20<03:01,  3.43it/s]
Evaluate:  10%|█████▎                                              | 70/690 [00:21<02:41,  3.84it/s]
Evaluate:  10%|█████▎                                              | 71/690 [00:21<03:02,  3.39it/s]
Evaluate:  10%|█████▍                                              | 72/690 [00:21<03:17,  3.13it/s]
Evaluate:  11%|█████▌                                              | 73/690 [00:22<03:27,  2.97it/s]
Evaluate:  11%|█████▌                                              | 74/690 [00:22<03:34,  2.87it/s]
Evaluate:  11%|█████▋                                              | 75/690 [00:22<03:15,  3.15it/s]
Evaluate:  11%|█████▋                                              | 76/690 [00:23<03:10,  3.22it/s]
Evaluate:  11%|█████▊                                              | 77/690 [00:23<02:58,  3.43it/s]
Evaluate:  11%|█████▉                                              | 78/690 [00:23<02:42,  3.76it/s]
Evaluate:  11%|█████▉                                              | 79/690 [00:23<02:35,  3.92it/s]
Evaluate:  12%|██████                                              | 80/690 [00:24<02:50,  3.58it/s]
Evaluate:  12%|██████                                              | 81/690 [00:24<03:03,  3.31it/s]
Evaluate:  12%|██████▏                                             | 82/690 [00:24<03:13,  3.15it/s]
Evaluate:  12%|██████▎                                             | 83/690 [00:25<02:52,  3.52it/s]
Evaluate:  12%|██████▎                                             | 84/690 [00:25<02:34,  3.91it/s]
Evaluate:  12%|██████▍                                             | 85/690 [00:25<02:22,  4.25it/s]
Evaluate:  12%|██████▍                                             | 86/690 [00:25<02:28,  4.07it/s]
Evaluate:  13%|██████▌                                             | 87/690 [00:25<02:21,  4.27it/s]
Evaluate:  13%|██████▋                                             | 88/690 [00:26<02:46,  3.61it/s]
Evaluate:  13%|██████▋                                             | 89/690 [00:26<02:33,  3.91it/s]
Evaluate:  13%|██████▊                                             | 90/690 [00:26<02:31,  3.95it/s]
Evaluate:  13%|██████▊                                             | 91/690 [00:27<02:49,  3.53it/s]
Evaluate:  13%|██████▉                                             | 92/690 [00:27<02:47,  3.58it/s]
Evaluate:  13%|███████                                             | 93/690 [00:27<02:49,  3.52it/s]
Evaluate:  14%|███████                                             | 94/690 [00:28<03:05,  3.21it/s]
Evaluate:  14%|███████▏                                            | 95/690 [00:28<02:50,  3.48it/s]
Evaluate:  14%|███████▏                                            | 96/690 [00:28<02:54,  3.40it/s]
Evaluate:  14%|███████▎                                            | 97/690 [00:28<02:45,  3.58it/s]
Evaluate:  14%|███████▍                                            | 98/690 [00:29<02:39,  3.71it/s]
Evaluate:  14%|███████▍                                            | 99/690 [00:29<02:39,  3.71it/s]
Evaluate:  14%|███████▍                                           | 100/690 [00:29<02:35,  3.81it/s]
Evaluate:  15%|███████▍                                           | 101/690 [00:29<02:28,  3.96it/s]
Evaluate:  15%|███████▌                                           | 102/690 [00:30<02:50,  3.45it/s]
Evaluate:  15%|███████▌                                           | 103/690 [00:30<02:58,  3.29it/s]
Evaluate:  15%|███████▋                                           | 104/690 [00:30<02:52,  3.40it/s]
Evaluate:  15%|███████▊                                           | 105/690 [00:31<03:06,  3.14it/s]
Evaluate:  15%|███████▊                                           | 106/690 [00:31<03:04,  3.16it/s]
Evaluate:  16%|███████▉                                           | 107/690 [00:31<03:14,  2.99it/s]
Evaluate:  16%|███████▉                                           | 108/690 [00:32<03:21,  2.88it/s]
Evaluate:  16%|████████                                           | 109/690 [00:32<03:22,  2.87it/s]
Evaluate:  16%|████████▏                                          | 110/690 [00:32<03:01,  3.19it/s]
Evaluate:  16%|████████▏                                          | 111/690 [00:33<02:58,  3.25it/s]
Evaluate:  16%|████████▎                                          | 112/690 [00:33<02:51,  3.37it/s]
Evaluate:  16%|████████▎                                          | 113/690 [00:33<03:04,  3.12it/s]
Evaluate:  17%|████████▍                                          | 114/690 [00:34<03:14,  2.96it/s]
Evaluate:  17%|████████▌                                          | 115/690 [00:34<02:58,  3.23it/s]
Evaluate:  17%|████████▌                                          | 116/690 [00:34<02:51,  3.36it/s]
Evaluate:  17%|████████▋                                          | 117/690 [00:34<02:57,  3.23it/s]
Evaluate:  17%|████████▋                                          | 118/690 [00:35<02:32,  3.75it/s]
Evaluate:  17%|████████▊                                          | 119/690 [00:35<02:44,  3.48it/s]
Evaluate:  17%|████████▊                                          | 120/690 [00:35<02:33,  3.70it/s]
Evaluate:  18%|████████▉                                          | 121/690 [00:36<02:40,  3.54it/s]
Evaluate:  18%|█████████                                          | 122/690 [00:36<02:38,  3.59it/s]
Evaluate:  18%|█████████                                          | 123/690 [00:36<02:47,  3.38it/s]
Evaluate:  18%|█████████▏                                         | 124/690 [00:36<02:43,  3.47it/s]
Evaluate:  18%|█████████▏                                         | 125/690 [00:37<02:29,  3.79it/s]
Evaluate:  18%|█████████▎                                         | 126/690 [00:37<02:15,  4.15it/s]
Evaluate:  18%|█████████▍                                         | 127/690 [00:37<02:13,  4.21it/s]
Evaluate:  19%|█████████▍                                         | 128/690 [00:37<01:57,  4.79it/s]
Evaluate:  19%|█████████▌                                         | 129/690 [00:38<02:25,  3.86it/s]
Evaluate:  19%|█████████▌                                         | 130/690 [00:38<02:27,  3.81it/s]
Evaluate:  19%|█████████▋                                         | 131/690 [00:38<02:21,  3.96it/s]
Evaluate:  19%|█████████▊                                         | 132/690 [00:38<02:13,  4.19it/s]
Evaluate:  19%|█████████▊                                         | 133/690 [00:38<02:00,  4.61it/s]
Evaluate:  19%|█████████▉                                         | 134/690 [00:39<02:27,  3.78it/s]
Evaluate:  20%|█████████▉                                         | 135/690 [00:39<02:27,  3.75it/s]
Evaluate:  20%|██████████                                         | 136/690 [00:39<02:17,  4.02it/s]
Evaluate:  20%|██████████▏                                        | 137/690 [00:40<02:32,  3.64it/s]
Evaluate:  20%|██████████▏                                        | 138/690 [00:40<02:31,  3.65it/s]
Evaluate:  20%|██████████▎                                        | 139/690 [00:40<02:36,  3.51it/s]
Evaluate:  20%|██████████▎                                        | 140/690 [00:41<02:51,  3.20it/s]
Evaluate:  20%|██████████▍                                        | 141/690 [00:41<02:31,  3.64it/s]
Evaluate:  21%|██████████▍                                        | 142/690 [00:41<02:36,  3.50it/s]
Evaluate:  21%|██████████▌                                        | 143/690 [00:41<02:23,  3.82it/s]
Evaluate:  21%|██████████▋                                        | 144/690 [00:41<02:17,  3.96it/s]
Evaluate:  21%|██████████▋                                        | 145/690 [00:42<02:37,  3.45it/s]
Evaluate:  21%|██████████▊                                        | 146/690 [00:42<02:51,  3.17it/s]
Evaluate:  21%|██████████▊                                        | 147/690 [00:43<02:54,  3.11it/s]
Evaluate:  21%|██████████▉                                        | 148/690 [00:43<02:56,  3.07it/s]
Evaluate:  22%|███████████                                        | 149/690 [00:43<02:47,  3.23it/s]
Evaluate:  22%|███████████                                        | 150/690 [00:43<02:36,  3.44it/s]
Evaluate:  22%|███████████▏                                       | 151/690 [00:44<02:50,  3.16it/s]
Evaluate:  22%|███████████▏                                       | 152/690 [00:44<02:32,  3.53it/s]
Evaluate:  22%|███████████▎                                       | 153/690 [00:44<02:40,  3.34it/s]
Evaluate:  22%|███████████▍                                       | 154/690 [00:45<02:31,  3.53it/s]
Evaluate:  22%|███████████▍                                       | 155/690 [00:45<02:23,  3.74it/s]
Evaluate:  23%|███████████▌                                       | 156/690 [00:45<02:13,  4.00it/s]
Evaluate:  23%|███████████▌                                       | 157/690 [00:45<02:06,  4.22it/s]
Evaluate:  23%|███████████▋                                       | 158/690 [00:45<02:04,  4.26it/s]
Evaluate:  23%|███████████▊                                       | 159/690 [00:46<01:53,  4.67it/s]
Evaluate:  23%|███████████▊                                       | 160/690 [00:46<01:52,  4.72it/s]
Evaluate:  23%|███████████▉                                       | 161/690 [00:46<01:54,  4.60it/s]
Evaluate:  23%|███████████▉                                       | 162/690 [00:46<02:20,  3.77it/s]
Evaluate:  24%|████████████                                       | 163/690 [00:47<02:37,  3.35it/s]
Evaluate:  24%|████████████                                       | 164/690 [00:47<02:26,  3.60it/s]
Evaluate:  24%|████████████▏                                      | 165/690 [00:47<02:35,  3.38it/s]
Evaluate:  24%|████████████▎                                      | 166/690 [00:48<02:47,  3.13it/s]
Evaluate:  24%|████████████▎                                      | 167/690 [00:48<02:49,  3.08it/s]
Evaluate:  24%|████████████▍                                      | 168/690 [00:48<02:31,  3.45it/s]
Evaluate:  24%|████████████▍                                      | 169/690 [00:49<02:27,  3.52it/s]
Evaluate:  25%|████████████▌                                      | 170/690 [00:49<02:05,  4.14it/s]
Evaluate:  25%|████████████▋                                      | 171/690 [00:49<02:03,  4.20it/s]
Evaluate:  25%|████████████▋                                      | 172/690 [00:49<02:24,  3.58it/s]
Evaluate:  25%|████████████▊                                      | 173/690 [00:50<02:27,  3.52it/s]
Evaluate:  25%|████████████▊                                      | 174/690 [00:50<02:28,  3.48it/s]
Evaluate:  25%|████████████▉                                      | 175/690 [00:50<02:15,  3.80it/s]
Evaluate:  26%|█████████████                                      | 176/690 [00:50<02:10,  3.95it/s]
Evaluate:  26%|█████████████                                      | 177/690 [00:51<02:28,  3.45it/s]
Evaluate:  26%|█████████████▏                                     | 178/690 [00:51<02:12,  3.85it/s]
Evaluate:  26%|█████████████▏                                     | 179/690 [00:51<02:04,  4.10it/s]
Evaluate:  26%|█████████████▎                                     | 180/690 [00:51<01:58,  4.30it/s]
Evaluate:  26%|█████████████▍                                     | 181/690 [00:52<02:04,  4.10it/s]
Evaluate:  26%|█████████████▍                                     | 182/690 [00:52<02:11,  3.85it/s]
Evaluate:  27%|█████████████▌                                     | 183/690 [00:52<02:29,  3.39it/s]
Evaluate:  27%|█████████████▌                                     | 184/690 [00:53<02:38,  3.20it/s]
Evaluate:  27%|█████████████▋                                     | 185/690 [00:53<02:41,  3.13it/s]
Evaluate:  27%|█████████████▋                                     | 186/690 [00:53<02:29,  3.36it/s]
Evaluate:  27%|█████████████▊                                     | 187/690 [00:53<02:19,  3.61it/s]
Evaluate:  27%|█████████████▉                                     | 188/690 [00:54<02:08,  3.90it/s]
Evaluate:  27%|█████████████▉                                     | 189/690 [00:54<02:10,  3.84it/s]
Evaluate:  28%|██████████████                                     | 190/690 [00:54<02:05,  3.98it/s]
Evaluate:  28%|██████████████                                     | 191/690 [00:54<02:18,  3.61it/s]
Evaluate:  28%|██████████████▏                                    | 192/690 [00:55<02:32,  3.26it/s]
Evaluate:  28%|██████████████▎                                    | 193/690 [00:55<02:21,  3.52it/s]
Evaluate:  28%|██████████████▎                                    | 194/690 [00:55<02:12,  3.74it/s]
Evaluate:  28%|██████████████▍                                    | 195/690 [00:56<02:03,  4.01it/s]
Evaluate:  28%|██████████████▍                                    | 196/690 [00:56<02:22,  3.48it/s]
Evaluate:  29%|██████████████▌                                    | 197/690 [00:56<02:28,  3.31it/s]
Evaluate:  29%|██████████████▋                                    | 198/690 [00:56<02:17,  3.57it/s]
Evaluate:  29%|██████████████▋                                    | 199/690 [00:57<02:28,  3.31it/s]
Evaluate:  29%|██████████████▊                                    | 200/690 [00:57<02:17,  3.56it/s]
Evaluate:  29%|██████████████▊                                    | 201/690 [00:57<02:12,  3.70it/s]
Evaluate:  29%|██████████████▉                                    | 202/690 [00:58<02:02,  3.98it/s]
Evaluate:  29%|███████████████                                    | 203/690 [00:58<01:53,  4.31it/s]
Evaluate:  30%|███████████████                                    | 204/690 [00:58<01:46,  4.57it/s]
Evaluate:  30%|███████████████▏                                   | 205/690 [00:58<01:35,  5.10it/s]
Evaluate:  30%|███████████████▏                                   | 206/690 [00:58<01:55,  4.20it/s]
Evaluate:  30%|███████████████▎                                   | 207/690 [00:59<02:14,  3.58it/s]
Evaluate:  30%|███████████████▎                                   | 208/690 [00:59<02:07,  3.78it/s]
Evaluate:  30%|███████████████▍                                   | 209/690 [00:59<02:20,  3.44it/s]
Evaluate:  30%|███████████████▌                                   | 210/690 [00:59<02:01,  3.94it/s]
Evaluate:  31%|███████████████▌                                   | 211/690 [01:00<02:19,  3.44it/s]
Evaluate:  31%|███████████████▋                                   | 212/690 [01:00<02:31,  3.16it/s]
Evaluate:  31%|███████████████▋                                   | 213/690 [01:00<02:12,  3.60it/s]
Evaluate:  31%|███████████████▊                                   | 214/690 [01:01<01:59,  3.99it/s]
Evaluate:  31%|███████████████▉                                   | 215/690 [01:01<02:16,  3.47it/s]
Evaluate:  31%|███████████████▉                                   | 216/690 [01:01<02:23,  3.31it/s]
Evaluate:  31%|████████████████                                   | 217/690 [01:02<02:18,  3.41it/s]
Evaluate:  32%|████████████████                                   | 218/690 [01:02<02:09,  3.65it/s]
Evaluate:  32%|████████████████▏                                  | 219/690 [01:02<01:56,  4.03it/s]
Evaluate:  32%|████████████████▎                                  | 220/690 [01:02<02:03,  3.82it/s]
Evaluate:  32%|████████████████▎                                  | 221/690 [01:03<02:18,  3.37it/s]
Evaluate:  32%|████████████████▍                                  | 222/690 [01:03<02:11,  3.56it/s]
Evaluate:  32%|████████████████▍                                  | 223/690 [01:03<02:09,  3.60it/s]
Evaluate:  32%|████████████████▌                                  | 224/690 [01:03<01:53,  4.09it/s]
Evaluate:  33%|████████████████▋                                  | 225/690 [01:04<02:02,  3.79it/s]
Evaluate:  33%|████████████████▋                                  | 226/690 [01:04<02:18,  3.36it/s]
Evaluate:  33%|████████████████▊                                  | 227/690 [01:04<02:10,  3.54it/s]
Evaluate:  33%|████████████████▊                                  | 228/690 [01:05<01:59,  3.85it/s]
Evaluate:  33%|████████████████▉                                  | 229/690 [01:05<01:57,  3.92it/s]
Evaluate:  33%|█████████████████                                  | 230/690 [01:05<01:59,  3.85it/s]
Evaluate:  33%|█████████████████                                  | 231/690 [01:05<02:06,  3.64it/s]
Evaluate:  34%|█████████████████▏                                 | 232/690 [01:06<02:05,  3.66it/s]
Evaluate:  34%|█████████████████▏                                 | 233/690 [01:06<02:01,  3.77it/s]
Evaluate:  34%|█████████████████▎                                 | 234/690 [01:06<02:10,  3.49it/s]
Evaluate:  34%|█████████████████▎                                 | 235/690 [01:07<02:22,  3.19it/s]
Evaluate:  34%|█████████████████▍                                 | 236/690 [01:07<02:27,  3.07it/s]
Evaluate:  34%|█████████████████▌                                 | 237/690 [01:07<02:11,  3.45it/s]
Evaluate:  34%|█████████████████▌                                 | 238/690 [01:07<02:05,  3.61it/s]
Evaluate:  35%|█████████████████▋                                 | 239/690 [01:08<02:12,  3.39it/s]
Evaluate:  35%|█████████████████▋                                 | 240/690 [01:08<02:23,  3.13it/s]
Evaluate:  35%|█████████████████▊                                 | 241/690 [01:08<02:16,  3.28it/s]
Evaluate:  35%|█████████████████▉                                 | 242/690 [01:09<02:26,  3.07it/s]
Evaluate:  35%|█████████████████▉                                 | 243/690 [01:09<02:18,  3.23it/s]
Evaluate:  35%|██████████████████                                 | 244/690 [01:09<02:09,  3.44it/s]
Evaluate:  36%|██████████████████                                 | 245/690 [01:09<01:55,  3.85it/s]
Evaluate:  36%|██████████████████▏                                | 246/690 [01:10<01:48,  4.10it/s]
Evaluate:  36%|██████████████████▎                                | 247/690 [01:10<02:05,  3.53it/s]
Evaluate:  36%|██████████████████▎                                | 248/690 [01:10<02:06,  3.48it/s]
Evaluate:  36%|██████████████████▍                                | 249/690 [01:11<02:04,  3.54it/s]
Evaluate:  36%|██████████████████▍                                | 250/690 [01:11<01:54,  3.85it/s]
Evaluate:  36%|██████████████████▌                                | 251/690 [01:11<01:47,  4.10it/s]
Evaluate:  37%|██████████████████▋                                | 252/690 [01:11<01:50,  3.97it/s]
Evaluate:  37%|██████████████████▋                                | 253/690 [01:12<01:52,  3.89it/s]
Evaluate:  37%|██████████████████▊                                | 254/690 [01:12<01:45,  4.13it/s]
Evaluate:  37%|██████████████████▊                                | 255/690 [01:12<01:38,  4.43it/s]
Evaluate:  37%|██████████████████▉                                | 256/690 [01:12<01:38,  4.40it/s]
Evaluate:  37%|██████████████████▉                                | 257/690 [01:12<01:35,  4.52it/s]
Evaluate:  37%|███████████████████                                | 258/690 [01:13<01:38,  4.38it/s]
Evaluate:  38%|███████████████████▏                               | 259/690 [01:13<01:38,  4.37it/s]
Evaluate:  38%|███████████████████▏                               | 260/690 [01:13<01:35,  4.50it/s]
Evaluate:  38%|███████████████████▎                               | 261/690 [01:13<01:36,  4.45it/s]
Evaluate:  38%|███████████████████▎                               | 262/690 [01:14<01:50,  3.88it/s]
Evaluate:  38%|███████████████████▍                               | 263/690 [01:14<02:02,  3.49it/s]
Evaluate:  38%|███████████████████▌                               | 264/690 [01:14<01:51,  3.81it/s]
Evaluate:  38%|███████████████████▌                               | 265/690 [01:14<01:55,  3.67it/s]
Evaluate:  39%|███████████████████▋                               | 266/690 [01:15<01:47,  3.96it/s]
Evaluate:  39%|███████████████████▋                               | 267/690 [01:15<01:35,  4.41it/s]
Evaluate:  39%|███████████████████▊                               | 268/690 [01:15<01:46,  3.97it/s]
Evaluate:  39%|███████████████████▉                               | 269/690 [01:16<01:58,  3.54it/s]
Evaluate:  39%|███████████████████▉                               | 270/690 [01:16<02:02,  3.44it/s]
Evaluate:  39%|████████████████████                               | 271/690 [01:16<01:48,  3.85it/s]
Evaluate:  39%|████████████████████                               | 272/690 [01:16<01:46,  3.91it/s]
Evaluate:  40%|████████████████████▏                              | 273/690 [01:17<02:01,  3.43it/s]
Evaluate:  40%|████████████████████▎                              | 274/690 [01:17<01:58,  3.50it/s]
Evaluate:  40%|████████████████████▎                              | 275/690 [01:17<02:09,  3.20it/s]
Evaluate:  40%|████████████████████▍                              | 276/690 [01:18<02:17,  3.01it/s]
Evaluate:  40%|████████████████████▍                              | 277/690 [01:18<02:22,  2.90it/s]
Evaluate:  40%|████████████████████▌                              | 278/690 [01:18<02:07,  3.22it/s]
Evaluate:  40%|████████████████████▌                              | 279/690 [01:19<02:12,  3.09it/s]
Evaluate:  41%|████████████████████▋                              | 280/690 [01:19<02:19,  2.95it/s]
Evaluate:  41%|████████████████████▊                              | 281/690 [01:19<02:23,  2.85it/s]
Evaluate:  41%|████████████████████▊                              | 282/690 [01:20<02:26,  2.79it/s]
Evaluate:  41%|████████████████████▉                              | 283/690 [01:20<02:15,  3.01it/s]
Evaluate:  41%|████████████████████▉                              | 284/690 [01:20<02:02,  3.32it/s]
Evaluate:  41%|█████████████████████                              | 285/690 [01:20<01:45,  3.84it/s]
Evaluate:  41%|█████████████████████▏                             | 286/690 [01:21<01:49,  3.69it/s]
Evaluate:  42%|█████████████████████▏                             | 287/690 [01:21<01:52,  3.60it/s]
Evaluate:  42%|█████████████████████▎                             | 288/690 [01:21<01:45,  3.79it/s]
Evaluate:  42%|█████████████████████▎                             | 289/690 [01:22<01:51,  3.60it/s]
Evaluate:  42%|█████████████████████▍                             | 290/690 [01:22<01:54,  3.48it/s]
Evaluate:  42%|█████████████████████▌                             | 291/690 [01:22<01:40,  3.98it/s]
Evaluate:  42%|█████████████████████▌                             | 292/690 [01:22<01:45,  3.79it/s]
Evaluate:  42%|█████████████████████▋                             | 293/690 [01:23<01:35,  4.15it/s]
Evaluate:  43%|█████████████████████▋                             | 294/690 [01:23<01:51,  3.55it/s]
Evaluate:  43%|█████████████████████▊                             | 295/690 [01:23<01:45,  3.76it/s]
Evaluate:  43%|█████████████████████▉                             | 296/690 [01:23<01:40,  3.92it/s]
Evaluate:  43%|█████████████████████▉                             | 297/690 [01:24<01:44,  3.74it/s]
Evaluate:  43%|██████████████████████                             | 298/690 [01:24<01:57,  3.34it/s]
Evaluate:  43%|██████████████████████                             | 299/690 [01:24<01:50,  3.53it/s]
Evaluate:  43%|██████████████████████▏                            | 300/690 [01:25<01:49,  3.57it/s]
Evaluate:  44%|██████████████████████▏                            | 301/690 [01:25<01:47,  3.61it/s]
Evaluate:  44%|██████████████████████▎                            | 302/690 [01:25<01:43,  3.74it/s]
Evaluate:  44%|██████████████████████▍                            | 303/690 [01:25<01:43,  3.73it/s]
Evaluate:  44%|██████████████████████▍                            | 304/690 [01:26<01:43,  3.72it/s]
Evaluate:  44%|██████████████████████▌                            | 305/690 [01:26<01:34,  4.09it/s]
Evaluate:  44%|██████████████████████▌                            | 306/690 [01:26<01:41,  3.78it/s]
Evaluate:  44%|██████████████████████▋                            | 307/690 [01:26<01:54,  3.36it/s]
Evaluate:  45%|██████████████████████▊                            | 308/690 [01:27<01:55,  3.32it/s]
Evaluate:  45%|██████████████████████▊                            | 309/690 [01:27<01:46,  3.57it/s]
Evaluate:  45%|██████████████████████▉                            | 310/690 [01:27<01:35,  3.96it/s]
Evaluate:  45%|██████████████████████▉                            | 311/690 [01:27<01:30,  4.18it/s]
Evaluate:  45%|███████████████████████                            | 312/690 [01:28<01:22,  4.60it/s]
Evaluate:  45%|███████████████████████▏                           | 313/690 [01:28<01:20,  4.67it/s]
Evaluate:  46%|███████████████████████▏                           | 314/690 [01:28<01:29,  4.19it/s]
Evaluate:  46%|███████████████████████▎                           | 315/690 [01:28<01:28,  4.24it/s]
Evaluate:  46%|███████████████████████▎                           | 316/690 [01:29<01:36,  3.87it/s]
Evaluate:  46%|███████████████████████▍                           | 317/690 [01:29<01:23,  4.48it/s]
Evaluate:  46%|███████████████████████▌                           | 318/690 [01:29<01:23,  4.44it/s]
Evaluate:  46%|███████████████████████▌                           | 319/690 [01:29<01:31,  4.06it/s]
Evaluate:  46%|███████████████████████▋                           | 320/690 [01:29<01:26,  4.27it/s]
Evaluate:  47%|███████████████████████▋                           | 321/690 [01:30<01:23,  4.42it/s]
Evaluate:  47%|███████████████████████▊                           | 322/690 [01:30<01:23,  4.40it/s]
Evaluate:  47%|███████████████████████▊                           | 323/690 [01:30<01:16,  4.79it/s]
Evaluate:  47%|███████████████████████▉                           | 324/690 [01:30<01:30,  4.05it/s]
Evaluate:  47%|████████████████████████                           | 325/690 [01:31<01:23,  4.36it/s]
Evaluate:  47%|████████████████████████                           | 326/690 [01:31<01:35,  3.83it/s]
Evaluate:  47%|████████████████████████▏                          | 327/690 [01:31<01:31,  3.97it/s]
Evaluate:  48%|████████████████████████▏                          | 328/690 [01:31<01:21,  4.42it/s]
Evaluate:  48%|████████████████████████▎                          | 329/690 [01:32<01:22,  4.40it/s]
Evaluate:  48%|████████████████████████▍                          | 330/690 [01:32<01:26,  4.16it/s]
Evaluate:  48%|████████████████████████▍                          | 331/690 [01:32<01:20,  4.46it/s]
Evaluate:  48%|████████████████████████▌                          | 332/690 [01:32<01:18,  4.56it/s]
Evaluate:  48%|████████████████████████▌                          | 333/690 [01:32<01:14,  4.77it/s]
Evaluate:  48%|████████████████████████▋                          | 334/690 [01:33<01:28,  4.04it/s]
Evaluate:  49%|████████████████████████▊                          | 335/690 [01:33<01:21,  4.36it/s]
Evaluate:  49%|████████████████████████▊                          | 336/690 [01:33<01:21,  4.35it/s]
Evaluate:  49%|████████████████████████▉                          | 337/690 [01:33<01:16,  4.61it/s]
Evaluate:  49%|████████████████████████▉                          | 338/690 [01:34<01:13,  4.80it/s]
Evaluate:  49%|█████████████████████████                          | 339/690 [01:34<01:19,  4.41it/s]
Evaluate:  49%|█████████████████████████▏                         | 340/690 [01:34<01:13,  4.79it/s]
Evaluate:  49%|█████████████████████████▏                         | 341/690 [01:34<01:12,  4.81it/s]
Evaluate:  50%|█████████████████████████▎                         | 342/690 [01:34<01:12,  4.81it/s]
Evaluate:  50%|█████████████████████████▎                         | 343/690 [01:35<01:12,  4.82it/s]
Evaluate:  50%|█████████████████████████▍                         | 344/690 [01:35<01:18,  4.41it/s]
Evaluate:  50%|█████████████████████████▌                         | 345/690 [01:35<01:20,  4.30it/s]
Evaluate:  50%|█████████████████████████▌                         | 346/690 [01:35<01:15,  4.57it/s]
Evaluate:  50%|█████████████████████████▋                         | 347/690 [01:36<01:31,  3.76it/s]
Evaluate:  50%|█████████████████████████▋                         | 348/690 [01:36<01:24,  4.03it/s]
Evaluate:  51%|█████████████████████████▊                         | 349/690 [01:36<01:37,  3.49it/s]
Evaluate:  51%|█████████████████████████▊                         | 350/690 [01:36<01:27,  3.89it/s]
Evaluate:  51%|█████████████████████████▉                         | 351/690 [01:37<01:24,  4.02it/s]
Evaluate:  51%|██████████████████████████                         | 352/690 [01:37<01:19,  4.23it/s]
Evaluate:  51%|██████████████████████████                         | 353/690 [01:37<01:20,  4.18it/s]
Evaluate:  51%|██████████████████████████▏                        | 354/690 [01:37<01:26,  3.91it/s]
Evaluate:  51%|██████████████████████████▏                        | 355/690 [01:38<01:31,  3.67it/s]
Evaluate:  52%|██████████████████████████▎                        | 356/690 [01:38<01:34,  3.52it/s]
Evaluate:  52%|██████████████████████████▍                        | 357/690 [01:38<01:29,  3.74it/s]
Evaluate:  52%|██████████████████████████▍                        | 358/690 [01:39<01:33,  3.56it/s]
Evaluate:  52%|██████████████████████████▌                        | 359/690 [01:39<01:31,  3.60it/s]
Evaluate:  52%|██████████████████████████▌                        | 360/690 [01:39<01:41,  3.26it/s]
Evaluate:  52%|██████████████████████████▋                        | 361/690 [01:39<01:29,  3.69it/s]
Evaluate:  52%|██████████████████████████▊                        | 362/690 [01:40<01:31,  3.59it/s]
Evaluate:  53%|██████████████████████████▊                        | 363/690 [01:40<01:27,  3.72it/s]
Evaluate:  53%|██████████████████████████▉                        | 364/690 [01:40<01:21,  4.00it/s]
Evaluate:  53%|██████████████████████████▉                        | 365/690 [01:40<01:17,  4.21it/s]
Evaluate:  53%|███████████████████████████                        | 366/690 [01:41<01:24,  3.86it/s]
Evaluate:  53%|███████████████████████████▏                       | 367/690 [01:41<01:22,  3.91it/s]
Evaluate:  53%|███████████████████████████▏                       | 368/690 [01:41<01:21,  3.96it/s]
Evaluate:  53%|███████████████████████████▎                       | 369/690 [01:41<01:16,  4.19it/s]
Evaluate:  54%|███████████████████████████▎                       | 370/690 [01:42<01:15,  4.23it/s]
Evaluate:  54%|███████████████████████████▍                       | 371/690 [01:42<01:14,  4.27it/s]
Evaluate:  54%|███████████████████████████▍                       | 372/690 [01:42<01:17,  4.08it/s]
Evaluate:  54%|███████████████████████████▌                       | 373/690 [01:43<01:30,  3.51it/s]
Evaluate:  54%|███████████████████████████▋                       | 374/690 [01:43<01:30,  3.48it/s]
Evaluate:  54%|███████████████████████████▋                       | 375/690 [01:43<01:26,  3.63it/s]
Evaluate:  54%|███████████████████████████▊                       | 376/690 [01:43<01:23,  3.75it/s]
Evaluate:  55%|███████████████████████████▊                       | 377/690 [01:43<01:13,  4.23it/s]
Evaluate:  55%|███████████████████████████▉                       | 378/690 [01:44<01:23,  3.76it/s]
Evaluate:  55%|████████████████████████████                       | 379/690 [01:44<01:15,  4.12it/s]
Evaluate:  55%|████████████████████████████                       | 380/690 [01:44<01:10,  4.42it/s]
Evaluate:  55%|████████████████████████████▏                      | 381/690 [01:45<01:24,  3.66it/s]
Evaluate:  55%|████████████████████████████▏                      | 382/690 [01:45<01:14,  4.15it/s]
Evaluate:  56%|████████████████████████████▎                      | 383/690 [01:45<01:13,  4.21it/s]
Evaluate:  56%|████████████████████████████▍                      | 384/690 [01:45<01:12,  4.25it/s]
Evaluate:  56%|████████████████████████████▍                      | 385/690 [01:45<01:05,  4.66it/s]
Evaluate:  56%|████████████████████████████▌                      | 386/690 [01:46<01:06,  4.57it/s]
Evaluate:  56%|████████████████████████████▌                      | 387/690 [01:46<01:07,  4.50it/s]
Evaluate:  56%|████████████████████████████▋                      | 388/690 [01:46<01:07,  4.45it/s]
Evaluate:  56%|████████████████████████████▊                      | 389/690 [01:46<01:00,  5.01it/s]
Evaluate:  57%|████████████████████████████▊                      | 390/690 [01:46<00:58,  5.10it/s]
Evaluate:  57%|████████████████████████████▉                      | 391/690 [01:47<00:55,  5.34it/s]
Evaluate:  57%|████████████████████████████▉                      | 392/690 [01:47<00:51,  5.76it/s]
Evaluate:  57%|█████████████████████████████                      | 393/690 [01:47<00:52,  5.62it/s]
Evaluate:  57%|█████████████████████████████                      | 394/690 [01:47<00:57,  5.17it/s]
Evaluate:  57%|█████████████████████████████▏                     | 395/690 [01:47<00:58,  5.06it/s]
Evaluate:  57%|█████████████████████████████▎                     | 396/690 [01:48<00:58,  4.99it/s]
Evaluate:  58%|█████████████████████████████▎                     | 397/690 [01:48<01:10,  4.15it/s]
Evaluate:  58%|█████████████████████████████▍                     | 398/690 [01:48<01:10,  4.12it/s]
Evaluate:  58%|█████████████████████████████▍                     | 399/690 [01:48<01:09,  4.19it/s]
Evaluate:  58%|█████████████████████████████▌                     | 400/690 [01:49<01:04,  4.48it/s]
Evaluate:  58%|█████████████████████████████▋                     | 401/690 [01:49<01:01,  4.70it/s]
Evaluate:  58%|█████████████████████████████▋                     | 402/690 [01:49<00:57,  5.04it/s]
Evaluate:  58%|█████████████████████████████▊                     | 403/690 [01:49<01:06,  4.31it/s]
Evaluate:  59%|█████████████████████████████▊                     | 404/690 [01:49<01:06,  4.32it/s]
Evaluate:  59%|█████████████████████████████▉                     | 405/690 [01:50<01:03,  4.46it/s]
Evaluate:  59%|██████████████████████████████                     | 406/690 [01:50<01:02,  4.57it/s]
Evaluate:  59%|██████████████████████████████                     | 407/690 [01:50<00:59,  4.77it/s]
Evaluate:  59%|██████████████████████████████▏                    | 408/690 [01:50<00:53,  5.28it/s]
Evaluate:  59%|██████████████████████████████▏                    | 409/690 [01:50<00:51,  5.43it/s]
Evaluate:  59%|██████████████████████████████▎                    | 410/690 [01:51<00:53,  5.23it/s]
Evaluate:  60%|██████████████████████████████▍                    | 411/690 [01:51<00:56,  4.93it/s]
Evaluate:  60%|██████████████████████████████▍                    | 412/690 [01:51<00:53,  5.21it/s]
Evaluate:  60%|██████████████████████████████▌                    | 413/690 [01:51<00:52,  5.24it/s]
Evaluate:  60%|██████████████████████████████▌                    | 414/690 [01:51<01:08,  4.06it/s]
Evaluate:  60%|██████████████████████████████▋                    | 415/690 [01:52<01:01,  4.50it/s]
Evaluate:  60%|██████████████████████████████▋                    | 416/690 [01:52<00:58,  4.72it/s]
Evaluate:  60%|██████████████████████████████▊                    | 417/690 [01:52<00:54,  5.05it/s]
Evaluate:  61%|██████████████████████████████▉                    | 418/690 [01:52<01:05,  4.18it/s]
Evaluate:  61%|██████████████████████████████▉                    | 419/690 [01:53<01:00,  4.47it/s]
Evaluate:  61%|███████████████████████████████                    | 420/690 [01:53<00:55,  4.85it/s]
Evaluate:  61%|███████████████████████████████                    | 421/690 [01:53<00:55,  4.84it/s]
Evaluate:  61%|███████████████████████████████▏                   | 422/690 [01:53<00:58,  4.58it/s]
Evaluate:  61%|███████████████████████████████▎                   | 423/690 [01:53<00:50,  5.27it/s]
Evaluate:  61%|███████████████████████████████▎                   | 424/690 [01:53<00:46,  5.70it/s]
Evaluate:  62%|███████████████████████████████▍                   | 425/690 [01:54<00:45,  5.79it/s]
Evaluate:  62%|███████████████████████████████▍                   | 426/690 [01:54<00:43,  6.12it/s]
Evaluate:  62%|███████████████████████████████▌                   | 427/690 [01:54<00:57,  4.54it/s]
Evaluate:  62%|███████████████████████████████▋                   | 428/690 [01:54<00:51,  5.07it/s]
Evaluate:  62%|███████████████████████████████▋                   | 429/690 [01:54<00:47,  5.54it/s]
Evaluate:  62%|███████████████████████████████▊                   | 430/690 [01:55<00:53,  4.82it/s]
Evaluate:  62%|███████████████████████████████▊                   | 431/690 [01:55<00:50,  5.13it/s]
Evaluate:  63%|███████████████████████████████▉                   | 432/690 [01:55<01:04,  4.01it/s]
Evaluate:  63%|████████████████████████████████                   | 433/690 [01:55<00:55,  4.60it/s]
Evaluate:  63%|████████████████████████████████                   | 434/690 [01:55<00:49,  5.14it/s]
Evaluate:  63%|████████████████████████████████▏                  | 435/690 [01:56<00:45,  5.59it/s]
Evaluate:  63%|████████████████████████████████▏                  | 436/690 [01:56<00:42,  5.96it/s]
Evaluate:  63%|████████████████████████████████▎                  | 437/690 [01:56<00:40,  6.24it/s]
Evaluate:  63%|████████████████████████████████▎                  | 438/690 [01:56<00:40,  6.17it/s]
Evaluate:  64%|████████████████████████████████▍                  | 439/690 [01:56<00:39,  6.41it/s]
Evaluate:  64%|████████████████████████████████▌                  | 440/690 [01:56<00:38,  6.58it/s]
Evaluate:  64%|████████████████████████████████▌                  | 441/690 [01:56<00:38,  6.40it/s]
Evaluate:  64%|████████████████████████████████▋                  | 442/690 [01:57<00:42,  5.83it/s]
Evaluate:  64%|████████████████████████████████▋                  | 443/690 [01:57<00:49,  4.97it/s]
Evaluate:  64%|████████████████████████████████▊                  | 444/690 [01:57<00:45,  5.45it/s]
Evaluate:  64%|████████████████████████████████▉                  | 445/690 [01:57<00:43,  5.61it/s]
Evaluate:  65%|████████████████████████████████▉                  | 446/690 [01:57<00:45,  5.36it/s]
Evaluate:  65%|█████████████████████████████████                  | 447/690 [01:58<00:43,  5.54it/s]
Evaluate:  65%|█████████████████████████████████                  | 448/690 [01:58<00:44,  5.47it/s]
Evaluate:  65%|█████████████████████████████████▏                 | 449/690 [01:58<00:42,  5.63it/s]
Evaluate:  65%|█████████████████████████████████▎                 | 450/690 [01:58<00:43,  5.53it/s]
Evaluate:  65%|█████████████████████████████████▎                 | 451/690 [01:58<00:43,  5.47it/s]
Evaluate:  66%|█████████████████████████████████▍                 | 452/690 [01:59<00:40,  5.86it/s]
Evaluate:  66%|█████████████████████████████████▍                 | 453/690 [01:59<00:45,  5.17it/s]
Evaluate:  66%|█████████████████████████████████▌                 | 454/690 [01:59<00:46,  5.07it/s]
Evaluate:  66%|█████████████████████████████████▋                 | 455/690 [01:59<00:45,  5.14it/s]
Evaluate:  66%|█████████████████████████████████▋                 | 456/690 [01:59<00:46,  5.05it/s]
Evaluate:  66%|█████████████████████████████████▊                 | 457/690 [02:00<00:54,  4.31it/s]
Evaluate:  66%|█████████████████████████████████▊                 | 458/690 [02:00<00:54,  4.23it/s]
Evaluate:  67%|█████████████████████████████████▉                 | 459/690 [02:00<00:55,  4.18it/s]
Evaluate:  67%|██████████████████████████████████                 | 460/690 [02:00<00:55,  4.15it/s]
Evaluate:  67%|██████████████████████████████████                 | 461/690 [02:01<00:55,  4.12it/s]
Evaluate:  67%|██████████████████████████████████▏                | 462/690 [02:01<01:04,  3.53it/s]
Evaluate:  67%|██████████████████████████████████▏                | 463/690 [02:01<00:54,  4.16it/s]
Evaluate:  67%|██████████████████████████████████▎                | 464/690 [02:01<00:49,  4.58it/s]
Evaluate:  67%|██████████████████████████████████▎                | 465/690 [02:02<00:50,  4.41it/s]
Evaluate:  68%|██████████████████████████████████▍                | 466/690 [02:02<00:52,  4.30it/s]
Evaluate:  68%|██████████████████████████████████▌                | 467/690 [02:02<00:47,  4.71it/s]
Evaluate:  68%|██████████████████████████████████▌                | 468/690 [02:02<00:45,  4.88it/s]
Evaluate:  68%|██████████████████████████████████▋                | 469/690 [02:02<00:44,  5.01it/s]
Evaluate:  68%|██████████████████████████████████▋                | 470/690 [02:03<00:41,  5.28it/s]
Evaluate:  68%|██████████████████████████████████▊                | 471/690 [02:03<00:38,  5.71it/s]
Evaluate:  68%|██████████████████████████████████▉                | 472/690 [02:03<00:39,  5.59it/s]
Evaluate:  69%|██████████████████████████████████▉                | 473/690 [02:03<00:42,  5.15it/s]
Evaluate:  69%|███████████████████████████████████                | 474/690 [02:03<00:41,  5.20it/s]
Evaluate:  69%|███████████████████████████████████                | 475/690 [02:03<00:38,  5.65it/s]
Evaluate:  69%|███████████████████████████████████▏               | 476/690 [02:04<00:39,  5.37it/s]
Evaluate:  69%|███████████████████████████████████▎               | 477/690 [02:04<00:42,  5.02it/s]
Evaluate:  69%|███████████████████████████████████▎               | 478/690 [02:04<00:41,  5.11it/s]
Evaluate:  69%|███████████████████████████████████▍               | 479/690 [02:04<00:40,  5.18it/s]
Evaluate:  70%|███████████████████████████████████▍               | 480/690 [02:04<00:38,  5.41it/s]
Evaluate:  70%|███████████████████████████████████▌               | 481/690 [02:05<00:41,  5.04it/s]
Evaluate:  70%|███████████████████████████████████▋               | 482/690 [02:05<00:40,  5.13it/s]
Evaluate:  70%|███████████████████████████████████▋               | 483/690 [02:05<00:39,  5.19it/s]
Evaluate:  70%|███████████████████████████████████▊               | 484/690 [02:05<00:40,  5.08it/s]
Evaluate:  70%|███████████████████████████████████▊               | 485/690 [02:05<00:38,  5.33it/s]
Evaluate:  70%|███████████████████████████████████▉               | 486/690 [02:06<00:38,  5.33it/s]
Evaluate:  71%|███████████████████████████████████▉               | 487/690 [02:06<00:45,  4.45it/s]
Evaluate:  71%|████████████████████████████████████               | 488/690 [02:06<00:52,  3.88it/s]
Evaluate:  71%|████████████████████████████████████▏              | 489/690 [02:06<00:51,  3.93it/s]
Evaluate:  71%|████████████████████████████████████▏              | 490/690 [02:07<00:51,  3.86it/s]
Evaluate:  71%|████████████████████████████████████▎              | 491/690 [02:07<00:49,  3.99it/s]
Evaluate:  71%|████████████████████████████████████▎              | 492/690 [02:07<00:52,  3.79it/s]
Evaluate:  71%|████████████████████████████████████▍              | 493/690 [02:07<00:46,  4.27it/s]
Evaluate:  72%|████████████████████████████████████▌              | 494/690 [02:08<00:44,  4.42it/s]
Evaluate:  72%|████████████████████████████████████▌              | 495/690 [02:08<00:51,  3.78it/s]
Evaluate:  72%|████████████████████████████████████▋              | 496/690 [02:08<00:45,  4.26it/s]
Evaluate:  72%|████████████████████████████████████▋              | 497/690 [02:08<00:42,  4.53it/s]
Evaluate:  72%|████████████████████████████████████▊              | 498/690 [02:09<00:45,  4.24it/s]
Evaluate:  72%|████████████████████████████████████▉              | 499/690 [02:09<00:42,  4.52it/s]
Evaluate:  72%|████████████████████████████████████▉              | 500/690 [02:09<00:37,  5.06it/s]
Evaluate:  73%|█████████████████████████████████████              | 501/690 [02:09<00:35,  5.32it/s]
Evaluate:  73%|█████████████████████████████████████              | 502/690 [02:09<00:37,  4.99it/s]
Evaluate:  73%|█████████████████████████████████████▏             | 503/690 [02:10<00:35,  5.26it/s]
Evaluate:  73%|█████████████████████████████████████▎             | 504/690 [02:10<00:36,  5.12it/s]
Evaluate:  73%|█████████████████████████████████████▎             | 505/690 [02:10<00:38,  4.86it/s]
Evaluate:  73%|█████████████████████████████████████▍             | 506/690 [02:10<00:47,  3.89it/s]
Evaluate:  73%|█████████████████████████████████████▍             | 507/690 [02:11<00:43,  4.24it/s]
Evaluate:  74%|█████████████████████████████████████▌             | 508/690 [02:11<00:37,  4.81it/s]
Evaluate:  74%|█████████████████████████████████████▌             | 509/690 [02:11<00:38,  4.66it/s]
Evaluate:  74%|█████████████████████████████████████▋             | 510/690 [02:11<00:40,  4.47it/s]
Evaluate:  74%|█████████████████████████████████████▊             | 511/690 [02:11<00:44,  4.00it/s]
Evaluate:  74%|█████████████████████████████████████▊             | 512/690 [02:12<00:39,  4.45it/s]
Evaluate:  74%|█████████████████████████████████████▉             | 513/690 [02:12<00:36,  4.84it/s]
Evaluate:  74%|█████████████████████████████████████▉             | 514/690 [02:12<00:36,  4.83it/s]
Evaluate:  75%|██████████████████████████████████████             | 515/690 [02:12<00:35,  4.97it/s]
Evaluate:  75%|██████████████████████████████████████▏            | 516/690 [02:12<00:34,  5.08it/s]
Evaluate:  75%|██████████████████████████████████████▏            | 517/690 [02:13<00:33,  5.15it/s]
Evaluate:  75%|██████████████████████████████████████▎            | 518/690 [02:13<00:33,  5.21it/s]
Evaluate:  75%|██████████████████████████████████████▎            | 519/690 [02:13<00:32,  5.24it/s]
Evaluate:  75%|██████████████████████████████████████▍            | 520/690 [02:13<00:32,  5.27it/s]
Evaluate:  76%|██████████████████████████████████████▌            | 521/690 [02:13<00:31,  5.29it/s]
Evaluate:  76%|██████████████████████████████████████▌            | 522/690 [02:13<00:32,  5.14it/s]
Evaluate:  76%|██████████████████████████████████████▋            | 523/690 [02:14<00:35,  4.76it/s]
Evaluate:  76%|██████████████████████████████████████▋            | 524/690 [02:14<00:31,  5.27it/s]
Evaluate:  76%|██████████████████████████████████████▊            | 525/690 [02:14<00:32,  5.13it/s]
Evaluate:  76%|██████████████████████████████████████▉            | 526/690 [02:14<00:29,  5.59it/s]
Evaluate:  76%|██████████████████████████████████████▉            | 527/690 [02:14<00:29,  5.51it/s]
Evaluate:  77%|███████████████████████████████████████            | 528/690 [02:15<00:28,  5.65it/s]
Evaluate:  77%|███████████████████████████████████████            | 529/690 [02:15<00:31,  5.06it/s]
Evaluate:  77%|███████████████████████████████████████▏           | 530/690 [02:15<00:33,  4.82it/s]
Evaluate:  77%|███████████████████████████████████████▏           | 531/690 [02:15<00:37,  4.28it/s]
Evaluate:  77%|███████████████████████████████████████▎           | 532/690 [02:16<00:40,  3.90it/s]
Evaluate:  77%|███████████████████████████████████████▍           | 533/690 [02:16<00:40,  3.84it/s]
Evaluate:  77%|███████████████████████████████████████▍           | 534/690 [02:16<00:42,  3.69it/s]
Evaluate:  78%|███████████████████████████████████████▌           | 535/690 [02:17<00:43,  3.54it/s]
Evaluate:  78%|███████████████████████████████████████▌           | 536/690 [02:17<00:40,  3.84it/s]
Evaluate:  78%|███████████████████████████████████████▋           | 537/690 [02:17<00:42,  3.63it/s]
Evaluate:  78%|███████████████████████████████████████▊           | 538/690 [02:17<00:36,  4.13it/s]
Evaluate:  78%|███████████████████████████████████████▊           | 539/690 [02:18<00:38,  3.87it/s]
Evaluate:  78%|███████████████████████████████████████▉           | 540/690 [02:18<00:41,  3.65it/s]
Evaluate:  78%|███████████████████████████████████████▉           | 541/690 [02:18<00:45,  3.28it/s]
Evaluate:  79%|████████████████████████████████████████           | 542/690 [02:18<00:38,  3.81it/s]
Evaluate:  79%|████████████████████████████████████████▏          | 543/690 [02:19<00:36,  4.06it/s]
Evaluate:  79%|████████████████████████████████████████▏          | 544/690 [02:19<00:38,  3.83it/s]
Evaluate:  79%|████████████████████████████████████████▎          | 545/690 [02:19<00:39,  3.69it/s]
Evaluate:  79%|████████████████████████████████████████▎          | 546/690 [02:19<00:36,  3.97it/s]
Evaluate:  79%|████████████████████████████████████████▍          | 547/690 [02:20<00:35,  4.08it/s]
Evaluate:  79%|████████████████████████████████████████▌          | 548/690 [02:20<00:34,  4.07it/s]
Evaluate:  80%|████████████████████████████████████████▌          | 549/690 [02:20<00:32,  4.39it/s]
Evaluate:  80%|████████████████████████████████████████▋          | 550/690 [02:20<00:29,  4.78it/s]
Evaluate:  80%|████████████████████████████████████████▋          | 551/690 [02:20<00:29,  4.79it/s]
Evaluate:  80%|████████████████████████████████████████▊          | 552/690 [02:21<00:27,  4.94it/s]
Evaluate:  80%|████████████████████████████████████████▊          | 553/690 [02:21<00:29,  4.64it/s]
Evaluate:  80%|████████████████████████████████████████▉          | 554/690 [02:21<00:27,  4.99it/s]
Evaluate:  80%|█████████████████████████████████████████          | 555/690 [02:21<00:29,  4.52it/s]
Evaluate:  81%|█████████████████████████████████████████          | 556/690 [02:22<00:29,  4.47it/s]
Evaluate:  81%|█████████████████████████████████████████▏         | 557/690 [02:22<00:35,  3.71it/s]
Evaluate:  81%|█████████████████████████████████████████▏         | 558/690 [02:22<00:33,  3.99it/s]
Evaluate:  81%|█████████████████████████████████████████▎         | 559/690 [02:22<00:31,  4.21it/s]
Evaluate:  81%|█████████████████████████████████████████▍         | 560/690 [02:23<00:30,  4.25it/s]
Evaluate:  81%|█████████████████████████████████████████▍         | 561/690 [02:23<00:32,  3.95it/s]
Evaluate:  81%|█████████████████████████████████████████▌         | 562/690 [02:23<00:28,  4.55it/s]
Evaluate:  82%|█████████████████████████████████████████▌         | 563/690 [02:23<00:28,  4.49it/s]
Evaluate:  82%|█████████████████████████████████████████▋         | 564/690 [02:23<00:26,  4.71it/s]
Evaluate:  82%|█████████████████████████████████████████▊         | 565/690 [02:24<00:28,  4.36it/s]
Evaluate:  82%|█████████████████████████████████████████▊         | 566/690 [02:24<00:26,  4.61it/s]
Evaluate:  82%|█████████████████████████████████████████▉         | 567/690 [02:24<00:25,  4.80it/s]
Evaluate:  82%|█████████████████████████████████████████▉         | 568/690 [02:24<00:24,  4.95it/s]
Evaluate:  82%|██████████████████████████████████████████         | 569/690 [02:24<00:25,  4.75it/s]
Evaluate:  83%|██████████████████████████████████████████▏        | 570/690 [02:25<00:25,  4.62it/s]
Evaluate:  83%|██████████████████████████████████████████▏        | 571/690 [02:25<00:31,  3.78it/s]
Evaluate:  83%|██████████████████████████████████████████▎        | 572/690 [02:25<00:29,  3.94it/s]
Evaluate:  83%|██████████████████████████████████████████▎        | 573/690 [02:25<00:27,  4.27it/s]
Evaluate:  83%|██████████████████████████████████████████▍        | 574/690 [02:26<00:29,  3.89it/s]
Evaluate:  83%|██████████████████████████████████████████▌        | 575/690 [02:26<00:29,  3.94it/s]
Evaluate:  83%|██████████████████████████████████████████▌        | 576/690 [02:26<00:25,  4.40it/s]
Evaluate:  84%|██████████████████████████████████████████▋        | 577/690 [02:26<00:26,  4.29it/s]
Evaluate:  84%|██████████████████████████████████████████▋        | 578/690 [02:27<00:25,  4.44it/s]
Evaluate:  84%|██████████████████████████████████████████▊        | 579/690 [02:27<00:23,  4.68it/s]
Evaluate:  84%|██████████████████████████████████████████▊        | 580/690 [02:27<00:26,  4.20it/s]
Evaluate:  84%|██████████████████████████████████████████▉        | 581/690 [02:27<00:24,  4.48it/s]
Evaluate:  84%|███████████████████████████████████████████        | 582/690 [02:28<00:24,  4.35it/s]
Evaluate:  84%|███████████████████████████████████████████        | 583/690 [02:28<00:23,  4.48it/s]
Evaluate:  85%|███████████████████████████████████████████▏       | 584/690 [02:28<00:25,  4.21it/s]
Evaluate:  85%|███████████████████████████████████████████▏       | 585/690 [02:28<00:23,  4.50it/s]
Evaluate:  85%|███████████████████████████████████████████▎       | 586/690 [02:28<00:22,  4.59it/s]
Evaluate:  85%|███████████████████████████████████████████▍       | 587/690 [02:29<00:27,  3.77it/s]
Evaluate:  85%|███████████████████████████████████████████▍       | 588/690 [02:29<00:25,  4.03it/s]
Evaluate:  85%|███████████████████████████████████████████▌       | 589/690 [02:29<00:25,  3.93it/s]
Evaluate:  86%|███████████████████████████████████████████▌       | 590/690 [02:30<00:24,  4.05it/s]
Evaluate:  86%|███████████████████████████████████████████▋       | 591/690 [02:30<00:24,  4.05it/s]
Evaluate:  86%|███████████████████████████████████████████▊       | 592/690 [02:30<00:23,  4.26it/s]
Evaluate:  86%|███████████████████████████████████████████▊       | 593/690 [02:30<00:23,  4.20it/s]
Evaluate:  86%|███████████████████████████████████████████▉       | 594/690 [02:31<00:26,  3.58it/s]
Evaluate:  86%|███████████████████████████████████████████▉       | 595/690 [02:31<00:22,  4.20it/s]
Evaluate:  86%|████████████████████████████████████████████       | 596/690 [02:31<00:19,  4.77it/s]
Evaluate:  87%|████████████████████████████████████████████▏      | 597/690 [02:31<00:18,  4.93it/s]
Evaluate:  87%|████████████████████████████████████████████▏      | 598/690 [02:31<00:18,  4.90it/s]
Evaluate:  87%|████████████████████████████████████████████▎      | 599/690 [02:32<00:22,  4.02it/s]
Evaluate:  87%|████████████████████████████████████████████▎      | 600/690 [02:32<00:20,  4.34it/s]
Evaluate:  87%|████████████████████████████████████████████▍      | 601/690 [02:32<00:19,  4.60it/s]
Evaluate:  87%|████████████████████████████████████████████▍      | 602/690 [02:32<00:18,  4.67it/s]
Evaluate:  87%|████████████████████████████████████████████▌      | 603/690 [02:32<00:18,  4.71it/s]
Evaluate:  88%|████████████████████████████████████████████▋      | 604/690 [02:33<00:19,  4.50it/s]
Evaluate:  88%|████████████████████████████████████████████▋      | 605/690 [02:33<00:18,  4.71it/s]
Evaluate:  88%|████████████████████████████████████████████▊      | 606/690 [02:33<00:17,  4.75it/s]
Evaluate:  88%|████████████████████████████████████████████▊      | 607/690 [02:33<00:17,  4.62it/s]
Evaluate:  88%|████████████████████████████████████████████▉      | 608/690 [02:34<00:18,  4.54it/s]
Evaluate:  88%|█████████████████████████████████████████████      | 609/690 [02:34<00:18,  4.38it/s]
Evaluate:  88%|█████████████████████████████████████████████      | 610/690 [02:34<00:17,  4.63it/s]
Evaluate:  89%|█████████████████████████████████████████████▏     | 611/690 [02:34<00:16,  4.82it/s]
Evaluate:  89%|█████████████████████████████████████████████▏     | 612/690 [02:34<00:16,  4.83it/s]
Evaluate:  89%|█████████████████████████████████████████████▎     | 613/690 [02:35<00:15,  4.83it/s]
Evaluate:  89%|█████████████████████████████████████████████▍     | 614/690 [02:35<00:15,  4.97it/s]
Evaluate:  89%|█████████████████████████████████████████████▍     | 615/690 [02:35<00:15,  4.77it/s]
Evaluate:  89%|█████████████████████████████████████████████▌     | 616/690 [02:35<00:16,  4.53it/s]
Evaluate:  89%|█████████████████████████████████████████████▌     | 617/690 [02:35<00:17,  4.25it/s]
Evaluate:  90%|█████████████████████████████████████████████▋     | 618/690 [02:36<00:16,  4.41it/s]
Evaluate:  90%|█████████████████████████████████████████████▊     | 619/690 [02:36<00:17,  4.04it/s]
Evaluate:  90%|█████████████████████████████████████████████▊     | 620/690 [02:36<00:16,  4.36it/s]
Evaluate:  90%|█████████████████████████████████████████████▉     | 621/690 [02:36<00:17,  4.01it/s]
Evaluate:  90%|█████████████████████████████████████████████▉     | 622/690 [02:37<00:19,  3.57it/s]
Evaluate:  90%|██████████████████████████████████████████████     | 623/690 [02:37<00:20,  3.23it/s]
Evaluate:  90%|██████████████████████████████████████████████     | 624/690 [02:38<00:20,  3.23it/s]
Evaluate:  91%|██████████████████████████████████████████████▏    | 625/690 [02:38<00:18,  3.59it/s]
Evaluate:  91%|██████████████████████████████████████████████▎    | 626/690 [02:38<00:15,  4.08it/s]
Evaluate:  91%|██████████████████████████████████████████████▎    | 627/690 [02:38<00:14,  4.28it/s]
Evaluate:  91%|██████████████████████████████████████████████▍    | 628/690 [02:38<00:13,  4.43it/s]
Evaluate:  91%|██████████████████████████████████████████████▍    | 629/690 [02:39<00:13,  4.55it/s]
Evaluate:  91%|██████████████████████████████████████████████▌    | 630/690 [02:39<00:16,  3.75it/s]
Evaluate:  91%|██████████████████████████████████████████████▋    | 631/690 [02:39<00:15,  3.91it/s]
Evaluate:  92%|██████████████████████████████████████████████▋    | 632/690 [02:39<00:13,  4.25it/s]
Evaluate:  92%|██████████████████████████████████████████████▊    | 633/690 [02:40<00:15,  3.60it/s]
Evaluate:  92%|██████████████████████████████████████████████▊    | 634/690 [02:40<00:14,  3.99it/s]
Evaluate:  92%|██████████████████████████████████████████████▉    | 635/690 [02:40<00:15,  3.55it/s]
Evaluate:  92%|███████████████████████████████████████████████    | 636/690 [02:41<00:15,  3.45it/s]
Evaluate:  92%|███████████████████████████████████████████████    | 637/690 [02:41<00:13,  4.07it/s]
Evaluate:  92%|███████████████████████████████████████████████▏   | 638/690 [02:41<00:14,  3.67it/s]
Evaluate:  93%|███████████████████████████████████████████████▏   | 639/690 [02:41<00:12,  4.04it/s]
Evaluate:  93%|███████████████████████████████████████████████▎   | 640/690 [02:41<00:12,  4.05it/s]
Evaluate:  93%|███████████████████████████████████████████████▍   | 641/690 [02:42<00:13,  3.59it/s]
Evaluate:  93%|███████████████████████████████████████████████▍   | 642/690 [02:42<00:14,  3.23it/s]
Evaluate:  93%|███████████████████████████████████████████████▌   | 643/690 [02:42<00:12,  3.66it/s]
Evaluate:  93%|███████████████████████████████████████████████▌   | 644/690 [02:43<00:11,  4.04it/s]
Evaluate:  93%|███████████████████████████████████████████████▋   | 645/690 [02:43<00:11,  3.82it/s]
Evaluate:  94%|███████████████████████████████████████████████▋   | 646/690 [02:43<00:13,  3.38it/s]
Evaluate:  94%|███████████████████████████████████████████████▊   | 647/690 [02:43<00:11,  3.62it/s]
Evaluate:  94%|███████████████████████████████████████████████▉   | 648/690 [02:44<00:11,  3.64it/s]
Evaluate:  94%|███████████████████████████████████████████████▉   | 649/690 [02:44<00:11,  3.56it/s]
Evaluate:  94%|████████████████████████████████████████████████   | 650/690 [02:44<00:11,  3.51it/s]
Evaluate:  94%|████████████████████████████████████████████████   | 651/690 [02:45<00:10,  3.82it/s]
Evaluate:  94%|████████████████████████████████████████████████▏  | 652/690 [02:45<00:10,  3.79it/s]
Evaluate:  95%|████████████████████████████████████████████████▎  | 653/690 [02:45<00:08,  4.15it/s]
Evaluate:  95%|████████████████████████████████████████████████▎  | 654/690 [02:45<00:09,  3.89it/s]
Evaluate:  95%|████████████████████████████████████████████████▍  | 655/690 [02:46<00:09,  3.83it/s]
Evaluate:  95%|████████████████████████████████████████████████▍  | 656/690 [02:46<00:09,  3.69it/s]
Evaluate:  95%|████████████████████████████████████████████████▌  | 657/690 [02:46<00:09,  3.44it/s]
Evaluate:  95%|████████████████████████████████████████████████▋  | 658/690 [02:46<00:08,  3.67it/s]
Evaluate:  96%|████████████████████████████████████████████████▋  | 659/690 [02:47<00:08,  3.85it/s]
Evaluate:  96%|████████████████████████████████████████████████▊  | 660/690 [02:47<00:07,  3.91it/s]
Evaluate:  96%|████████████████████████████████████████████████▊  | 661/690 [02:47<00:06,  4.15it/s]
Evaluate:  96%|████████████████████████████████████████████████▉  | 662/690 [02:47<00:07,  3.55it/s]
Evaluate:  96%|█████████████████████████████████████████████████  | 663/690 [02:48<00:06,  3.95it/s]
Evaluate:  96%|█████████████████████████████████████████████████  | 664/690 [02:48<00:06,  4.28it/s]
Evaluate:  96%|█████████████████████████████████████████████████▏ | 665/690 [02:48<00:05,  4.21it/s]
Evaluate:  97%|█████████████████████████████████████████████████▏ | 666/690 [02:48<00:05,  4.38it/s]
Evaluate:  97%|█████████████████████████████████████████████████▎ | 667/690 [02:48<00:04,  4.78it/s]
Evaluate:  97%|█████████████████████████████████████████████████▎ | 668/690 [02:49<00:04,  4.54it/s]
Evaluate:  97%|█████████████████████████████████████████████████▍ | 669/690 [02:49<00:04,  4.25it/s]
Evaluate:  97%|█████████████████████████████████████████████████▌ | 670/690 [02:49<00:05,  3.88it/s]
Evaluate:  97%|█████████████████████████████████████████████████▌ | 671/690 [02:50<00:05,  3.41it/s]
Evaluate:  97%|█████████████████████████████████████████████████▋ | 672/690 [02:50<00:05,  3.14it/s]
Evaluate:  98%|█████████████████████████████████████████████████▋ | 673/690 [02:50<00:04,  3.43it/s]
Evaluate:  98%|█████████████████████████████████████████████████▊ | 674/690 [02:50<00:04,  3.94it/s]
Evaluate:  98%|█████████████████████████████████████████████████▉ | 675/690 [02:51<00:03,  4.39it/s]
Evaluate:  98%|█████████████████████████████████████████████████▉ | 676/690 [02:51<00:02,  4.78it/s]
Evaluate:  98%|██████████████████████████████████████████████████ | 677/690 [02:51<00:02,  4.80it/s]
Evaluate:  98%|██████████████████████████████████████████████████ | 678/690 [02:51<00:02,  5.11it/s]
Evaluate:  98%|██████████████████████████████████████████████████▏| 679/690 [02:51<00:02,  5.36it/s]
Evaluate:  99%|██████████████████████████████████████████████████▎| 680/690 [02:52<00:02,  4.72it/s]
Evaluate:  99%|██████████████████████████████████████████████████▎| 681/690 [02:52<00:01,  4.60it/s]
Evaluate:  99%|██████████████████████████████████████████████████▍| 682/690 [02:52<00:01,  4.08it/s]
Evaluate:  99%|██████████████████████████████████████████████████▍| 683/690 [02:52<00:01,  4.52it/s]
Evaluate:  99%|██████████████████████████████████████████████████▌| 684/690 [02:52<00:01,  4.73it/s]
Evaluate:  99%|██████████████████████████████████████████████████▋| 685/690 [02:53<00:00,  5.06it/s]
Evaluate:  99%|██████████████████████████████████████████████████▋| 686/690 [02:53<00:00,  5.14it/s]
Evaluate: 100%|██████████████████████████████████████████████████▊| 687/690 [02:53<00:00,  5.59it/s]
Evaluate: 100%|██████████████████████████████████████████████████▊| 688/690 [02:53<00:00,  5.72it/s]
Evaluate: 100%|██████████████████████████████████████████████████▉| 689/690 [02:53<00:00,  5.42it/s]
Evaluate: 100%|███████████████████████████████████████████████████| 690/690 [02:53<00:00,  5.88it/s]
Evaluate: 100%|███████████████████████████████████████████████████| 690/690 [02:53<00:00,  3.97it/s]
Test set: {'NDCG@10': 0.08946288739587517, 'Recall@10': 0.13028381643951803, 'NDCG@50': 0.10550213133160403, 'Recall@50': 0.20384057976197506, 'MRR': 0.08196402230465352, 'AUC': 0.7316382774408313}
